Watching for file changes with StatReloader
Waiting for apps ready_event.
Apps ready_event triggered. Sending autoreload_started signal.
Watching dir C:\Users\nhall\Documents\Systems\CS-Directory\display\templates with glob **/*.
Watching dir C:\Users\nhall\Documents\Systems\CS-Directory\venv\lib\site-packages\crispy_forms\templates with glob **/*.
Watching dir C:\Users\nhall\Documents\Systems\CS-Directory\FacultyDisplay\templates with glob **/*.
Watching dir C:\Users\nhall\Documents\Systems\CS-Directory\locale with glob **/*.mo.
Watching dir C:\Users\nhall\Documents\Systems\CS-Directory\display\locale with glob **/*.mo.
Watching dir C:\Users\nhall\Documents\Systems\CS-Directory\venv\lib\site-packages\crispy_forms\locale with glob **/*.mo.
(0.000) 
            SELECT name, type FROM sqlite_master
            WHERE type in ('table', 'view') AND NOT name='sqlite_sequence'
            ORDER BY name; args=None; alias=default
(0.000) SELECT "django_migrations"."id", "django_migrations"."app", "django_migrations"."name", "django_migrations"."applied" FROM "django_migrations"; args=(); alias=default
File C:\Users\nhall\Documents\Systems\CS-Directory\venv\Lib\site-packages\django\utils\regex_helper.py first seen with mtime 1651675282.2161818
File C:\Users\nhall\Documents\Systems\CS-Directory\venv\Lib\site-packages\django\urls\converters.py first seen with mtime 1651675282.1913242
File C:\Users\nhall\Documents\Systems\CS-Directory\venv\Lib\site-packages\django\db\models\manager.py first seen with mtime 1651675282.0602942
File C:\Users\nhall\Documents\Systems\CS-Directory\venv\Lib\site-packages\sqlparse\exceptions.py first seen with mtime 1651675279.132979
File C:\Users\nhall\Documents\Systems\CS-Directory\venv\Lib\site-packages\django\contrib\messages\constants.py first seen with mtime 1651675281.2611542
File C:\Users\nhall\AppData\Local\Programs\Python\Python310\Lib\email\mime\base.py first seen with mtime 1648092104.0
File C:\Users\nhall\Documents\Systems\CS-Directory\venv\Lib\site-packages\django_auth_ldap\config.py first seen with mtime 1651680113.358236
File C:\Users\nhall\AppData\Local\Programs\Python\Python310\Lib\_collections_abc.py first seen with mtime 1648092104.0
File C:\Users\nhall\AppData\Local\Programs\Python\Python310\Lib\email\errors.py first seen with mtime 1648092104.0
File C:\Users\nhall\Documents\Systems\CS-Directory\venv\Lib\site-packages\sqlparse\filters\__init__.py first seen with mtime 1651675279.1409805
File C:\Users\nhall\AppData\Local\Programs\Python\Python310\Lib\email\contentmanager.py first seen with mtime 1648092104.0
File C:\Users\nhall\AppData\Local\Programs\Python\Python310\Lib\gzip.py first seen with mtime 1648092104.0
File C:\Users\nhall\Documents\Systems\CS-Directory\venv\Lib\site-packages\django\contrib\admin\views\__init__.py first seen with mtime 1651675280.198915
File C:\Users\nhall\Documents\Systems\CS-Directory\venv\Lib\site-packages\django\core\checks\templates.py first seen with mtime 1651675281.9432685
File C:\Users\nhall\AppData\Local\Programs\Python\Python310\Lib\asyncio\staggered.py first seen with mtime 1648092104.0
File C:\Users\nhall\AppData\Local\Programs\Python\Python310\Lib\uu.py first seen with mtime 1648092106.0
File C:\Users\nhall\Documents\Systems\CS-Directory\venv\Lib\site-packages\django\utils\autoreload.py first seen with mtime 1651675282.1963248
File C:\Users\nhall\Documents\Systems\CS-Directory\venv\Lib\site-packages\crispy_forms\__init__.py first seen with mtime 1651675336.345984
File C:\Users\nhall\Documents\Systems\CS-Directory\venv\Lib\site-packages\PIL\__init__.py first seen with mtime 1651675335.5396569
File C:\Users\nhall\Documents\Systems\CS-Directory\venv\Lib\site-packages\django\utils\functional.py first seen with mtime 1651675282.2083278
File C:\Users\nhall\Documents\Systems\CS-Directory\venv\Lib\site-packages\pyasn1\type\namedval.py first seen with mtime 1651676161.1978693
File C:\Users\nhall\Documents\Systems\CS-Directory\venv\Lib\site-packages\django\db\migrations\operations\base.py first seen with mtime 1651675282.0482912
File C:\Users\nhall\AppData\Local\Programs\Python\Python310\Lib\unittest\main.py first seen with mtime 1648092104.0
File C:\Users\nhall\Documents\Systems\CS-Directory\venv\Lib\site-packages\django\db\backends\sqlite3\introspection.py first seen with mtime 1651675282.035288
File C:\Users\nhall\Documents\Systems\CS-Directory\display\__init__.py first seen with mtime 1649963422.8607066
File C:\Users\nhall\AppData\Local\Programs\Python\Python310\Lib\asyncio\exceptions.py first seen with mtime 1648092104.0
File C:\Users\nhall\Documents\Systems\CS-Directory\venv\Lib\site-packages\django\contrib\admin\templatetags\admin_list.py first seen with mtime 1651675280.1959143
File C:\Users\nhall\Documents\Systems\CS-Directory\venv\Lib\site-packages\django\dispatch\dispatcher.py first seen with mtime 1651675282.0843012
File C:\Users\nhall\Documents\Systems\CS-Directory\venv\Lib\site-packages\ldap\filter.py first seen with mtime 1651676162.288427
File C:\Users\nhall\Documents\Systems\CS-Directory\display\views.py first seen with mtime 1652196353.627806
File C:\Users\nhall\Documents\Systems\CS-Directory\venv\Lib\site-packages\django\contrib\auth\management\__init__.py first seen with mtime 1651675280.534991
File C:\Users\nhall\Documents\Systems\CS-Directory\venv\Lib\site-packages\django\views\generic\list.py first seen with mtime 1651675282.2411873
File C:\Users\nhall\Documents\Systems\CS-Directory\venv\Lib\site-packages\django\db\backends\base\features.py first seen with mtime 1651675282.0042815
File C:\Users\nhall\AppData\Local\Programs\Python\Python310\Lib\email\mime\multipart.py first seen with mtime 1648092104.0
File C:\Users\nhall\AppData\Local\Programs\Python\Python310\Lib\unittest\signals.py first seen with mtime 1648092104.0
File C:\Users\nhall\Documents\Systems\CS-Directory\venv\Lib\site-packages\pyasn1\type\char.py first seen with mtime 1651676161.1948695
File C:\Users\nhall\Documents\Systems\CS-Directory\venv\Lib\site-packages\pyasn1\type\base.py first seen with mtime 1651676161.1938686
File C:\Users\nhall\Documents\Systems\CS-Directory\venv\Lib\site-packages\django\db\models\functions\mixins.py first seen with mtime 1651675282.0752978
File C:\Users\nhall\AppData\Local\Programs\Python\Python310\Lib\email\mime\__init__.py first seen with mtime 1648092104.0
File C:\Users\nhall\Documents\Systems\CS-Directory\venv\Lib\site-packages\django\core\files\base.py first seen with mtime 1651675281.950269
File C:\Users\nhall\Documents\Systems\CS-Directory\venv\Lib\site-packages\django\core\__init__.py first seen with mtime 1651675281.9252644
File C:\Users\nhall\Documents\Systems\CS-Directory\venv\Lib\site-packages\django\db\backends\base\__init__.py first seen with mtime 1651675282.0012817
File C:\Users\nhall\Documents\Systems\CS-Directory\venv\Lib\site-packages\django\db\backends\ddl_references.py first seen with mtime 1651675281.9992805
File C:\Users\nhall\AppData\Local\Programs\Python\Python310\Lib\posixpath.py first seen with mtime 1648092104.0
File C:\Users\nhall\AppData\Local\Programs\Python\Python310\Lib\copyreg.py first seen with mtime 1648092104.0
File C:\Users\nhall\Documents\Systems\CS-Directory\venv\Lib\site-packages\django\db\migrations\exceptions.py first seen with mtime 1651675282.0392897
File C:\Users\nhall\Documents\Systems\CS-Directory\venv\Lib\site-packages\django\template\smartif.py first seen with mtime 1651675282.1703196
File C:\Users\nhall\AppData\Local\Programs\Python\Python310\Lib\asyncio\locks.py first seen with mtime 1648092104.0
File C:\Users\nhall\Documents\Systems\CS-Directory\venv\Lib\site-packages\django\core\files\uploadedfile.py first seen with mtime 1651675281.9542696
File C:\Users\nhall\AppData\Local\Programs\Python\Python310\Lib\ipaddress.py first seen with mtime 1648092104.0
File C:\Users\nhall\Documents\Systems\CS-Directory\venv\Lib\site-packages\django\utils\__init__.py first seen with mtime 1651675282.1943245
File C:\Users\nhall\Documents\Systems\CS-Directory\venv\Lib\site-packages\django\core\management\color.py first seen with mtime 1651675281.9692736
File C:\Users\nhall\Documents\Systems\CS-Directory\venv\Lib\site-packages\django\views\decorators\debug.py first seen with mtime 1651675282.2351856
File C:\Users\nhall\Documents\Systems\CS-Directory\venv\Lib\site-packages\django\utils\translation\reloader.py first seen with mtime 1651675282.2241833
File C:\Users\nhall\AppData\Local\Programs\Python\Python310\Lib\socket.py first seen with mtime 1648092104.0
File C:\Users\nhall\Documents\Systems\CS-Directory\venv\Lib\site-packages\django\core\paginator.py first seen with mtime 1651675281.9272647
File C:\Users\nhall\Documents\Systems\CS-Directory\venv\Lib\site-packages\pyasn1\error.py first seen with mtime 1651676161.1768675
File C:\Users\nhall\AppData\Local\Programs\Python\Python310\Lib\asyncio\format_helpers.py first seen with mtime 1648092104.0
File C:\Users\nhall\Documents\Systems\CS-Directory\venv\Lib\site-packages\django\db\models\constraints.py first seen with mtime 1651675282.0552928
File C:\Users\nhall\Documents\Systems\CS-Directory\venv\Lib\site-packages\django\template\backends\__init__.py first seen with mtime 1651675282.1713202
File C:\Users\nhall\AppData\Local\Programs\Python\Python310\Lib\pickle.py first seen with mtime 1648092104.0
File C:\Users\nhall\Documents\Systems\CS-Directory\venv\Lib\site-packages\django\contrib\auth\password_validation.py first seen with mtime 1651675280.3719535
File C:\Users\nhall\Documents\Systems\CS-Directory\venv\Lib\site-packages\django\contrib\admin\filters.py first seen with mtime 1651675279.7538574
File C:\Users\nhall\AppData\Local\Programs\Python\Python310\Lib\asyncio\selector_events.py first seen with mtime 1648092104.0
File C:\Users\nhall\AppData\Local\Programs\Python\Python310\Lib\logging\handlers.py first seen with mtime 1648092104.0
File C:\Users\nhall\AppData\Local\Programs\Python\Python310\Lib\wsgiref\__init__.py first seen with mtime 1648092106.0
File C:\Users\nhall\AppData\Local\Programs\Python\Python310\Lib\numbers.py first seen with mtime 1648092104.0
File C:\Users\nhall\AppData\Local\Programs\Python\Python310\Lib\email\parser.py first seen with mtime 1648092104.0
File C:\Users\nhall\Documents\Systems\CS-Directory\venv\Lib\site-packages\django\db\models\sql\__init__.py first seen with mtime 1651675282.077298
File C:\Users\nhall\AppData\Local\Programs\Python\Python310\Lib\asyncio\futures.py first seen with mtime 1648092104.0
File C:\Users\nhall\Documents\Systems\CS-Directory\venv\Lib\site-packages\django\db\migrations\migration.py first seen with mtime 1651675282.0422897
File C:\Users\nhall\AppData\Local\Programs\Python\Python310\DLLs\_uuid.pyd first seen with mtime 1648092140.0
File C:\Users\nhall\Documents\Systems\CS-Directory\venv\Lib\site-packages\sqlparse\engine\__init__.py first seen with mtime 1651675279.1379793
File C:\Users\nhall\AppData\Local\Programs\Python\Python310\Lib\ntpath.py first seen with mtime 1648092104.0
File C:\Users\nhall\Documents\Systems\CS-Directory\venv\Lib\site-packages\sqlparse\filters\reindent.py first seen with mtime 1651675279.1439803
File C:\Users\nhall\AppData\Local\Programs\Python\Python310\Lib\asyncio\protocols.py first seen with mtime 1648092104.0
File C:\Users\nhall\Documents\Systems\CS-Directory\venv\Lib\site-packages\django\views\generic\dates.py first seen with mtime 1651675282.2391868
File C:\Users\nhall\Documents\Systems\CS-Directory\venv\Lib\site-packages\pyasn1\codec\ber\eoo.py first seen with mtime 1651676161.1798732
File C:\Users\nhall\Documents\Systems\CS-Directory\venv\Lib\site-packages\django\utils\itercompat.py first seen with mtime 1651675282.2121785
File C:\Users\nhall\Documents\Systems\CS-Directory\venv\Lib\site-packages\django\core\files\uploadhandler.py first seen with mtime 1651675281.9552703
File C:\Users\nhall\AppData\Local\Programs\Python\Python310\Lib\http\client.py first seen with mtime 1648092104.0
File C:\Users\nhall\AppData\Local\Programs\Python\Python310\Lib\encodings\__init__.py first seen with mtime 1648092104.0
File C:\Users\nhall\AppData\Local\Programs\Python\Python310\Lib\asyncio\constants.py first seen with mtime 1648092104.0
File C:\Users\nhall\Documents\Systems\CS-Directory\venv\Lib\site-packages\django\urls\utils.py first seen with mtime 1651675282.1933236
File C:\Users\nhall\Documents\Systems\CS-Directory\venv\Lib\site-packages\django\db\models\indexes.py first seen with mtime 1651675282.058295
File C:\Users\nhall\Documents\Systems\CS-Directory\venv\Lib\site-packages\django\views\i18n.py first seen with mtime 1651675282.2301848
File C:\Users\nhall\AppData\Local\Programs\Python\Python310\Lib\email\utils.py first seen with mtime 1648092104.0
File C:\Users\nhall\Documents\Systems\CS-Directory\venv\Lib\site-packages\django\template\defaulttags.py first seen with mtime 1651675282.1653175
File C:\Users\nhall\Documents\Systems\CS-Directory\venv\Lib\site-packages\pyasn1\codec\ber\decoder.py first seen with mtime 1651676161.1788645
File C:\Users\nhall\Documents\Systems\CS-Directory\venv\Lib\site-packages\django\contrib\auth\urls.py first seen with mtime 1651675280.3739543
File C:\Users\nhall\Documents\Systems\CS-Directory\venv\Lib\site-packages\django\core\validators.py first seen with mtime 1651675281.9292648
File C:\Users\nhall\AppData\Local\Programs\Python\Python310\Lib\http\server.py first seen with mtime 1648092104.0
File C:\Users\nhall\AppData\Local\Programs\Python\Python310\Lib\datetime.py first seen with mtime 1648092104.0
File C:\Users\nhall\Documents\Systems\CS-Directory\venv\Lib\site-packages\django\urls\exceptions.py first seen with mtime 1651675282.1923237
File C:\Users\nhall\Documents\Systems\CS-Directory\venv\Lib\site-packages\django\template\utils.py first seen with mtime 1651675282.1713202
File C:\Users\nhall\Documents\Systems\CS-Directory\venv\Lib\site-packages\crispy_forms\exceptions.py first seen with mtime 1651675336.3489864
File C:\Users\nhall\Documents\Systems\CS-Directory\venv\Lib\site-packages\django\contrib\admin\templatetags\__init__.py first seen with mtime 1651675280.194914
File C:\Users\nhall\AppData\Local\Programs\Python\Python310\Lib\hmac.py first seen with mtime 1648092104.0
File C:\Users\nhall\Documents\Systems\CS-Directory\venv\Lib\site-packages\django\utils\translation\trans_real.py first seen with mtime 1651675282.2261846
File C:\Users\nhall\Documents\Systems\CS-Directory\venv\Lib\site-packages\django\db\backends\base\schema.py first seen with mtime 1651675282.0072837
File C:\Users\nhall\Documents\Systems\CS-Directory\venv\Lib\site-packages\django\db\models\fields\reverse_related.py first seen with mtime 1651675282.071297
File C:\Users\nhall\Documents\Systems\CS-Directory\venv\Lib\site-packages\django\utils\log.py first seen with mtime 1651675282.2141814
File C:\Users\nhall\Documents\Systems\CS-Directory\venv\Lib\site-packages\django\contrib\admin\actions.py first seen with mtime 1651675279.7498572
File C:\Users\nhall\Documents\Systems\CS-Directory\venv\Lib\site-packages\django\core\files\storage.py first seen with mtime 1651675281.9532695
File C:\Users\nhall\Documents\Systems\CS-Directory\venv\Lib\site-packages\pyasn1\compat\calling.py first seen with mtime 1651676161.1898675
File C:\Users\nhall\AppData\Local\Programs\Python\Python310\DLLs\_decimal.pyd first seen with mtime 1648092142.0
File C:\Users\nhall\Documents\Systems\CS-Directory\venv\Lib\site-packages\django\contrib\staticfiles\management\__init__.py first seen with mtime 1651675281.9192643
File C:\Users\nhall\Documents\Systems\CS-Directory\venv\Lib\site-packages\django\db\models\fields\json.py first seen with mtime 1651675282.0662959
File C:\Users\nhall\Documents\Systems\CS-Directory\venv\Lib\site-packages\django\contrib\sites\__init__.py first seen with mtime 1651675281.742222
File C:\Users\nhall\AppData\Local\Programs\Python\Python310\Lib\subprocess.py first seen with mtime 1648092104.0
File C:\Users\nhall\Documents\Systems\CS-Directory\venv\Lib\site-packages\django\views\__init__.py first seen with mtime 1651675282.2271836
File C:\Users\nhall\Documents\Systems\CS-Directory\venv\Lib\site-packages\django\utils\formats.py first seen with mtime 1651675282.2083278
File C:\Users\nhall\AppData\Local\Programs\Python\Python310\Lib\logging\__init__.py first seen with mtime 1648092104.0
File C:\Users\nhall\Documents\Systems\CS-Directory\venv\Lib\site-packages\sqlparse\engine\statement_splitter.py first seen with mtime 1651675279.13998
File C:\Users\nhall\AppData\Local\Programs\Python\Python310\Lib\argparse.py first seen with mtime 1648092104.0
File C:\Users\nhall\Documents\Systems\CS-Directory\venv\Lib\site-packages\django\core\exceptions.py first seen with mtime 1651675281.9262645
File C:\Users\nhall\AppData\Local\Programs\Python\Python310\Lib\urllib\error.py first seen with mtime 1648092106.0
File C:\Users\nhall\AppData\Local\Programs\Python\Python310\Lib\asyncio\mixins.py first seen with mtime 1648092104.0
File C:\Users\nhall\Documents\Systems\CS-Directory\venv\Lib\site-packages\django\forms\renderers.py first seen with mtime 1651675282.091301
File C:\Users\nhall\Documents\Systems\CS-Directory\venv\Lib\site-packages\django\contrib\contenttypes\checks.py first seen with mtime 1651675280.5499942
File C:\Users\nhall\AppData\Local\Programs\Python\Python310\Lib\email\_encoded_words.py first seen with mtime 1648092104.0
File C:\Users\nhall\AppData\Local\Programs\Python\Python310\Lib\asyncio\streams.py first seen with mtime 1648092104.0
File C:\Users\nhall\Documents\Systems\CS-Directory\venv\Lib\site-packages\django\contrib\auth\hashers.py first seen with mtime 1651675280.3699534
File C:\Users\nhall\Documents\Systems\CS-Directory\venv\Lib\site-packages\django\template\defaultfilters.py first seen with mtime 1651675282.1643171
File C:\Users\nhall\Documents\Systems\CS-Directory\venv\Lib\site-packages\django\core\mail\message.py first seen with mtime 1651675281.9602704
File C:\Users\nhall\Documents\Systems\CS-Directory\venv\Lib\site-packages\django\middleware\cache.py first seen with mtime 1651675282.155315
File C:\Users\nhall\AppData\Local\Programs\Python\Python310\Lib\unittest\runner.py first seen with mtime 1648092104.0
File C:\Users\nhall\Documents\Systems\CS-Directory\venv\Lib\site-packages\django\contrib\auth\checks.py first seen with mtime 1651675280.3659525
File C:\Users\nhall\Documents\Systems\CS-Directory\venv\Lib\site-packages\django\core\checks\security\sessions.py first seen with mtime 1651675281.94927
File C:\Users\nhall\Documents\Systems\CS-Directory\venv\Lib\site-packages\django\forms\models.py first seen with mtime 1651675282.0903015
File C:\Users\nhall\Documents\Systems\CS-Directory\venv\Lib\site-packages\django\contrib\admin\templatetags\log.py first seen with mtime 1651675280.1979146
File C:\Users\nhall\Documents\Systems\CS-Directory\venv\Lib\site-packages\django\contrib\admin\helpers.py first seen with mtime 1651675279.7548573
File C:\Users\nhall\AppData\Local\Programs\Python\Python310\DLLs\_queue.pyd first seen with mtime 1648092140.0
File C:\Users\nhall\Documents\Systems\CS-Directory\venv\Lib\site-packages\crispy_forms\templatetags\crispy_forms_filters.py first seen with mtime 1651675336.442006
File C:\Users\nhall\Documents\Systems\CS-Directory\venv\Lib\site-packages\django\utils\numberformat.py first seen with mtime 1651675282.2161818
File C:\Users\nhall\Documents\Systems\CS-Directory\manage.py first seen with mtime 1649963422.894712
File C:\Users\nhall\Documents\Systems\CS-Directory\venv\Lib\site-packages\pyasn1\codec\der\encoder.py first seen with mtime 1651676161.184867
File C:\Users\nhall\AppData\Local\Programs\Python\Python310\Lib\email\iterators.py first seen with mtime 1648092104.0
File C:\Users\nhall\AppData\Local\Programs\Python\Python310\Lib\unittest\suite.py first seen with mtime 1648092104.0
File C:\Users\nhall\Documents\Systems\CS-Directory\venv\Lib\site-packages\django\conf\__init__.py first seen with mtime 1651675279.4728007
File C:\Users\nhall\Documents\Systems\CS-Directory\venv\Lib\site-packages\django\contrib\sessions\base_session.py first seen with mtime 1651675281.5731835
File C:\Users\nhall\Documents\Systems\CS-Directory\venv\Lib\site-packages\django\core\handlers\__init__.py first seen with mtime 1651675281.9562716
File C:\Users\nhall\AppData\Local\Programs\Python\Python310\Lib\base64.py first seen with mtime 1648092104.0
File C:\Users\nhall\Documents\Systems\CS-Directory\venv\Lib\site-packages\django\templatetags\tz.py first seen with mtime 1651675282.1823218
File C:\Users\nhall\Documents\Systems\CS-Directory\venv\Lib\site-packages\django\conf\urls\static.py first seen with mtime 1651675279.747856
File C:\Users\nhall\Documents\Systems\CS-Directory\venv\Lib\site-packages\django\core\mail\utils.py first seen with mtime 1651675281.961272
File C:\Users\nhall\Documents\Systems\CS-Directory\venv\Lib\site-packages\sqlparse\filters\output.py first seen with mtime 1651675279.1429803
File C:\Users\nhall\Documents\Systems\CS-Directory\venv\Lib\site-packages\sqlparse\formatter.py first seen with mtime 1651675279.1339784
File C:\Users\nhall\AppData\Local\Programs\Python\Python310\Lib\calendar.py first seen with mtime 1648092104.0
File C:\Users\nhall\Documents\Systems\CS-Directory\venv\Lib\site-packages\django\db\backends\sqlite3\__init__.py first seen with mtime 1651675282.031288
File C:\Users\nhall\Documents\Systems\CS-Directory\venv\Lib\site-packages\django\views\generic\detail.py first seen with mtime 1651675282.2391868
File C:\Users\nhall\Documents\Systems\CS-Directory\venv\Lib\site-packages\sqlparse\lexer.py first seen with mtime 1651675279.1349788
File C:\Users\nhall\Documents\Systems\CS-Directory\venv\Lib\site-packages\django\utils\crypto.py first seen with mtime 1651675282.1993248
File C:\Users\nhall\AppData\Local\Programs\Python\Python310\Lib\wsgiref\simple_server.py first seen with mtime 1648092106.0
File C:\Users\nhall\AppData\Local\Programs\Python\Python310\Lib\email\charset.py first seen with mtime 1648092104.0
File C:\Users\nhall\AppData\Local\Programs\Python\Python310\Lib\site.py first seen with mtime 1648092104.0
File C:\Users\nhall\Documents\Systems\CS-Directory\venv\Lib\site-packages\django\core\serializers\python.py first seen with mtime 1651675281.9932792
File C:\Users\nhall\Documents\Systems\CS-Directory\venv\Lib\site-packages\django\views\decorators\cache.py first seen with mtime 1651675282.232185
File C:\Users\nhall\Documents\Systems\CS-Directory\venv\Lib\site-packages\django\templatetags\i18n.py first seen with mtime 1651675282.180321
File C:\Users\nhall\AppData\Local\Programs\Python\Python310\Lib\shutil.py first seen with mtime 1648092104.0
File C:\Users\nhall\Documents\Systems\CS-Directory\venv\Lib\site-packages\django\core\management\__init__.py first seen with mtime 1651675281.9682765
File C:\Users\nhall\AppData\Local\Programs\Python\Python310\Lib\json\scanner.py first seen with mtime 1648092104.0
File C:\Users\nhall\AppData\Local\Programs\Python\Python310\Lib\locale.py first seen with mtime 1648092104.0
File C:\Users\nhall\AppData\Local\Programs\Python\Python310\Lib\email\header.py first seen with mtime 1648092104.0
File C:\Users\nhall\Documents\Systems\CS-Directory\venv\Lib\site-packages\django\utils\dateformat.py first seen with mtime 1651675282.2013276
File C:\Users\nhall\Documents\Systems\CS-Directory\venv\Lib\site-packages\django\contrib\contenttypes\admin.py first seen with mtime 1651675280.5479937
File C:\Users\nhall\Documents\Systems\CS-Directory\venv\Lib\site-packages\django\contrib\contenttypes\__init__.py first seen with mtime 1651675280.546993
File C:\Users\nhall\Documents\Systems\CS-Directory\venv\Lib\site-packages\django\db\backends\base\client.py first seen with mtime 1651675282.003282
File C:\Users\nhall\Documents\Systems\CS-Directory\venv\Lib\site-packages\django_auth_ldap\__init__.py first seen with mtime 1651680113.356249
File C:\Users\nhall\Documents\Systems\CS-Directory\venv\Lib\site-packages\django\template\loaders\app_directories.py first seen with mtime 1651675282.175321
File C:\Users\nhall\Documents\Systems\CS-Directory\venv\Lib\site-packages\django\contrib\contenttypes\views.py first seen with mtime 1651675280.5529945
File C:\Users\nhall\Documents\Systems\CS-Directory\venv\Lib\site-packages\django\utils\datastructures.py first seen with mtime 1651675282.2003257
File C:\Users\nhall\AppData\Local\Programs\Python\Python310\Lib\email\_header_value_parser.py first seen with mtime 1648092104.0
File C:\Users\nhall\AppData\Local\Programs\Python\Python310\Lib\email\_policybase.py first seen with mtime 1648092104.0
File C:\Users\nhall\Documents\Systems\CS-Directory\venv\Lib\site-packages\django\db\migrations\operations\special.py first seen with mtime 1651675282.0512936
File C:\Users\nhall\Documents\Systems\CS-Directory\venv\Lib\site-packages\sqlparse\filters\aligned_indent.py first seen with mtime 1651675279.1409805
File C:\Users\nhall\Documents\Systems\CS-Directory\venv\Lib\site-packages\django\core\checks\security\__init__.py first seen with mtime 1651675281.9462683
File C:\Users\nhall\Documents\Systems\CS-Directory\venv\Lib\site-packages\django\core\checks\urls.py first seen with mtime 1651675281.9442682
File C:\Users\nhall\AppData\Local\Programs\Python\Python310\Lib\keyword.py first seen with mtime 1648092104.0
File C:\Users\nhall\Documents\Systems\CS-Directory\venv\Lib\site-packages\django\contrib\auth\admin.py first seen with mtime 1651675280.3629527
File C:\Users\nhall\AppData\Local\Programs\Python\Python310\Lib\concurrent\__init__.py first seen with mtime 1648092104.0
File C:\Users\nhall\Documents\Systems\CS-Directory\venv\Lib\site-packages\django\contrib\auth\__init__.py first seen with mtime 1651675280.3629527
File C:\Users\nhall\Documents\Systems\CS-Directory\venv\Lib\site-packages\django\contrib\contenttypes\apps.py first seen with mtime 1651675280.548994
File C:\Users\nhall\Documents\Systems\CS-Directory\venv\Lib\site-packages\crispy_forms\templatetags\crispy_forms_tags.py first seen with mtime 1651675336.4430065
File C:\Users\nhall\Documents\Systems\CS-Directory\venv\Lib\site-packages\django\db\backends\utils.py first seen with mtime 1651675282.0012817
File C:\Users\nhall\AppData\Local\Programs\Python\Python310\Lib\sre_parse.py first seen with mtime 1648092104.0
File C:\Users\nhall\Documents\Systems\CS-Directory\venv\Lib\site-packages\django\contrib\auth\views.py first seen with mtime 1651675280.3759546
File C:\Users\nhall\AppData\Local\Programs\Python\Python310\Lib\hashlib.py first seen with mtime 1648092104.0
File C:\Users\nhall\Documents\Systems\CS-Directory\venv\Lib\site-packages\django\urls\base.py first seen with mtime 1651675282.190324
File C:\Users\nhall\Documents\Systems\CS-Directory\venv\Lib\site-packages\crispy_forms\base.py first seen with mtime 1651675336.346985
File C:\Users\nhall\Documents\Systems\CS-Directory\venv\Lib\site-packages\django\contrib\messages\storage\__init__.py first seen with mtime 1651675281.2651548
File C:\Users\nhall\Documents\Systems\CS-Directory\venv\Lib\site-packages\django\templatetags\__init__.py first seen with mtime 1651675282.1783206
File C:\Users\nhall\Documents\Systems\CS-Directory\venv\Lib\site-packages\PIL\_version.py first seen with mtime 1651675335.5726643
File C:\Users\nhall\Documents\Systems\CS-Directory\venv\Lib\site-packages\ldap\controls\__init__.py first seen with mtime 1651676162.3054311
File C:\Users\nhall\Documents\Systems\CS-Directory\venv\Lib\site-packages\django\contrib\auth\apps.py first seen with mtime 1651675280.3639524
File C:\Users\nhall\Documents\Systems\CS-Directory\venv\Lib\site-packages\django\db\models\sql\datastructures.py first seen with mtime 1651675282.0792992
File C:\Users\nhall\Documents\Systems\CS-Directory\venv\Lib\site-packages\django\db\models\sql\constants.py first seen with mtime 1651675282.078298
File C:\Users\nhall\AppData\Local\Programs\Python\Python310\Lib\asyncio\threads.py first seen with mtime 1648092104.0
File C:\Users\nhall\Documents\Systems\CS-Directory\venv\Lib\site-packages\django\template\autoreload.py first seen with mtime 1651675282.161316
File C:\Users\nhall\Documents\Systems\CS-Directory\venv\Lib\site-packages\django\forms\fields.py first seen with mtime 1651675282.0883002
File C:\Users\nhall\Documents\Systems\CS-Directory\venv\Lib\site-packages\pyasn1\compat\__init__.py first seen with mtime 1651676161.188867
File C:\Users\nhall\AppData\Local\Programs\Python\Python310\Lib\heapq.py first seen with mtime 1648092104.0
File C:\Users\nhall\AppData\Local\Programs\Python\Python310\Lib\tempfile.py first seen with mtime 1648092104.0
File C:\Users\nhall\Documents\Systems\CS-Directory\venv\Lib\site-packages\django\contrib\contenttypes\management\__init__.py first seen with mtime 1651675280.7070293
File C:\Users\nhall\Documents\Systems\CS-Directory\venv\Lib\site-packages\django\utils\ipv6.py first seen with mtime 1651675282.2121785
File C:\Users\nhall\Documents\Systems\CS-Directory\venv\Lib\site-packages\django\contrib\sessions\__init__.py first seen with mtime 1651675281.572184
File C:\Users\nhall\Documents\Systems\CS-Directory\venv\Lib\site-packages\pyasn1\type\constraint.py first seen with mtime 1651676161.1958697
File C:\Users\nhall\Documents\Systems\CS-Directory\venv\Lib\site-packages\sqlparse\filters\others.py first seen with mtime 1651675279.1419802
File C:\Users\nhall\Documents\Systems\CS-Directory\venv\Lib\site-packages\django\template\loader.py first seen with mtime 1651675282.1683192
File C:\Users\nhall\AppData\Local\Programs\Python\Python310\Lib\quopri.py first seen with mtime 1648092104.0
File C:\Users\nhall\Documents\Systems\CS-Directory\venv\Lib\site-packages\ldap\cidict.py first seen with mtime 1651676162.2864275
File C:\Users\nhall\Documents\Systems\CS-Directory\venv\Lib\site-packages\django\core\servers\basehttp.py first seen with mtime 1651675281.9952796
File C:\Users\nhall\AppData\Local\Programs\Python\Python310\Lib\email\base64mime.py first seen with mtime 1648092104.0
File C:\Users\nhall\AppData\Local\Programs\Python\Python310\Lib\queue.py first seen with mtime 1648092104.0
File C:\Users\nhall\Documents\Systems\CS-Directory\venv\Lib\site-packages\django\contrib\sessions\apps.py first seen with mtime 1651675281.5731835
File C:\Users\nhall\Documents\Systems\CS-Directory\venv\Lib\site-packages\django\db\models\query_utils.py first seen with mtime 1651675282.0622966
File C:\Users\nhall\Documents\Systems\CS-Directory\venv\Lib\site-packages\django\core\serializers\json.py first seen with mtime 1651675281.9912777
File C:\Users\nhall\AppData\Local\Programs\Python\Python310\Lib\asyncio\coroutines.py first seen with mtime 1648092104.0
File C:\Users\nhall\Documents\Systems\CS-Directory\venv\Lib\site-packages\PIL\_binary.py first seen with mtime 1651675335.5406568
File C:\Users\nhall\Documents\Systems\CS-Directory\venv\Lib\site-packages\pyasn1\codec\ber\encoder.py first seen with mtime 1651676161.1798732
File C:\Users\nhall\Documents\Systems\CS-Directory\venv\Lib\site-packages\django\core\files\images.py first seen with mtime 1651675281.9512699
File C:\Users\nhall\AppData\Local\Programs\Python\Python310\Lib\asyncio\log.py first seen with mtime 1648092104.0
File C:\Users\nhall\Documents\Systems\CS-Directory\venv\Lib\site-packages\django\utils\dateparse.py first seen with mtime 1651675282.2013276
File C:\Users\nhall\AppData\Local\Programs\Python\Python310\Lib\contextlib.py first seen with mtime 1648092104.0
File C:\Users\nhall\Documents\Systems\CS-Directory\venv\Lib\site-packages\ldap\schema\models.py first seen with mtime 1651676162.3274367
File C:\Users\nhall\Documents\Systems\CS-Directory\venv\Lib\site-packages\django\utils\deprecation.py first seen with mtime 1651675282.2053268
File C:\Users\nhall\AppData\Local\Programs\Python\Python310\Lib\os.py first seen with mtime 1648092104.0
File C:\Users\nhall\Documents\Systems\CS-Directory\venv\Lib\site-packages\django\db\backends\base\base.py first seen with mtime 1651675282.0022807
File C:\Users\nhall\AppData\Local\Programs\Python\Python310\Lib\sqlite3\__init__.py first seen with mtime 1648092104.0
File C:\Users\nhall\Documents\Systems\CS-Directory\venv\Lib\site-packages\django\db\models\fields\files.py first seen with mtime 1651675282.065295
File C:\Users\nhall\Documents\Systems\CS-Directory\venv\Lib\site-packages\django\conf\locale\__init__.py first seen with mtime 1651675279.4787958
File C:\Users\nhall\Documents\Systems\CS-Directory\venv\Lib\site-packages\django\views\defaults.py first seen with mtime 1651675282.2291846
File C:\Users\nhall\Documents\Systems\CS-Directory\venv\Lib\site-packages\django\core\checks\security\csrf.py first seen with mtime 1651675281.9482684
File C:\Users\nhall\AppData\Local\Programs\Python\Python310\Lib\http\cookies.py first seen with mtime 1648092104.0
File C:\Users\nhall\Documents\Systems\CS-Directory\venv\Lib\site-packages\django\urls\__init__.py first seen with mtime 1651675282.1893225
File C:\Users\nhall\AppData\Local\Programs\Python\Python310\Lib\email\__init__.py first seen with mtime 1648092104.0
File C:\Users\nhall\Documents\Systems\CS-Directory\venv\Lib\site-packages\django\utils\tree.py first seen with mtime 1651675282.221183
File C:\Users\nhall\Documents\Systems\CS-Directory\venv\Lib\site-packages\django\contrib\auth\validators.py first seen with mtime 1651675280.3749547
File C:\Users\nhall\Documents\Systems\CS-Directory\venv\Lib\site-packages\django\template\__init__.py first seen with mtime 1651675282.161316
File C:\Users\nhall\AppData\Local\Programs\Python\Python310\Lib\html\parser.py first seen with mtime 1648092104.0
File C:\Users\nhall\Documents\Systems\CS-Directory\venv\Lib\site-packages\django\template\backends\base.py first seen with mtime 1651675282.1723197
File C:\Users\nhall\Documents\Systems\CS-Directory\venv\Lib\site-packages\django\contrib\admin\views\main.py first seen with mtime 1651675280.200915
File C:\Users\nhall\Documents\Systems\CS-Directory\venv\Lib\site-packages\django\views\decorators\__init__.py first seen with mtime 1651675282.2311852
File C:\Users\nhall\Documents\Systems\CS-Directory\venv\Lib\site-packages\django\forms\utils.py first seen with mtime 1651675282.0923016
File C:\Users\nhall\AppData\Local\Programs\Python\Python310\Lib\concurrent\futures\thread.py first seen with mtime 1648092104.0
File C:\Users\nhall\AppData\Local\Programs\Python\Python310\Lib\genericpath.py first seen with mtime 1648092104.0
File C:\Users\nhall\AppData\Local\Programs\Python\Python310\DLLs\_hashlib.pyd first seen with mtime 1648092140.0
File C:\Users\nhall\AppData\Local\Programs\Python\Python310\DLLs\_overlapped.pyd first seen with mtime 1648092140.0
File C:\Users\nhall\Documents\Systems\CS-Directory\venv\Lib\site-packages\django\core\handlers\asgi.py first seen with mtime 1651675281.9572713
File C:\Users\nhall\AppData\Local\Programs\Python\Python310\Lib\pathlib.py first seen with mtime 1648092104.0
File C:\Users\nhall\AppData\Local\Programs\Python\Python310\Lib\copy.py first seen with mtime 1648092104.0
File C:\Users\nhall\Documents\Systems\CS-Directory\venv\Lib\site-packages\django\template\response.py first seen with mtime 1651675282.1693184
File C:\Users\nhall\AppData\Local\Programs\Python\Python310\Lib\importlib\util.py first seen with mtime 1648092104.0
File C:\Users\nhall\Documents\Systems\CS-Directory\venv\Lib\site-packages\django\apps\__init__.py first seen with mtime 1651675279.4707952
File C:\Users\nhall\AppData\Local\Programs\Python\Python310\Lib\uuid.py first seen with mtime 1648092106.0
File C:\Users\nhall\AppData\Local\Programs\Python\Python310\DLLs\_lzma.pyd first seen with mtime 1648092140.0
File C:\Users\nhall\Documents\Systems\CS-Directory\venv\Lib\site-packages\django\utils\termcolors.py first seen with mtime 1651675282.2181833
File C:\Users\nhall\Documents\Systems\CS-Directory\venv\Lib\site-packages\django\middleware\csrf.py first seen with mtime 1651675282.1573164
File C:\Users\nhall\AppData\Local\Programs\Python\Python310\Lib\ssl.py first seen with mtime 1648092104.0
File C:\Users\nhall\AppData\Local\Programs\Python\Python310\Lib\_sitebuiltins.py first seen with mtime 1648092104.0
File C:\Users\nhall\AppData\Local\Programs\Python\Python310\Lib\concurrent\futures\_base.py first seen with mtime 1648092104.0
File C:\Users\nhall\Documents\Systems\CS-Directory\venv\Lib\site-packages\django\db\models\functions\window.py first seen with mtime 1651675282.0762985
File C:\Users\nhall\AppData\Local\Programs\Python\Python310\Lib\email\quoprimime.py first seen with mtime 1648092104.0
File C:\Users\nhall\Documents\Systems\CS-Directory\venv\Lib\site-packages\django\db\models\lookups.py first seen with mtime 1651675282.0592935
File C:\Users\nhall\Documents\Systems\CS-Directory\venv\Lib\site-packages\pyasn1\debug.py first seen with mtime 1651676161.1768675
File C:\Users\nhall\AppData\Local\Programs\Python\Python310\Lib\nturl2path.py first seen with mtime 1648092104.0
File C:\Users\nhall\Documents\Systems\CS-Directory\venv\Lib\site-packages\django\db\models\fields\mixins.py first seen with mtime 1651675282.0672967
File C:\Users\nhall\AppData\Local\Programs\Python\Python310\Lib\_compat_pickle.py first seen with mtime 1648092104.0
File C:\Users\nhall\Documents\Systems\CS-Directory\venv\Lib\site-packages\django\contrib\admin\templatetags\base.py first seen with mtime 1651675280.1979146
File C:\Users\nhall\Documents\Systems\CS-Directory\venv\Lib\site-packages\django\contrib\staticfiles\utils.py first seen with mtime 1651675281.9182632
File C:\Users\nhall\Documents\Systems\CS-Directory\venv\Lib\site-packages\django\templatetags\l10n.py first seen with mtime 1651675282.180321
File C:\Users\nhall\AppData\Local\Programs\Python\Python310\Lib\asyncio\runners.py first seen with mtime 1648092104.0
File C:\Users\nhall\Documents\Systems\CS-Directory\venv\Lib\site-packages\django\db\models\utils.py first seen with mtime 1651675282.0632937
File C:\Users\nhall\Documents\Systems\CS-Directory\FacultyDisplay\settings.py first seen with mtime 1652197550.1502247
File C:\Users\nhall\Documents\Systems\CS-Directory\venv\Lib\site-packages\django\utils\hashable.py first seen with mtime 1651675282.2093277
File C:\Users\nhall\Documents\Systems\CS-Directory\FacultyDisplay\urls.py first seen with mtime 1652194626.5346444
File C:\Users\nhall\Documents\Systems\CS-Directory\venv\Lib\site-packages\django\views\static.py first seen with mtime 1651675282.2301848
File C:\Users\nhall\Documents\Systems\CS-Directory\venv\Lib\site-packages\ldapurl.py first seen with mtime 1651676162.281425
File C:\Users\nhall\AppData\Local\Programs\Python\Python310\Lib\platform.py first seen with mtime 1648092104.0
File C:\Users\nhall\Documents\Systems\CS-Directory\display\forms.py first seen with mtime 1650405817.124752
File C:\Users\nhall\Documents\Systems\CS-Directory\venv\Lib\site-packages\django\core\checks\__init__.py first seen with mtime 1651675281.9382665
File C:\Users\nhall\Documents\Systems\CS-Directory\venv\Lib\site-packages\django\core\files\temp.py first seen with mtime 1651675281.9542696
File C:\Users\nhall\AppData\Local\Programs\Python\Python310\Lib\asyncio\sslproto.py first seen with mtime 1648092104.0
File C:\Users\nhall\Documents\Systems\CS-Directory\venv\Lib\site-packages\pyasn1\codec\cer\decoder.py first seen with mtime 1651676161.1818657
File C:\Users\nhall\Documents\Systems\CS-Directory\venv\Lib\site-packages\pyasn1\codec\der\__init__.py first seen with mtime 1651676161.1828668
File C:\Users\nhall\Documents\Systems\CS-Directory\venv\Lib\site-packages\django\views\decorators\csrf.py first seen with mtime 1651675282.2341866
File C:\Users\nhall\Documents\Systems\CS-Directory\venv\Lib\site-packages\ldap\extop\__init__.py first seen with mtime 1651676162.322435
File C:\Users\nhall\Documents\Systems\CS-Directory\venv\Lib\site-packages\django\core\signals.py first seen with mtime 1651675281.9272647
File C:\Users\nhall\Documents\Systems\CS-Directory\venv\Lib\site-packages\pyasn1\compat\binary.py first seen with mtime 1651676161.188867
File C:\Users\nhall\AppData\Local\Programs\Python\Python310\Lib\encodings\utf_8.py first seen with mtime 1648092104.0
File C:\Users\nhall\AppData\Local\Programs\Python\Python310\Lib\types.py first seen with mtime 1648092104.0
File C:\Users\nhall\Documents\Systems\CS-Directory\venv\Lib\site-packages\django\template\backends\django.py first seen with mtime 1651675282.1723197
File C:\Users\nhall\Documents\Systems\CS-Directory\venv\Lib\site-packages\django\db\backends\sqlite3\client.py first seen with mtime 1651675282.033288
File C:\Users\nhall\AppData\Local\Programs\Python\Python310\Lib\cgi.py first seen with mtime 1648092104.0
File C:\Users\nhall\AppData\Local\Programs\Python\Python310\Lib\lzma.py first seen with mtime 1648092104.0
File C:\Users\nhall\Documents\Systems\CS-Directory\venv\Lib\site-packages\django\db\models\fields\__init__.py first seen with mtime 1651675282.0642946
File C:\Users\nhall\Documents\Systems\CS-Directory\venv\Lib\site-packages\ldap\dn.py first seen with mtime 1651676162.288427
File C:\Users\nhall\Documents\Systems\CS-Directory\venv\Lib\site-packages\django\core\mail\__init__.py first seen with mtime 1651675281.9602704
File C:\Users\nhall\AppData\Local\Programs\Python\Python310\DLLs\_sqlite3.pyd first seen with mtime 1648092140.0
File C:\Users\nhall\Documents\Systems\CS-Directory\venv\Lib\site-packages\django\core\cache\utils.py first seen with mtime 1651675281.9312658
File C:\Users\nhall\AppData\Local\Programs\Python\Python310\Lib\zoneinfo\_common.py first seen with mtime 1648092106.0
File C:\Users\nhall\Documents\Systems\CS-Directory\venv\Lib\site-packages\django\contrib\auth\decorators.py first seen with mtime 1651675280.367953
File C:\Users\nhall\Documents\Systems\CS-Directory\venv\Lib\site-packages\django\utils\http.py first seen with mtime 1651675282.2103276
File C:\Users\nhall\AppData\Local\Programs\Python\Python310\Lib\operator.py first seen with mtime 1648092104.0
File C:\Users\nhall\AppData\Local\Programs\Python\Python310\Lib\importlib\_abc.py first seen with mtime 1648092104.0
File C:\Users\nhall\Documents\Systems\CS-Directory\venv\Lib\site-packages\pyasn1_modules\rfc2251.py first seen with mtime 1651676161.4559994
File C:\Users\nhall\AppData\Local\Programs\Python\Python310\Lib\pkgutil.py first seen with mtime 1648092104.0
File C:\Users\nhall\AppData\Local\Programs\Python\Python310\Lib\difflib.py first seen with mtime 1648092104.0
File C:\Users\nhall\Documents\Systems\CS-Directory\venv\Lib\site-packages\django\core\checks\compatibility\__init__.py first seen with mtime 1651675281.9452677
File C:\Users\nhall\Documents\Systems\CS-Directory\venv\Lib\site-packages\django\template\exceptions.py first seen with mtime 1651675282.1663187
File C:\Users\nhall\Documents\Systems\CS-Directory\venv\Lib\site-packages\django\template\loaders\__init__.py first seen with mtime 1651675282.175321
File C:\Users\nhall\Documents\Systems\CS-Directory\venv\Lib\site-packages\sqlparse\tokens.py first seen with mtime 1651675279.1369789
File C:\Users\nhall\Documents\Systems\CS-Directory\venv\Lib\site-packages\django\utils\encoding.py first seen with mtime 1651675282.2063284
File C:\Users\nhall\AppData\Local\Programs\Python\Python310\Lib\ctypes\wintypes.py first seen with mtime 1648092104.0
File C:\Users\nhall\Documents\Systems\CS-Directory\venv\Lib\site-packages\ldap\functions.py first seen with mtime 1651676162.289428
File C:\Users\nhall\Documents\Systems\CS-Directory\venv\Lib\site-packages\sqlparse\keywords.py first seen with mtime 1651675279.1349788
File C:\Users\nhall\AppData\Local\Programs\Python\Python310\Lib\concurrent\futures\__init__.py first seen with mtime 1648092104.0
File C:\Users\nhall\AppData\Local\Programs\Python\Python310\Lib\_markupbase.py first seen with mtime 1648092104.0
File C:\Users\nhall\Documents\Systems\CS-Directory\venv\Lib\site-packages\django\core\handlers\base.py first seen with mtime 1651675281.9572713
File C:\Users\nhall\Documents\Systems\CS-Directory\venv\Lib\site-packages\django\db\backends\__init__.py first seen with mtime 1651675281.9982798
File C:\Users\nhall\AppData\Local\Programs\Python\Python310\Lib\unittest\util.py first seen with mtime 1648092106.0
File C:\Users\nhall\Documents\Systems\CS-Directory\venv\Lib\site-packages\pyasn1\type\univ.py first seen with mtime 1651676161.1998696
File C:\Users\nhall\Documents\Systems\CS-Directory\venv\Lib\site-packages\django\core\checks\compatibility\django_4_0.py first seen with mtime 1651675281.9462683
File C:\Users\nhall\AppData\Local\Programs\Python\Python310\Lib\email\_parseaddr.py first seen with mtime 1648092104.0
File C:\Users\nhall\Documents\Systems\CS-Directory\venv\Lib\site-packages\django\db\migrations\operations\fields.py first seen with mtime 1651675282.0492928
File C:\Users\nhall\Documents\Systems\CS-Directory\venv\Lib\site-packages\django\conf\global_settings.py first seen with mtime 1651675279.4737945
File C:\Users\nhall\AppData\Local\Programs\Python\Python310\Lib\email\mime\message.py first seen with mtime 1648092104.0
File C:\Users\nhall\AppData\Local\Programs\Python\Python310\Lib\importlib\machinery.py first seen with mtime 1648092104.0
File C:\Users\nhall\Documents\Systems\CS-Directory\venv\Lib\site-packages\django\db\backends\sqlite3\base.py first seen with mtime 1651675282.0322895
File C:\Users\nhall\Documents\Systems\CS-Directory\venv\Lib\site-packages\django\dispatch\__init__.py first seen with mtime 1651675282.0832996
File C:\Users\nhall\Documents\Systems\CS-Directory\venv\Lib\site-packages\PIL\Image.py first seen with mtime 1651675335.5025043
File C:\Users\nhall\Documents\Systems\CS-Directory\venv\Lib\site-packages\django\utils\safestring.py first seen with mtime 1651675282.2171826
File C:\Users\nhall\AppData\Local\Programs\Python\Python310\Lib\reprlib.py first seen with mtime 1648092104.0
File C:\Users\nhall\Documents\Systems\CS-Directory\venv\Lib\site-packages\django\core\checks\model_checks.py first seen with mtime 1651675281.942268
File C:\Users\nhall\Documents\Systems\CS-Directory\venv\Lib\site-packages\crispy_forms\layout_slice.py first seen with mtime 1651675336.3509867
File C:\Users\nhall\Documents\Systems\CS-Directory\venv\Lib\site-packages\django\core\files\move.py first seen with mtime 1651675281.952273
File C:\Users\nhall\Documents\Systems\CS-Directory\venv\Lib\site-packages\django\core\wsgi.py first seen with mtime 1651675281.9302654
File C:\Users\nhall\AppData\Local\Programs\Python\Python310\Lib\json\decoder.py first seen with mtime 1648092104.0
File C:\Users\nhall\Documents\Systems\CS-Directory\venv\Lib\site-packages\crispy_forms\bootstrap.py first seen with mtime 1651675336.3479862
File C:\Users\nhall\Documents\Systems\CS-Directory\venv\Lib\site-packages\django\core\management\base.py first seen with mtime 1651675281.9682765
File C:\Users\nhall\Documents\Systems\CS-Directory\venv\Lib\site-packages\pyasn1\codec\ber\__init__.py first seen with mtime 1651676161.1788645
File C:\Users\nhall\Documents\Systems\CS-Directory\venv\Lib\site-packages\django\utils\version.py first seen with mtime 1651675282.2221832
File C:\Users\nhall\Documents\Systems\CS-Directory\venv\Lib\site-packages\django\core\signing.py first seen with mtime 1651675281.9282646
File C:\Users\nhall\AppData\Local\Programs\Python\Python310\Lib\encodings\aliases.py first seen with mtime 1648092104.0
File C:\Users\nhall\Documents\Systems\CS-Directory\venv\Lib\site-packages\django\db\models\deletion.py first seen with mtime 1651675282.0562928
File C:\Users\nhall\Documents\Systems\CS-Directory\venv\Lib\site-packages\PIL\ImageMode.py first seen with mtime 1651675335.5106494
File C:\Users\nhall\Documents\Systems\CS-Directory\venv\Lib\site-packages\django\db\models\fields\proxy.py first seen with mtime 1651675282.0682967
File C:\Users\nhall\AppData\Local\Programs\Python\Python310\Lib\random.py first seen with mtime 1648092104.0
File C:\Users\nhall\Documents\Systems\CS-Directory\venv\Lib\site-packages\django\contrib\admin\models.py first seen with mtime 1651675279.7558575
File C:\Users\nhall\Documents\Systems\CS-Directory\venv\Lib\site-packages\django\db\backends\signals.py first seen with mtime 1651675282.0002809
File C:\Users\nhall\AppData\Local\Programs\Python\Python310\Lib\threading.py first seen with mtime 1648092104.0
File C:\Users\nhall\Documents\Systems\CS-Directory\venv\Lib\site-packages\django\core\checks\security\base.py first seen with mtime 1651675281.9472678
File C:\Users\nhall\Documents\Systems\CS-Directory\venv\Lib\site-packages\django\templatetags\static.py first seen with mtime 1651675282.181322
File C:\Users\nhall\Documents\Systems\CS-Directory\venv\Lib\site-packages\django\http\request.py first seen with mtime 1651675282.1533153
File C:\Users\nhall\Documents\Systems\CS-Directory\venv\Lib\site-packages\asgiref\__init__.py first seen with mtime 1651675279.3537672
File C:\Users\nhall\Documents\Systems\CS-Directory\venv\Lib\site-packages\django\contrib\staticfiles\handlers.py first seen with mtime 1651675281.9152608
File C:\Users\nhall\Documents\Systems\CS-Directory\venv\Lib\site-packages\django\contrib\__init__.py first seen with mtime 1651675279.7488554
File C:\Users\nhall\AppData\Local\Programs\Python\Python310\Lib\io.py first seen with mtime 1648092104.0
File C:\Users\nhall\AppData\Local\Programs\Python\Python310\Lib\unittest\result.py first seen with mtime 1648092104.0
File C:\Users\nhall\Documents\Systems\CS-Directory\venv\Lib\site-packages\django\db\backends\sqlite3\features.py first seen with mtime 1651675282.0342891
File C:\Users\nhall\Documents\Systems\CS-Directory\venv\Lib\site-packages\django\utils\module_loading.py first seen with mtime 1651675282.2151816
File C:\Users\nhall\AppData\Local\Programs\Python\Python310\Lib\socketserver.py first seen with mtime 1648092104.0
File C:\Users\nhall\AppData\Local\Programs\Python\Python310\Lib\asyncio\base_subprocess.py first seen with mtime 1648092104.0
File C:\Users\nhall\AppData\Local\Programs\Python\Python310\Lib\secrets.py first seen with mtime 1648092104.0
File C:\Users\nhall\Documents\Systems\CS-Directory\FacultyDisplay\__init__.py first seen with mtime 1649963422.8307073
File C:\Users\nhall\Documents\Systems\CS-Directory\venv\Lib\site-packages\django\db\models\enums.py first seen with mtime 1651675282.0562928
File C:\Users\nhall\AppData\Local\Programs\Python\Python310\Lib\sysconfig.py first seen with mtime 1648092104.0
File C:\Users\nhall\Documents\Systems\CS-Directory\venv\Lib\site-packages\django\contrib\sites\shortcuts.py first seen with mtime 1651675281.7482233
File C:\Users\nhall\Documents\Systems\CS-Directory\venv\Lib\site-packages\crispy_forms\layout.py first seen with mtime 1651675336.3499858
File C:\Users\nhall\AppData\Local\Programs\Python\Python310\Lib\typing.py first seen with mtime 1648092104.0
File C:\Users\nhall\Documents\Systems\CS-Directory\venv\Lib\site-packages\PIL\_util.py first seen with mtime 1651675335.5726643
File C:\Users\nhall\Documents\Systems\CS-Directory\venv\Lib\site-packages\django\forms\__init__.py first seen with mtime 1651675282.0863
File C:\Users\nhall\Documents\Systems\CS-Directory\venv\Lib\site-packages\django\views\debug.py first seen with mtime 1651675282.2281842
File C:\Users\nhall\Documents\Systems\CS-Directory\venv\Lib\site-packages\django\views\generic\__init__.py first seen with mtime 1651675282.2371862
File C:\Users\nhall\AppData\Local\Programs\Python\Python310\Lib\weakref.py first seen with mtime 1648092106.0
File C:\Users\nhall\Documents\Systems\CS-Directory\venv\Lib\site-packages\django\db\models\functions\math.py first seen with mtime 1651675282.0742974
File C:\Users\nhall\Documents\Systems\CS-Directory\venv\Lib\site-packages\ldap\sasl.py first seen with mtime 1651676162.2934282
File C:\Users\nhall\Documents\Systems\CS-Directory\venv\Lib\site-packages\django\__init__.py first seen with mtime 1651675279.468807
File C:\Users\nhall\AppData\Local\Programs\Python\Python310\Lib\dataclasses.py first seen with mtime 1648092104.0
File C:\Users\nhall\Documents\Systems\CS-Directory\venv\Lib\site-packages\django\utils\asyncio.py first seen with mtime 1651675282.195325
File C:\Users\nhall\AppData\Local\Programs\Python\Python310\Lib\importlib\__init__.py first seen with mtime 1648092104.0
File C:\Users\nhall\Documents\Systems\CS-Directory\venv\Lib\site-packages\django\contrib\admin\apps.py first seen with mtime 1651675279.750857
File C:\Users\nhall\AppData\Local\Programs\Python\Python310\Lib\asyncio\transports.py first seen with mtime 1648092104.0
File C:\Users\nhall\Documents\Systems\CS-Directory\venv\Lib\site-packages\django\core\management\commands\__init__.py first seen with mtime 1651675281.972274
File C:\Users\nhall\Documents\Systems\CS-Directory\venv\Lib\site-packages\ldif.py first seen with mtime 1651676162.2824264
File C:\Users\nhall\AppData\Local\Programs\Python\Python310\Lib\statistics.py first seen with mtime 1648092104.0
File C:\Users\nhall\AppData\Local\Programs\Python\Python310\Lib\html\__init__.py first seen with mtime 1648092104.0
File C:\Users\nhall\Documents\Systems\CS-Directory\venv\Lib\site-packages\django\core\cache\backends\__init__.py first seen with mtime 1651675281.9322658
File C:\Users\nhall\AppData\Local\Programs\Python\Python310\Lib\asyncio\base_tasks.py first seen with mtime 1648092104.0
File C:\Users\nhall\Documents\Systems\CS-Directory\venv\Lib\site-packages\django\core\files\utils.py first seen with mtime 1651675281.9562716
File C:\Users\nhall\Documents\Systems\CS-Directory\venv\Lib\site-packages\django\contrib\staticfiles\management\commands\__init__.py first seen with mtime 1651675281.9202628
File C:\Users\nhall\Documents\Systems\CS-Directory\venv\Lib\site-packages\django\utils\timesince.py first seen with mtime 1651675282.2191825
File C:\Users\nhall\Documents\Systems\CS-Directory\venv\Lib\site-packages\sqlparse\filters\tokens.py first seen with mtime 1651675279.1449807
File C:\Users\nhall\Documents\Systems\CS-Directory\venv\Lib\site-packages\sqlparse\filters\right_margin.py first seen with mtime 1651675279.1439803
File C:\Users\nhall\AppData\Local\Programs\Python\Python310\Lib\asyncio\tasks.py first seen with mtime 1648092104.0
File C:\Users\nhall\Documents\Systems\CS-Directory\venv\Lib\site-packages\django\forms\widgets.py first seen with mtime 1651675282.0923016
File C:\Users\nhall\Documents\Systems\CS-Directory\venv\Lib\site-packages\ldap\extop\passwd.py first seen with mtime 1651676162.324435
File C:\Users\nhall\Documents\Systems\CS-Directory\venv\Lib\site-packages\django\contrib\admin\sites.py first seen with mtime 1651675279.7578578
File C:\Users\nhall\Documents\Systems\CS-Directory\venv\Lib\site-packages\django\core\serializers\__init__.py first seen with mtime 1651675281.9902778
File C:\Users\nhall\Documents\Systems\CS-Directory\venv\Lib\site-packages\django\core\handlers\exception.py first seen with mtime 1651675281.9582705
File C:\Users\nhall\Documents\Systems\CS-Directory\venv\Lib\site-packages\sqlparse\cli.py first seen with mtime 1651675279.1319778
File C:\Users\nhall\AppData\Local\Programs\Python\Python310\Lib\enum.py first seen with mtime 1648092104.0
File C:\Users\nhall\Documents\Systems\CS-Directory\venv\Lib\site-packages\django\core\checks\database.py first seen with mtime 1651675281.9402676
File C:\Users\nhall\Documents\Systems\CS-Directory\venv\Lib\site-packages\pyasn1\codec\cer\encoder.py first seen with mtime 1651676161.1818657
File C:\Users\nhall\Documents\Systems\CS-Directory\venv\Lib\site-packages\django\db\models\functions\datetime.py first seen with mtime 1651675282.0732968
File C:\Users\nhall\Documents\Systems\CS-Directory\venv\Lib\site-packages\django\template\base.py first seen with mtime 1651675282.1623175
File C:\Users\nhall\Documents\Systems\CS-Directory\venv\Lib\site-packages\pyasn1\compat\string.py first seen with mtime 1651676161.1928692
File C:\Users\nhall\Documents\Systems\CS-Directory\venv\Lib\site-packages\pyasn1\type\namedtype.py first seen with mtime 1651676161.1968684
File C:\Users\nhall\Documents\Systems\CS-Directory\venv\Lib\site-packages\ldap\extop\dds.py first seen with mtime 1651676162.3234353
File C:\Users\nhall\Documents\Systems\CS-Directory\venv\Lib\site-packages\django\contrib\staticfiles\__init__.py first seen with mtime 1651675281.913262
File C:\Users\nhall\AppData\Local\Programs\Python\Python310\Lib\email\mime\text.py first seen with mtime 1648092104.0
File C:\Users\nhall\Documents\Systems\CS-Directory\venv\Lib\site-packages\django\utils\dates.py first seen with mtime 1651675282.2023265
File C:\Users\nhall\Documents\Systems\CS-Directory\venv\Lib\site-packages\django\db\models\__init__.py first seen with mtime 1651675282.0512936
File C:\Users\nhall\Documents\Systems\CS-Directory\venv\Lib\site-packages\django\contrib\staticfiles\management\commands\runserver.py first seen with mtime 1651675281.9222634
File C:\Users\nhall\Documents\Systems\CS-Directory\venv\Lib\site-packages\django\middleware\__init__.py first seen with mtime 1651675282.1543152
File C:\Users\nhall\Documents\Systems\CS-Directory\venv\Lib\site-packages\django\db\models\aggregates.py first seen with mtime 1651675282.052292
File C:\Users\nhall\Documents\Systems\CS-Directory\venv\Lib\site-packages\django\core\files\locks.py first seen with mtime 1651675281.952273
File C:\Users\nhall\Documents\Systems\CS-Directory\venv\Lib\site-packages\django\contrib\staticfiles\apps.py first seen with mtime 1651675281.913262
File C:\Users\nhall\Documents\Systems\CS-Directory\venv\Lib\site-packages\django\db\backends\base\validation.py first seen with mtime 1651675282.008284
File C:\Users\nhall\Documents\Systems\CS-Directory\venv\Lib\site-packages\django\contrib\auth\signals.py first seen with mtime 1651675280.3729546
File C:\Users\nhall\Documents\Systems\CS-Directory\venv\Lib\site-packages\django\utils\text.py first seen with mtime 1651675282.2191825
File C:\Users\nhall\Documents\Systems\CS-Directory\venv\Lib\site-packages\django\contrib\contenttypes\forms.py first seen with mtime 1651675280.5509944
File C:\Users\nhall\AppData\Local\Programs\Python\Python310\Lib\string.py first seen with mtime 1648092104.0
File C:\Users\nhall\AppData\Local\Programs\Python\Python310\Lib\token.py first seen with mtime 1648092104.0
File C:\Users\nhall\Documents\Systems\CS-Directory\venv\Lib\site-packages\django\utils\duration.py first seen with mtime 1651675282.2053268
File C:\Users\nhall\Documents\Systems\CS-Directory\venv\Lib\site-packages\PIL\TiffTags.py first seen with mtime 1651675335.5366566
File C:\Users\nhall\Documents\Systems\CS-Directory\venv\Lib\site-packages\django\db\backends\sqlite3\schema.py first seen with mtime 1651675282.0372891
File C:\Users\nhall\AppData\Local\Programs\Python\Python310\Lib\email\mime\nonmultipart.py first seen with mtime 1648092104.0
File C:\Users\nhall\AppData\Local\Programs\Python\Python310\Lib\urllib\parse.py first seen with mtime 1648092106.0
File C:\Users\nhall\Documents\Systems\CS-Directory\venv\Lib\site-packages\sqlparse\engine\grouping.py first seen with mtime 1651675279.1389797
File C:\Users\nhall\AppData\Local\Programs\Python\Python310\Lib\asyncio\base_futures.py first seen with mtime 1648092104.0
File C:\Users\nhall\AppData\Local\Programs\Python\Python310\Lib\asyncio\base_events.py first seen with mtime 1648092104.0
File C:\Users\nhall\Documents\Systems\CS-Directory\venv\Lib\site-packages\sqlparse\sql.py first seen with mtime 1651675279.135979
File C:\Users\nhall\Documents\Systems\CS-Directory\venv\Lib\site-packages\django\contrib\staticfiles\finders.py first seen with mtime 1651675281.9152608
File C:\Users\nhall\Documents\Systems\CS-Directory\venv\Lib\site-packages\sqlparse\engine\filter_stack.py first seen with mtime 1651675279.1389797
File C:\Users\nhall\Documents\Systems\CS-Directory\venv\Lib\site-packages\_distutils_hack\__init__.py first seen with mtime 1651675234.5572672
File C:\Users\nhall\Documents\Systems\CS-Directory\venv\Lib\site-packages\django\db\models\sql\where.py first seen with mtime 1651675282.0822992
File C:\Users\nhall\Documents\Systems\CS-Directory\venv\Lib\site-packages\django\utils\cache.py first seen with mtime 1651675282.1983254
File C:\Users\nhall\Documents\Systems\CS-Directory\venv\Lib\site-packages\django\utils\inspect.py first seen with mtime 1651675282.2113287
File C:\Users\nhall\Documents\Systems\CS-Directory\venv\Lib\site-packages\django\db\models\signals.py first seen with mtime 1651675282.0632937
File C:\Users\nhall\Documents\Systems\CS-Directory\venv\Lib\site-packages\django\utils\translation\__init__.py first seen with mtime 1651675282.2231836
File C:\Users\nhall\AppData\Local\Programs\Python\Python310\Lib\re.py first seen with mtime 1648092104.0
File C:\Users\nhall\Documents\Systems\CS-Directory\venv\Lib\site-packages\django\db\backends\base\creation.py first seen with mtime 1651675282.003282
File C:\Users\nhall\Documents\Systems\CS-Directory\venv\Lib\site-packages\django\core\cache\__init__.py first seen with mtime 1651675281.9302654
File C:\Users\nhall\AppData\Local\Programs\Python\Python310\Lib\unittest\loader.py first seen with mtime 1648092104.0
File C:\Users\nhall\Documents\Systems\CS-Directory\venv\Lib\site-packages\django\db\models\functions\text.py first seen with mtime 1651675282.0752978
File C:\Users\nhall\Documents\Systems\CS-Directory\venv\Lib\site-packages\django\contrib\admin\utils.py first seen with mtime 1651675279.7588587
File C:\Users\nhall\Documents\Systems\CS-Directory\venv\Lib\site-packages\django\core\handlers\wsgi.py first seen with mtime 1651675281.9592712
File C:\Users\nhall\Documents\Systems\CS-Directory\venv\Lib\site-packages\django\template\context.py first seen with mtime 1651675282.163317
File C:\Users\nhall\Documents\Systems\CS-Directory\venv\Lib\site-packages\django\db\models\sql\query.py first seen with mtime 1651675282.0802984
File C:\Users\nhall\AppData\Local\Programs\Python\Python310\Lib\asyncio\windows_events.py first seen with mtime 1648092104.0
File C:\Users\nhall\Documents\Systems\CS-Directory\venv\Lib\site-packages\sqlparse\utils.py first seen with mtime 1651675279.1369789
File C:\Users\nhall\Documents\Systems\CS-Directory\venv\Lib\site-packages\django\contrib\admin\exceptions.py first seen with mtime 1651675279.752857
File C:\Users\nhall\Documents\Systems\CS-Directory\venv\Lib\site-packages\ldap\schema\__init__.py first seen with mtime 1651676162.3274367
File C:\Users\nhall\AppData\Local\Programs\Python\Python310\Lib\sqlite3\dbapi2.py first seen with mtime 1648092104.0
File C:\Users\nhall\AppData\Local\Programs\Python\Python310\Lib\glob.py first seen with mtime 1648092104.0
File C:\Users\nhall\Documents\Systems\CS-Directory\display\models.py first seen with mtime 1651673631.4367728
File C:\Users\nhall\AppData\Local\Programs\Python\Python310\Lib\ctypes\_endian.py first seen with mtime 1648092104.0
File C:\Users\nhall\AppData\Local\Programs\Python\Python310\Lib\bisect.py first seen with mtime 1648092104.0
File C:\Users\nhall\Documents\Systems\CS-Directory\venv\Lib\site-packages\django\forms\boundfield.py first seen with mtime 1651675282.0873008
File C:\Users\nhall\AppData\Local\Programs\Python\Python310\Lib\unittest\__init__.py first seen with mtime 1648092104.0
File C:\Users\nhall\AppData\Local\Programs\Python\Python310\Lib\wsgiref\handlers.py first seen with mtime 1648092106.0
File C:\Users\nhall\AppData\Local\Programs\Python\Python310\Lib\asyncio\windows_utils.py first seen with mtime 1648092104.0
File C:\Users\nhall\Documents\Systems\CS-Directory\venv\Lib\site-packages\crispy_forms\templatetags\crispy_forms_utils.py first seen with mtime 1651675336.444007
File C:\Users\nhall\AppData\Local\Programs\Python\Python310\Lib\json\encoder.py first seen with mtime 1648092104.0
File C:\Users\nhall\Documents\Systems\CS-Directory\venv\Lib\site-packages\django_auth_ldap\version.py first seen with mtime 1651680113.358236
File C:\Users\nhall\Documents\Systems\CS-Directory\venv\Lib\site-packages\_virtualenv.py first seen with mtime 1651675232.9699082
File C:\Users\nhall\Documents\Systems\CS-Directory\venv\Lib\site-packages\django\utils\topological_sort.py first seen with mtime 1651675282.221183
File C:\Users\nhall\AppData\Local\Programs\Python\Python310\Lib\fractions.py first seen with mtime 1648092104.0
File C:\Users\nhall\Documents\Systems\CS-Directory\venv\Lib\site-packages\django\db\transaction.py first seen with mtime 1651675281.9972801
File C:\Users\nhall\Documents\Systems\CS-Directory\venv\Lib\site-packages\pyasn1\codec\der\decoder.py first seen with mtime 1651676161.1838741
File C:\Users\nhall\AppData\Local\Programs\Python\Python310\Lib\html\entities.py first seen with mtime 1648092104.0
File C:\Users\nhall\Documents\Systems\CS-Directory\display\admin.py first seen with mtime 1649963422.865705
File C:\Users\nhall\Documents\Systems\CS-Directory\venv\Lib\site-packages\django\template\loaders\base.py first seen with mtime 1651675282.1763208
File C:\Users\nhall\AppData\Local\Programs\Python\Python310\DLLs\_ctypes.pyd first seen with mtime 1648092142.0
File C:\Users\nhall\Documents\Systems\CS-Directory\venv\Lib\site-packages\ldap\pkginfo.py first seen with mtime 1651676162.292429
File C:\Users\nhall\Documents\Systems\CS-Directory\venv\Lib\site-packages\crispy_forms\templatetags\__init__.py first seen with mtime 1651675336.4410062
File C:\Users\nhall\AppData\Local\Programs\Python\Python310\DLLs\_socket.pyd first seen with mtime 1648092140.0
File C:\Users\nhall\Documents\Systems\CS-Directory\venv\Lib\site-packages\django\db\backends\base\operations.py first seen with mtime 1651675282.0062826
File C:\Users\nhall\AppData\Local\Programs\Python\Python310\Lib\contextvars.py first seen with mtime 1648092104.0
File C:\Users\nhall\Documents\Systems\CS-Directory\venv\Lib\site-packages\django\db\migrations\operations\models.py first seen with mtime 1651675282.050292
File C:\Users\nhall\Documents\Systems\CS-Directory\venv\Lib\site-packages\ldap\controls\libldap.py first seen with mtime 1651676162.3074315
File C:\Users\nhall\AppData\Local\Programs\Python\Python310\Lib\asyncio\events.py first seen with mtime 1648092104.0
File C:\Users\nhall\AppData\Local\Programs\Python\Python310\Lib\linecache.py first seen with mtime 1648092104.0
File C:\Users\nhall\AppData\Local\Programs\Python\Python310\Lib\zoneinfo\__init__.py first seen with mtime 1648092106.0
File C:\Users\nhall\Documents\Systems\CS-Directory\venv\Lib\site-packages\django\utils\_os.py first seen with mtime 1651675282.1943245
File C:\Users\nhall\Documents\Systems\CS-Directory\venv\Lib\site-packages\django\contrib\admin\decorators.py first seen with mtime 1651675279.752857
File C:\Users\nhall\AppData\Local\Programs\Python\Python310\Lib\signal.py first seen with mtime 1648092104.0
File C:\Users\nhall\Documents\Systems\CS-Directory\display\apps.py first seen with mtime 1649963422.865705
File C:\Users\nhall\Documents\Systems\CS-Directory\venv\Lib\site-packages\django\http\cookie.py first seen with mtime 1651675282.1523142
File C:\Users\nhall\Documents\Systems\CS-Directory\venv\Lib\site-packages\ldap\schema\subentry.py first seen with mtime 1651676162.3284361
File C:\Users\nhall\Documents\Systems\CS-Directory\venv\Lib\site-packages\django\db\migrations\utils.py first seen with mtime 1651675282.0462906
File C:\Users\nhall\Documents\Systems\CS-Directory\venv\Lib\site-packages\django\views\generic\edit.py first seen with mtime 1651675282.2401872
File C:\Users\nhall\Documents\Systems\CS-Directory\venv\Lib\site-packages\asgiref\current_thread_executor.py first seen with mtime 1651675279.3547752
File C:\Users\nhall\AppData\Local\Programs\Python\Python310\Lib\wsgiref\headers.py first seen with mtime 1648092106.0
File C:\Users\nhall\AppData\Local\Programs\Python\Python310\DLLs\_zoneinfo.pyd first seen with mtime 1648092142.0
File C:\Users\nhall\Documents\Systems\CS-Directory\venv\Lib\site-packages\django\db\utils.py first seen with mtime 1651675281.9972801
File C:\Users\nhall\AppData\Local\Programs\Python\Python310\DLLs\select.pyd first seen with mtime 1648092140.0
File C:\Users\nhall\Documents\Systems\CS-Directory\venv\Lib\site-packages\django\contrib\admin\options.py first seen with mtime 1651675279.7568576
File C:\Users\nhall\Documents\Systems\CS-Directory\venv\Lib\site-packages\django\contrib\auth\base_user.py first seen with mtime 1651675280.3649533
File C:\Users\nhall\AppData\Local\Programs\Python\Python310\Lib\collections\__init__.py first seen with mtime 1648092104.0
File C:\Users\nhall\AppData\Local\Programs\Python\Python310\DLLs\_ssl.pyd first seen with mtime 1648092142.0
File C:\Users\nhall\Documents\Systems\CS-Directory\venv\Lib\site-packages\django\db\migrations\operations\__init__.py first seen with mtime 1651675282.0472908
File C:\Users\nhall\Documents\Systems\CS-Directory\venv\Lib\site-packages\pyasn1\type\tag.py first seen with mtime 1651676161.19887
File C:\Users\nhall\Documents\Systems\CS-Directory\venv\Lib\site-packages\pyasn1\compat\integer.py first seen with mtime 1651676161.1908686
File C:\Users\nhall\AppData\Local\Programs\Python\Python310\Lib\asyncio\subprocess.py first seen with mtime 1648092104.0
File C:\Users\nhall\AppData\Local\Programs\Python\Python310\Lib\urllib\__init__.py first seen with mtime 1648092106.0
File C:\Users\nhall\Documents\Systems\CS-Directory\venv\Lib\site-packages\django\contrib\admin\views\autocomplete.py first seen with mtime 1651675280.1999152
File C:\Users\nhall\Documents\Systems\CS-Directory\venv\Lib\site-packages\django\template\engine.py first seen with mtime 1651675282.1663187
File C:\Users\nhall\Documents\Systems\CS-Directory\venv\Lib\site-packages\asgiref\local.py first seen with mtime 1651675279.355775
File C:\Users\nhall\Documents\Systems\CS-Directory\venv\Lib\site-packages\pyasn1\compat\octets.py first seen with mtime 1651676161.1918688
File C:\Users\nhall\AppData\Local\Programs\Python\Python310\Lib\email\message.py first seen with mtime 1648092104.0
File C:\Users\nhall\Documents\Systems\CS-Directory\venv\Lib\site-packages\django\contrib\admin\templatetags\admin_modify.py first seen with mtime 1651675280.1959143
File C:\Users\nhall\AppData\Local\Programs\Python\Python310\Lib\ctypes\__init__.py first seen with mtime 1648092104.0
File C:\Users\nhall\Documents\Systems\CS-Directory\venv\Lib\site-packages\django\views\decorators\common.py first seen with mtime 1651675282.2331858
File C:\Users\nhall\Documents\Systems\CS-Directory\venv\Lib\site-packages\django\contrib\staticfiles\urls.py first seen with mtime 1651675281.9172614
File C:\Users\nhall\Documents\Systems\CS-Directory\venv\Lib\site-packages\django\apps\registry.py first seen with mtime 1651675279.4718006
File C:\Users\nhall\AppData\Local\Programs\Python\Python310\Lib\bz2.py first seen with mtime 1648092104.0
File C:\Users\nhall\AppData\Local\Programs\Python\Python310\Lib\email\policy.py first seen with mtime 1648092104.0
File C:\Users\nhall\Documents\Systems\CS-Directory\venv\Lib\site-packages\django\apps\config.py first seen with mtime 1651675279.4718006
File C:\Users\nhall\AppData\Local\Programs\Python\Python310\Lib\urllib\response.py first seen with mtime 1648092106.0
File C:\Users\nhall\Documents\Systems\CS-Directory\venv\Lib\site-packages\django\db\models\functions\__init__.py first seen with mtime 1651675282.0722966
File C:\Users\nhall\Documents\Systems\CS-Directory\venv\Lib\site-packages\django\core\servers\__init__.py first seen with mtime 1651675281.9952796
File C:\Users\nhall\Documents\Systems\CS-Directory\venv\Lib\site-packages\pyasn1\type\__init__.py first seen with mtime 1651676161.1938686
File C:\Users\nhall\Documents\Systems\CS-Directory\venv\Lib\site-packages\pyasn1\codec\cer\__init__.py first seen with mtime 1651676161.180866
File C:\Users\nhall\Documents\Systems\CS-Directory\venv\Lib\site-packages\django\core\files\__init__.py first seen with mtime 1651675281.94927
File C:\Users\nhall\Documents\Systems\CS-Directory\venv\Lib\site-packages\pyasn1\codec\__init__.py first seen with mtime 1651676161.1778734
File C:\Users\nhall\AppData\Local\Programs\Python\Python310\Lib\gettext.py first seen with mtime 1648092104.0
File C:\Users\nhall\Documents\Systems\CS-Directory\venv\Lib\site-packages\django\db\models\sql\subqueries.py first seen with mtime 1651675282.0812993
File C:\Users\nhall\AppData\Local\Programs\Python\Python310\DLLs\_bz2.pyd first seen with mtime 1648092140.0
File C:\Users\nhall\Documents\Systems\CS-Directory\venv\Lib\site-packages\ldap\__init__.py first seen with mtime 1651676162.2844265
File C:\Users\nhall\AppData\Local\Programs\Python\Python310\Lib\tokenize.py first seen with mtime 1648092104.0
File C:\Users\nhall\Documents\Systems\CS-Directory\venv\Lib\site-packages\django\db\models\constants.py first seen with mtime 1651675282.054292
File C:\Users\nhall\Documents\Systems\CS-Directory\venv\Lib\site-packages\django\http\__init__.py first seen with mtime 1651675282.151316
File C:\Users\nhall\AppData\Local\Programs\Python\Python310\Lib\urllib\request.py first seen with mtime 1648092106.0
File C:\Users\nhall\Documents\Systems\CS-Directory\venv\Lib\site-packages\django\contrib\messages\__init__.py first seen with mtime 1651675281.2601538
File C:\Users\nhall\Documents\Systems\CS-Directory\venv\Lib\site-packages\crispy_forms\utils.py first seen with mtime 1651675336.3519864
File C:\Users\nhall\Documents\Systems\CS-Directory\venv\Lib\site-packages\django\db\models\options.py first seen with mtime 1651675282.0602942
File C:\Users\nhall\Documents\Systems\CS-Directory\venv\Lib\site-packages\crispy_forms\helper.py first seen with mtime 1651675336.3499858
File C:\Users\nhall\Documents\Systems\CS-Directory\venv\Lib\site-packages\django\contrib\admin\checks.py first seen with mtime 1651675279.7518566
File C:\Users\nhall\Documents\Systems\CS-Directory\venv\Lib\site-packages\django\db\models\fields\related.py first seen with mtime 1651675282.0692987
File C:\Users\nhall\AppData\Local\Programs\Python\Python310\Lib\codecs.py first seen with mtime 1648092104.0
File C:\Users\nhall\AppData\Local\Programs\Python\Python310\Lib\sre_constants.py first seen with mtime 1648092104.0
File C:\Users\nhall\Documents\Systems\CS-Directory\venv\Lib\site-packages\django\contrib\messages\apps.py first seen with mtime 1651675281.2611542
File C:\Users\nhall\Documents\Systems\CS-Directory\venv\Lib\site-packages\django\db\models\functions\comparison.py first seen with mtime 1651675282.0722966
File C:\Users\nhall\Documents\Systems\CS-Directory\venv\Lib\site-packages\django\db\backends\sqlite3\creation.py first seen with mtime 1651675282.033288
File C:\Users\nhall\Documents\Systems\CS-Directory\venv\Lib\site-packages\django\http\response.py first seen with mtime 1651675282.1543152
File C:\Users\nhall\Documents\Systems\CS-Directory\venv\Lib\site-packages\django\views\generic\base.py first seen with mtime 1651675282.2381866
File C:\Users\nhall\Documents\Systems\CS-Directory\venv\Lib\site-packages\pyasn1\type\tagmap.py first seen with mtime 1651676161.19887
File C:\Users\nhall\Documents\Systems\CS-Directory\venv\Lib\site-packages\django\core\checks\registry.py first seen with mtime 1651675281.942268
File C:\Users\nhall\AppData\Local\Programs\Python\Python310\Lib\_weakrefset.py first seen with mtime 1648092104.0
File C:\Users\nhall\AppData\Local\Programs\Python\Python310\Lib\mimetypes.py first seen with mtime 1648092104.0
File C:\Users\nhall\AppData\Local\Programs\Python\Python310\Lib\asyncio\trsock.py first seen with mtime 1648092104.0
File C:\Users\nhall\Documents\Systems\CS-Directory\venv\Lib\site-packages\django\core\checks\async_checks.py first seen with mtime 1651675281.9382665
File C:\Users\nhall\AppData\Local\Programs\Python\Python310\Lib\abc.py first seen with mtime 1648092104.0
File C:\Users\nhall\Documents\Systems\CS-Directory\venv\Lib\site-packages\django\core\cache\backends\base.py first seen with mtime 1651675281.9332654
File C:\Users\nhall\Documents\Systems\CS-Directory\venv\Lib\site-packages\django\core\cache\backends\filebased.py first seen with mtime 1651675281.935266
File C:\Users\nhall\Documents\Systems\CS-Directory\venv\Lib\site-packages\django\contrib\auth\tokens.py first seen with mtime 1651675280.3739543
File C:\Users\nhall\Documents\Systems\CS-Directory\venv\Lib\site-packages\django\db\models\expressions.py first seen with mtime 1651675282.057293
File C:\Users\nhall\AppData\Local\Programs\Python\Python310\Lib\functools.py first seen with mtime 1648092104.0
File C:\Users\nhall\Documents\Systems\CS-Directory\venv\Lib\site-packages\django\core\serializers\base.py first seen with mtime 1651675281.9912777
File C:\Users\nhall\Documents\Systems\CS-Directory\venv\Lib\site-packages\ldap\ldapobject.py first seen with mtime 1651676162.2904284
File C:\Users\nhall\Documents\Systems\CS-Directory\venv\Lib\site-packages\django\templatetags\cache.py first seen with mtime 1651675282.17932
File C:\Users\nhall\Documents\Systems\CS-Directory\venv\Lib\site-packages\django\utils\timezone.py first seen with mtime 1651675282.220183
File C:\Users\nhall\AppData\Local\Programs\Python\Python310\Lib\struct.py first seen with mtime 1648092104.0
File C:\Users\nhall\Documents\Systems\CS-Directory\venv\Lib\site-packages\django\contrib\staticfiles\checks.py first seen with mtime 1651675281.9142623
File C:\Users\nhall\Documents\Systems\CS-Directory\venv\Lib\site-packages\django\db\backends\base\introspection.py first seen with mtime 1651675282.0052824
File C:\Users\nhall\AppData\Local\Programs\Python\Python310\Lib\getpass.py first seen with mtime 1648092104.0
File C:\Users\nhall\AppData\Local\Programs\Python\Python310\Lib\stat.py first seen with mtime 1648092104.0
File C:\Users\nhall\AppData\Local\Programs\Python\Python310\DLLs\_asyncio.pyd first seen with mtime 1648092142.0
File C:\Users\nhall\Documents\Systems\CS-Directory\venv\Lib\site-packages\django\template\loader_tags.py first seen with mtime 1651675282.1693184
File C:\Users\nhall\AppData\Local\Programs\Python\Python310\Lib\ast.py first seen with mtime 1648092104.0
File C:\Users\nhall\Documents\Systems\CS-Directory\venv\Lib\site-packages\django\db\models\base.py first seen with mtime 1651675282.054292
File C:\Users\nhall\Documents\Systems\CS-Directory\venv\Lib\site-packages\django\db\models\query.py first seen with mtime 1651675282.0622966
File C:\Users\nhall\Documents\Systems\CS-Directory\venv\Lib\site-packages\django\urls\resolvers.py first seen with mtime 1651675282.1923237
File C:\Users\nhall\Documents\Systems\CS-Directory\venv\Lib\site-packages\django\utils\html.py first seen with mtime 1651675282.2093277
File C:\Users\nhall\Documents\Systems\CS-Directory\venv\Lib\site-packages\pyasn1\type\useful.py first seen with mtime 1651676161.2008705
File C:\Users\nhall\Documents\Systems\CS-Directory\venv\Lib\site-packages\django\contrib\admin\__init__.py first seen with mtime 1651675279.7498572
File C:\Users\nhall\Documents\Systems\CS-Directory\venv\Lib\site-packages\pyasn1_modules\__init__.py first seen with mtime 1651676161.4510057
File C:\Users\nhall\AppData\Local\Programs\Python\Python310\Lib\wsgiref\util.py first seen with mtime 1648092106.0
File C:\Users\nhall\Documents\Systems\CS-Directory\venv\Lib\site-packages\sqlparse\__init__.py first seen with mtime 1651675279.129977
File C:\Users\nhall\AppData\Local\Programs\Python\Python310\Lib\json\__init__.py first seen with mtime 1648092104.0
File C:\Users\nhall\AppData\Local\Programs\Python\Python310\Lib\asyncio\proactor_events.py first seen with mtime 1648092104.0
File C:\Users\nhall\AppData\Local\Programs\Python\Python310\Lib\inspect.py first seen with mtime 1648092104.0
File C:\Users\nhall\AppData\Local\Programs\Python\Python310\Lib\unittest\case.py first seen with mtime 1648092104.0
File C:\Users\nhall\Documents\Systems\CS-Directory\venv\Lib\site-packages\django\utils\deconstruct.py first seen with mtime 1651675282.2033262
File C:\Users\nhall\Documents\Systems\CS-Directory\venv\Lib\site-packages\pyasn1\type\error.py first seen with mtime 1651676161.1958697
File C:\Users\nhall\Documents\Systems\CS-Directory\display\urls.py first seen with mtime 1652194266.8856032
File C:\Users\nhall\AppData\Local\Programs\Python\Python310\Lib\traceback.py first seen with mtime 1648092104.0
File C:\Users\nhall\Documents\Systems\CS-Directory\venv\Lib\site-packages\django\template\library.py first seen with mtime 1651675282.1673186
File C:\Users\nhall\Documents\Systems\CS-Directory\venv\Lib\site-packages\django\db\backends\sqlite3\operations.py first seen with mtime 1651675282.0362897
File C:\Users\nhall\AppData\Local\Programs\Python\Python310\Lib\opcode.py first seen with mtime 1648092104.0
File C:\Users\nhall\Documents\Systems\CS-Directory\venv\Lib\site-packages\django\db\models\fields\related_descriptors.py first seen with mtime 1651675282.070298
File C:\Users\nhall\Documents\Systems\CS-Directory\venv\Lib\site-packages\django\contrib\admin\widgets.py first seen with mtime 1651675279.7598584
File C:\Users\nhall\AppData\Local\Programs\Python\Python310\Lib\dis.py first seen with mtime 1648092104.0
File C:\Users\nhall\Documents\Systems\CS-Directory\venv\Lib\site-packages\django\contrib\contenttypes\models.py first seen with mtime 1651675280.551994
File C:\Users\nhall\AppData\Local\Programs\Python\Python310\Lib\fnmatch.py first seen with mtime 1648092104.0
File C:\Users\nhall\Documents\Systems\CS-Directory\venv\Lib\site-packages\django\template\loaders\filesystem.py first seen with mtime 1651675282.1773207
File C:\Users\nhall\AppData\Local\Programs\Python\Python310\Lib\logging\config.py first seen with mtime 1648092104.0
File C:\Users\nhall\AppData\Local\Programs\Python\Python310\Lib\warnings.py first seen with mtime 1648092106.0
File C:\Users\nhall\AppData\Local\Programs\Python\Python310\Lib\encodings\cp1252.py first seen with mtime 1648092104.0
File C:\Users\nhall\Documents\Systems\CS-Directory\venv\Lib\site-packages\django\http\multipartparser.py first seen with mtime 1651675282.1523142
File C:\Users\nhall\Documents\Systems\CS-Directory\venv\Lib\site-packages\crispy_forms\templatetags\crispy_forms_field.py first seen with mtime 1651675336.4410062
File C:\Users\nhall\Documents\Systems\CS-Directory\venv\Lib\site-packages\django\contrib\auth\models.py first seen with mtime 1651675280.3719535
File C:\Users\nhall\AppData\Local\Programs\Python\Python310\Lib\_compression.py first seen with mtime 1648092104.0
File C:\Users\nhall\Documents\Systems\CS-Directory\venv\Lib\site-packages\ldap\controls\simple.py first seen with mtime 1651676162.3124323
File C:\Users\nhall\AppData\Local\Programs\Python\Python310\Lib\sre_compile.py first seen with mtime 1648092104.0
File C:\Users\nhall\AppData\Local\Programs\Python\Python310\Lib\http\__init__.py first seen with mtime 1648092104.0
File C:\Users\nhall\Documents\Systems\CS-Directory\venv\Lib\site-packages\django\contrib\admin\templatetags\admin_urls.py first seen with mtime 1651675280.1969142
File C:\Users\nhall\Documents\Systems\CS-Directory\venv\Lib\site-packages\django\urls\conf.py first seen with mtime 1651675282.190324
File C:\Users\nhall\Documents\Systems\CS-Directory\venv\Lib\site-packages\django\core\checks\translation.py first seen with mtime 1651675281.9442682
File C:\Users\nhall\AppData\Local\Programs\Python\Python310\Lib\asyncio\__init__.py first seen with mtime 1648092104.0
File C:\Users\nhall\Documents\Systems\CS-Directory\venv\Lib\site-packages\django\db\models\fields\related_lookups.py first seen with mtime 1651675282.070298
File C:\Users\nhall\Documents\Systems\CS-Directory\venv\Lib\site-packages\django\contrib\staticfiles\views.py first seen with mtime 1651675281.9192643
File C:\Users\nhall\Documents\Systems\CS-Directory\venv\Lib\site-packages\django\core\management\commands\runserver.py first seen with mtime 1651675281.9822776
File C:\Users\nhall\AppData\Local\Programs\Python\Python310\Lib\zoneinfo\_tzpath.py first seen with mtime 1648092106.0
File C:\Users\nhall\Documents\Systems\CS-Directory\venv\Lib\site-packages\django\contrib\messages\api.py first seen with mtime 1651675281.2601538
File C:\Users\nhall\Documents\Systems\CS-Directory\venv\Lib\site-packages\django\forms\forms.py first seen with mtime 1651675282.0893018
File C:\Users\nhall\Documents\Systems\CS-Directory\venv\Lib\site-packages\django\core\checks\caches.py first seen with mtime 1651675281.9392674
File C:\Users\nhall\Documents\Systems\CS-Directory\venv\Lib\site-packages\_ldap.cp310-win_amd64.pyd first seen with mtime 1651676162.2804244
File C:\Users\nhall\Documents\Systems\CS-Directory\venv\Lib\site-packages\django\forms\formsets.py first seen with mtime 1651675282.0893018
File C:\Users\nhall\Documents\Systems\CS-Directory\venv\Lib\site-packages\django\utils\decorators.py first seen with mtime 1651675282.2043264
File C:\Users\nhall\Documents\Systems\CS-Directory\venv\Lib\site-packages\pyasn1\compat\dateandtime.py first seen with mtime 1651676161.1898675
File C:\Users\nhall\Documents\Systems\CS-Directory\venv\Lib\site-packages\django\contrib\sessions\models.py first seen with mtime 1651675281.575185
File C:\Users\nhall\AppData\Local\Programs\Python\Python310\Lib\asyncio\queues.py first seen with mtime 1648092104.0
File C:\Users\nhall\AppData\Local\Programs\Python\Python310\Lib\selectors.py first seen with mtime 1648092104.0
File C:\Users\nhall\AppData\Local\Programs\Python\Python310\Lib\email\feedparser.py first seen with mtime 1648092104.0
File C:\Users\nhall\Documents\Systems\CS-Directory\venv\Lib\site-packages\django\db\migrations\__init__.py first seen with mtime 1651675282.0372891
File C:\Users\nhall\Documents\Systems\CS-Directory\venv\Lib\site-packages\django\utils\connection.py first seen with mtime 1651675282.1983254
File C:\Users\nhall\Documents\Systems\CS-Directory\venv\Lib\site-packages\django\utils\lorem_ipsum.py first seen with mtime 1651675282.2141814
File C:\Users\nhall\AppData\Local\Programs\Python\Python310\Lib\email\encoders.py first seen with mtime 1648092104.0
File C:\Users\nhall\AppData\Local\Programs\Python\Python310\DLLs\unicodedata.pyd first seen with mtime 1648092142.0
File C:\Users\nhall\Documents\Systems\CS-Directory\venv\Lib\site-packages\django\contrib\auth\forms.py first seen with mtime 1651675280.3689528
File C:\Users\nhall\AppData\Local\Programs\Python\Python310\Lib\pprint.py first seen with mtime 1648092104.0
File C:\Users\nhall\Documents\Systems\CS-Directory\venv\Lib\site-packages\django\db\__init__.py first seen with mtime 1651675281.9962792
File C:\Users\nhall\Documents\Systems\CS-Directory\venv\Lib\site-packages\django\core\checks\messages.py first seen with mtime 1651675281.9412673
File C:\Users\nhall\Documents\Systems\CS-Directory\venv\Lib\site-packages\asgiref\sync.py first seen with mtime 1651675279.3577812
File C:\Users\nhall\Documents\Systems\CS-Directory\venv\Lib\site-packages\django\shortcuts.py first seen with mtime 1651675279.4698067
File C:\Users\nhall\AppData\Local\Programs\Python\Python310\Lib\collections\abc.py first seen with mtime 1648092104.0
File C:\Users\nhall\Documents\Systems\CS-Directory\venv\Lib\site-packages\ldap\schema\tokenizer.py first seen with mtime 1651676162.3284361
File C:\Users\nhall\Documents\Systems\CS-Directory\venv\Lib\site-packages\pyasn1\__init__.py first seen with mtime 1651676161.1758692
File C:\Users\nhall\Documents\Systems\CS-Directory\venv\Lib\site-packages\django\db\migrations\state.py first seen with mtime 1651675282.0452907
File C:\Users\nhall\AppData\Local\Programs\Python\Python310\Lib\decimal.py first seen with mtime 1648092104.0
File C:\Users\nhall\AppData\Local\Programs\Python\Python310\Lib\email\headerregistry.py first seen with mtime 1648092104.0
File C:\Users\nhall\Documents\Systems\CS-Directory\venv\Lib\site-packages\django\conf\urls\__init__.py first seen with mtime 1651675279.7468555
File C:\Users\nhall\Documents\Systems\CS-Directory\venv\Lib\site-packages\django\core\checks\files.py first seen with mtime 1651675281.9402676
File C:\Users\nhall\Documents\Systems\CS-Directory\venv\Lib\site-packages\django\contrib\contenttypes\fields.py first seen with mtime 1651675280.5509944
File C:\Users\nhall\AppData\Local\Programs\Python\Python310\Lib\email\generator.py first seen with mtime 1648092104.0
File C:\Users\nhall\Documents\Systems\CS-Directory\display\templates\fac_detail.html first seen with mtime 1650396958.666744
File C:\Users\nhall\Documents\Systems\CS-Directory\display\templates\fac_edit.html first seen with mtime 1650405341.0095584
File C:\Users\nhall\Documents\Systems\CS-Directory\display\templates\fac_modal.html first seen with mtime 1650384030.0666592
File C:\Users\nhall\Documents\Systems\CS-Directory\display\templates\index.html first seen with mtime 1650396297.6720493
File C:\Users\nhall\Documents\Systems\CS-Directory\display\templates\research_category.html first seen with mtime 1650483163.3029616
File C:\Users\nhall\Documents\Systems\CS-Directory\venv\lib\site-packages\crispy_forms\templates\bootstrap first seen with mtime 1651675336.360988
File C:\Users\nhall\Documents\Systems\CS-Directory\venv\lib\site-packages\crispy_forms\templates\bootstrap3 first seen with mtime 1651675336.3849957
File C:\Users\nhall\Documents\Systems\CS-Directory\venv\lib\site-packages\crispy_forms\templates\bootstrap4 first seen with mtime 1651675336.409999
File C:\Users\nhall\Documents\Systems\CS-Directory\venv\lib\site-packages\crispy_forms\templates\uni_form first seen with mtime 1651675336.4360044
File C:\Users\nhall\Documents\Systems\CS-Directory\venv\lib\site-packages\crispy_forms\templates\bootstrap\accordion-group.html first seen with mtime 1651675336.3529868
File C:\Users\nhall\Documents\Systems\CS-Directory\venv\lib\site-packages\crispy_forms\templates\bootstrap\accordion.html first seen with mtime 1651675336.3539877
File C:\Users\nhall\Documents\Systems\CS-Directory\venv\lib\site-packages\crispy_forms\templates\bootstrap\betterform.html first seen with mtime 1651675336.354988
File C:\Users\nhall\Documents\Systems\CS-Directory\venv\lib\site-packages\crispy_forms\templates\bootstrap\display_form.html first seen with mtime 1651675336.354988
File C:\Users\nhall\Documents\Systems\CS-Directory\venv\lib\site-packages\crispy_forms\templates\bootstrap\errors.html first seen with mtime 1651675336.355987
File C:\Users\nhall\Documents\Systems\CS-Directory\venv\lib\site-packages\crispy_forms\templates\bootstrap\errors_formset.html first seen with mtime 1651675336.3569882
File C:\Users\nhall\Documents\Systems\CS-Directory\venv\lib\site-packages\crispy_forms\templates\bootstrap\field.html first seen with mtime 1651675336.3569882
File C:\Users\nhall\Documents\Systems\CS-Directory\venv\lib\site-packages\crispy_forms\templates\bootstrap\layout first seen with mtime 1651675336.375992
File C:\Users\nhall\Documents\Systems\CS-Directory\venv\lib\site-packages\crispy_forms\templates\bootstrap\table_inline_formset.html first seen with mtime 1651675336.3579874
File C:\Users\nhall\Documents\Systems\CS-Directory\venv\lib\site-packages\crispy_forms\templates\bootstrap\uni_form.html first seen with mtime 1651675336.358997
File C:\Users\nhall\Documents\Systems\CS-Directory\venv\lib\site-packages\crispy_forms\templates\bootstrap\uni_formset.html first seen with mtime 1651675336.358997
File C:\Users\nhall\Documents\Systems\CS-Directory\venv\lib\site-packages\crispy_forms\templates\bootstrap\whole_uni_form.html first seen with mtime 1651675336.3599882
File C:\Users\nhall\Documents\Systems\CS-Directory\venv\lib\site-packages\crispy_forms\templates\bootstrap\whole_uni_formset.html first seen with mtime 1651675336.360988
File C:\Users\nhall\Documents\Systems\CS-Directory\venv\lib\site-packages\crispy_forms\templates\bootstrap\layout\alert.html first seen with mtime 1651675336.360988
File C:\Users\nhall\Documents\Systems\CS-Directory\venv\lib\site-packages\crispy_forms\templates\bootstrap\layout\baseinput.html first seen with mtime 1651675336.361999
File C:\Users\nhall\Documents\Systems\CS-Directory\venv\lib\site-packages\crispy_forms\templates\bootstrap\layout\button.html first seen with mtime 1651675336.3629913
File C:\Users\nhall\Documents\Systems\CS-Directory\venv\lib\site-packages\crispy_forms\templates\bootstrap\layout\buttonholder.html first seen with mtime 1651675336.3639884
File C:\Users\nhall\Documents\Systems\CS-Directory\venv\lib\site-packages\crispy_forms\templates\bootstrap\layout\checkboxselectmultiple.html first seen with mtime 1651675336.3639884
File C:\Users\nhall\Documents\Systems\CS-Directory\venv\lib\site-packages\crispy_forms\templates\bootstrap\layout\checkboxselectmultiple_inline.html first seen with mtime 1651675336.3649893
File C:\Users\nhall\Documents\Systems\CS-Directory\venv\lib\site-packages\crispy_forms\templates\bootstrap\layout\column.html first seen with mtime 1651675336.3659892
File C:\Users\nhall\Documents\Systems\CS-Directory\venv\lib\site-packages\crispy_forms\templates\bootstrap\layout\div.html first seen with mtime 1651675336.3659892
File C:\Users\nhall\Documents\Systems\CS-Directory\venv\lib\site-packages\crispy_forms\templates\bootstrap\layout\fieldset.html first seen with mtime 1651675336.3689902
File C:\Users\nhall\Documents\Systems\CS-Directory\venv\lib\site-packages\crispy_forms\templates\bootstrap\layout\field_errors.html first seen with mtime 1651675336.36699
File C:\Users\nhall\Documents\Systems\CS-Directory\venv\lib\site-packages\crispy_forms\templates\bootstrap\layout\field_errors_block.html first seen with mtime 1651675336.36799
File C:\Users\nhall\Documents\Systems\CS-Directory\venv\lib\site-packages\crispy_forms\templates\bootstrap\layout\field_with_buttons.html first seen with mtime 1651675336.36799
File C:\Users\nhall\Documents\Systems\CS-Directory\venv\lib\site-packages\crispy_forms\templates\bootstrap\layout\formactions.html first seen with mtime 1651675336.3689902
File C:\Users\nhall\Documents\Systems\CS-Directory\venv\lib\site-packages\crispy_forms\templates\bootstrap\layout\help_text.html first seen with mtime 1651675336.36999
File C:\Users\nhall\Documents\Systems\CS-Directory\venv\lib\site-packages\crispy_forms\templates\bootstrap\layout\help_text_and_errors.html first seen with mtime 1651675336.36999
File C:\Users\nhall\Documents\Systems\CS-Directory\venv\lib\site-packages\crispy_forms\templates\bootstrap\layout\multifield.html first seen with mtime 1651675336.370991
File C:\Users\nhall\Documents\Systems\CS-Directory\venv\lib\site-packages\crispy_forms\templates\bootstrap\layout\prepended_appended_text.html first seen with mtime 1651675336.3719904
File C:\Users\nhall\Documents\Systems\CS-Directory\venv\lib\site-packages\crispy_forms\templates\bootstrap\layout\radioselect.html first seen with mtime 1651675336.3719904
File C:\Users\nhall\Documents\Systems\CS-Directory\venv\lib\site-packages\crispy_forms\templates\bootstrap\layout\radioselect_inline.html first seen with mtime 1651675336.3729906
File C:\Users\nhall\Documents\Systems\CS-Directory\venv\lib\site-packages\crispy_forms\templates\bootstrap\layout\row.html first seen with mtime 1651675336.3739922
File C:\Users\nhall\Documents\Systems\CS-Directory\venv\lib\site-packages\crispy_forms\templates\bootstrap\layout\tab-link.html first seen with mtime 1651675336.3749928
File C:\Users\nhall\Documents\Systems\CS-Directory\venv\lib\site-packages\crispy_forms\templates\bootstrap\layout\tab.html first seen with mtime 1651675336.3749928
File C:\Users\nhall\Documents\Systems\CS-Directory\venv\lib\site-packages\crispy_forms\templates\bootstrap\layout\uneditable_input.html first seen with mtime 1651675336.375992
File C:\Users\nhall\Documents\Systems\CS-Directory\venv\lib\site-packages\crispy_forms\templates\bootstrap3\accordion-group.html first seen with mtime 1651675336.376993
File C:\Users\nhall\Documents\Systems\CS-Directory\venv\lib\site-packages\crispy_forms\templates\bootstrap3\accordion.html first seen with mtime 1651675336.376993
File C:\Users\nhall\Documents\Systems\CS-Directory\venv\lib\site-packages\crispy_forms\templates\bootstrap3\betterform.html first seen with mtime 1651675336.3779929
File C:\Users\nhall\Documents\Systems\CS-Directory\venv\lib\site-packages\crispy_forms\templates\bootstrap3\display_form.html first seen with mtime 1651675336.3789926
File C:\Users\nhall\Documents\Systems\CS-Directory\venv\lib\site-packages\crispy_forms\templates\bootstrap3\errors.html first seen with mtime 1651675336.3789926
File C:\Users\nhall\Documents\Systems\CS-Directory\venv\lib\site-packages\crispy_forms\templates\bootstrap3\errors_formset.html first seen with mtime 1651675336.3799946
File C:\Users\nhall\Documents\Systems\CS-Directory\venv\lib\site-packages\crispy_forms\templates\bootstrap3\field.html first seen with mtime 1651675336.3809943
File C:\Users\nhall\Documents\Systems\CS-Directory\venv\lib\site-packages\crispy_forms\templates\bootstrap3\inputs.html first seen with mtime 1651675336.3809943
File C:\Users\nhall\Documents\Systems\CS-Directory\venv\lib\site-packages\crispy_forms\templates\bootstrap3\layout first seen with mtime 1651675336.400998
File C:\Users\nhall\Documents\Systems\CS-Directory\venv\lib\site-packages\crispy_forms\templates\bootstrap3\multifield.html first seen with mtime 1651675336.3819945
File C:\Users\nhall\Documents\Systems\CS-Directory\venv\lib\site-packages\crispy_forms\templates\bootstrap3\table_inline_formset.html first seen with mtime 1651675336.3819945
File C:\Users\nhall\Documents\Systems\CS-Directory\venv\lib\site-packages\crispy_forms\templates\bootstrap3\uni_form.html first seen with mtime 1651675336.3829944
File C:\Users\nhall\Documents\Systems\CS-Directory\venv\lib\site-packages\crispy_forms\templates\bootstrap3\uni_formset.html first seen with mtime 1651675336.3839953
File C:\Users\nhall\Documents\Systems\CS-Directory\venv\lib\site-packages\crispy_forms\templates\bootstrap3\whole_uni_form.html first seen with mtime 1651675336.3839953
File C:\Users\nhall\Documents\Systems\CS-Directory\venv\lib\site-packages\crispy_forms\templates\bootstrap3\whole_uni_formset.html first seen with mtime 1651675336.3849957
File C:\Users\nhall\Documents\Systems\CS-Directory\venv\lib\site-packages\crispy_forms\templates\bootstrap3\layout\alert.html first seen with mtime 1651675336.3849957
File C:\Users\nhall\Documents\Systems\CS-Directory\venv\lib\site-packages\crispy_forms\templates\bootstrap3\layout\baseinput.html first seen with mtime 1651675336.3859951
File C:\Users\nhall\Documents\Systems\CS-Directory\venv\lib\site-packages\crispy_forms\templates\bootstrap3\layout\button.html first seen with mtime 1651675336.386997
File C:\Users\nhall\Documents\Systems\CS-Directory\venv\lib\site-packages\crispy_forms\templates\bootstrap3\layout\buttonholder.html first seen with mtime 1651675336.386997
File C:\Users\nhall\Documents\Systems\CS-Directory\venv\lib\site-packages\crispy_forms\templates\bootstrap3\layout\checkboxselectmultiple.html first seen with mtime 1651675336.387996
File C:\Users\nhall\Documents\Systems\CS-Directory\venv\lib\site-packages\crispy_forms\templates\bootstrap3\layout\checkboxselectmultiple_inline.html first seen with mtime 1651675336.3889947
File C:\Users\nhall\Documents\Systems\CS-Directory\venv\lib\site-packages\crispy_forms\templates\bootstrap3\layout\column.html first seen with mtime 1651675336.3889947
File C:\Users\nhall\Documents\Systems\CS-Directory\venv\lib\site-packages\crispy_forms\templates\bootstrap3\layout\div.html first seen with mtime 1651675336.389995
File C:\Users\nhall\Documents\Systems\CS-Directory\venv\lib\site-packages\crispy_forms\templates\bootstrap3\layout\fieldset.html first seen with mtime 1651675336.3919952
File C:\Users\nhall\Documents\Systems\CS-Directory\venv\lib\site-packages\crispy_forms\templates\bootstrap3\layout\field_errors.html first seen with mtime 1651675336.3909955
File C:\Users\nhall\Documents\Systems\CS-Directory\venv\lib\site-packages\crispy_forms\templates\bootstrap3\layout\field_errors_block.html first seen with mtime 1651675336.3909955
File C:\Users\nhall\Documents\Systems\CS-Directory\venv\lib\site-packages\crispy_forms\templates\bootstrap3\layout\field_with_buttons.html first seen with mtime 1651675336.3919952
File C:\Users\nhall\Documents\Systems\CS-Directory\venv\lib\site-packages\crispy_forms\templates\bootstrap3\layout\formactions.html first seen with mtime 1651675336.3929956
File C:\Users\nhall\Documents\Systems\CS-Directory\venv\lib\site-packages\crispy_forms\templates\bootstrap3\layout\help_text.html first seen with mtime 1651675336.3939958
File C:\Users\nhall\Documents\Systems\CS-Directory\venv\lib\site-packages\crispy_forms\templates\bootstrap3\layout\help_text_and_errors.html first seen with mtime 1651675336.3939958
File C:\Users\nhall\Documents\Systems\CS-Directory\venv\lib\site-packages\crispy_forms\templates\bootstrap3\layout\inline_field.html first seen with mtime 1651675336.394996
File C:\Users\nhall\Documents\Systems\CS-Directory\venv\lib\site-packages\crispy_forms\templates\bootstrap3\layout\modal.html first seen with mtime 1651675336.3959959
File C:\Users\nhall\Documents\Systems\CS-Directory\venv\lib\site-packages\crispy_forms\templates\bootstrap3\layout\multifield.html first seen with mtime 1651675336.3969963
File C:\Users\nhall\Documents\Systems\CS-Directory\venv\lib\site-packages\crispy_forms\templates\bootstrap3\layout\prepended_appended_text.html first seen with mtime 1651675336.3969963
File C:\Users\nhall\Documents\Systems\CS-Directory\venv\lib\site-packages\crispy_forms\templates\bootstrap3\layout\radioselect.html first seen with mtime 1651675336.3979964
File C:\Users\nhall\Documents\Systems\CS-Directory\venv\lib\site-packages\crispy_forms\templates\bootstrap3\layout\radioselect_inline.html first seen with mtime 1651675336.3989964
File C:\Users\nhall\Documents\Systems\CS-Directory\venv\lib\site-packages\crispy_forms\templates\bootstrap3\layout\row.html first seen with mtime 1651675336.3989964
File C:\Users\nhall\Documents\Systems\CS-Directory\venv\lib\site-packages\crispy_forms\templates\bootstrap3\layout\tab-link.html first seen with mtime 1651675336.399997
File C:\Users\nhall\Documents\Systems\CS-Directory\venv\lib\site-packages\crispy_forms\templates\bootstrap3\layout\tab.html first seen with mtime 1651675336.400998
File C:\Users\nhall\Documents\Systems\CS-Directory\venv\lib\site-packages\crispy_forms\templates\bootstrap3\layout\uneditable_input.html first seen with mtime 1651675336.400998
File C:\Users\nhall\Documents\Systems\CS-Directory\venv\lib\site-packages\crispy_forms\templates\bootstrap4\accordion-group.html first seen with mtime 1651675336.4019973
File C:\Users\nhall\Documents\Systems\CS-Directory\venv\lib\site-packages\crispy_forms\templates\bootstrap4\accordion.html first seen with mtime 1651675336.402998
File C:\Users\nhall\Documents\Systems\CS-Directory\venv\lib\site-packages\crispy_forms\templates\bootstrap4\betterform.html first seen with mtime 1651675336.403998
File C:\Users\nhall\Documents\Systems\CS-Directory\venv\lib\site-packages\crispy_forms\templates\bootstrap4\display_form.html first seen with mtime 1651675336.403998
File C:\Users\nhall\Documents\Systems\CS-Directory\venv\lib\site-packages\crispy_forms\templates\bootstrap4\errors.html first seen with mtime 1651675336.4049993
File C:\Users\nhall\Documents\Systems\CS-Directory\venv\lib\site-packages\crispy_forms\templates\bootstrap4\errors_formset.html first seen with mtime 1651675336.4059982
File C:\Users\nhall\Documents\Systems\CS-Directory\venv\lib\site-packages\crispy_forms\templates\bootstrap4\field.html first seen with mtime 1651675336.4059982
File C:\Users\nhall\Documents\Systems\CS-Directory\venv\lib\site-packages\crispy_forms\templates\bootstrap4\inputs.html first seen with mtime 1651675336.4069984
File C:\Users\nhall\Documents\Systems\CS-Directory\venv\lib\site-packages\crispy_forms\templates\bootstrap4\layout first seen with mtime 1651675336.4280052
File C:\Users\nhall\Documents\Systems\CS-Directory\venv\lib\site-packages\crispy_forms\templates\bootstrap4\table_inline_formset.html first seen with mtime 1651675336.4080002
File C:\Users\nhall\Documents\Systems\CS-Directory\venv\lib\site-packages\crispy_forms\templates\bootstrap4\uni_form.html first seen with mtime 1651675336.4080002
File C:\Users\nhall\Documents\Systems\CS-Directory\venv\lib\site-packages\crispy_forms\templates\bootstrap4\uni_formset.html first seen with mtime 1651675336.4089997
File C:\Users\nhall\Documents\Systems\CS-Directory\venv\lib\site-packages\crispy_forms\templates\bootstrap4\whole_uni_form.html first seen with mtime 1651675336.4089997
File C:\Users\nhall\Documents\Systems\CS-Directory\venv\lib\site-packages\crispy_forms\templates\bootstrap4\whole_uni_formset.html first seen with mtime 1651675336.409999
File C:\Users\nhall\Documents\Systems\CS-Directory\venv\lib\site-packages\crispy_forms\templates\bootstrap4\layout\alert.html first seen with mtime 1651675336.409999
File C:\Users\nhall\Documents\Systems\CS-Directory\venv\lib\site-packages\crispy_forms\templates\bootstrap4\layout\attrs.html first seen with mtime 1651675336.411
File C:\Users\nhall\Documents\Systems\CS-Directory\venv\lib\site-packages\crispy_forms\templates\bootstrap4\layout\baseinput.html first seen with mtime 1651675336.4120004
File C:\Users\nhall\Documents\Systems\CS-Directory\venv\lib\site-packages\crispy_forms\templates\bootstrap4\layout\button.html first seen with mtime 1651675336.4129999
File C:\Users\nhall\Documents\Systems\CS-Directory\venv\lib\site-packages\crispy_forms\templates\bootstrap4\layout\buttonholder.html first seen with mtime 1651675336.4129999
File C:\Users\nhall\Documents\Systems\CS-Directory\venv\lib\site-packages\crispy_forms\templates\bootstrap4\layout\checkboxselectmultiple.html first seen with mtime 1651675336.4139998
File C:\Users\nhall\Documents\Systems\CS-Directory\venv\lib\site-packages\crispy_forms\templates\bootstrap4\layout\checkboxselectmultiple_inline.html first seen with mtime 1651675336.4139998
File C:\Users\nhall\Documents\Systems\CS-Directory\venv\lib\site-packages\crispy_forms\templates\bootstrap4\layout\column.html first seen with mtime 1651675336.4150004
File C:\Users\nhall\Documents\Systems\CS-Directory\venv\lib\site-packages\crispy_forms\templates\bootstrap4\layout\div.html first seen with mtime 1651675336.4160006
File C:\Users\nhall\Documents\Systems\CS-Directory\venv\lib\site-packages\crispy_forms\templates\bootstrap4\layout\fieldset.html first seen with mtime 1651675336.419001
File C:\Users\nhall\Documents\Systems\CS-Directory\venv\lib\site-packages\crispy_forms\templates\bootstrap4\layout\field_errors.html first seen with mtime 1651675336.4160006
File C:\Users\nhall\Documents\Systems\CS-Directory\venv\lib\site-packages\crispy_forms\templates\bootstrap4\layout\field_errors_block.html first seen with mtime 1651675336.417001
File C:\Users\nhall\Documents\Systems\CS-Directory\venv\lib\site-packages\crispy_forms\templates\bootstrap4\layout\field_file.html first seen with mtime 1651675336.4180038
File C:\Users\nhall\Documents\Systems\CS-Directory\venv\lib\site-packages\crispy_forms\templates\bootstrap4\layout\field_with_buttons.html first seen with mtime 1651675336.419001
File C:\Users\nhall\Documents\Systems\CS-Directory\venv\lib\site-packages\crispy_forms\templates\bootstrap4\layout\formactions.html first seen with mtime 1651675336.420002
File C:\Users\nhall\Documents\Systems\CS-Directory\venv\lib\site-packages\crispy_forms\templates\bootstrap4\layout\help_text.html first seen with mtime 1651675336.420002
File C:\Users\nhall\Documents\Systems\CS-Directory\venv\lib\site-packages\crispy_forms\templates\bootstrap4\layout\help_text_and_errors.html first seen with mtime 1651675336.4210017
File C:\Users\nhall\Documents\Systems\CS-Directory\venv\lib\site-packages\crispy_forms\templates\bootstrap4\layout\inline_field.html first seen with mtime 1651675336.4220016
File C:\Users\nhall\Documents\Systems\CS-Directory\venv\lib\site-packages\crispy_forms\templates\bootstrap4\layout\modal.html first seen with mtime 1651675336.4220016
File C:\Users\nhall\Documents\Systems\CS-Directory\venv\lib\site-packages\crispy_forms\templates\bootstrap4\layout\multifield.html first seen with mtime 1651675336.4230018
File C:\Users\nhall\Documents\Systems\CS-Directory\venv\lib\site-packages\crispy_forms\templates\bootstrap4\layout\prepended_appended_text.html first seen with mtime 1651675336.424002
File C:\Users\nhall\Documents\Systems\CS-Directory\venv\lib\site-packages\crispy_forms\templates\bootstrap4\layout\radioselect.html first seen with mtime 1651675336.424002
File C:\Users\nhall\Documents\Systems\CS-Directory\venv\lib\site-packages\crispy_forms\templates\bootstrap4\layout\radioselect_inline.html first seen with mtime 1651675336.4250026
File C:\Users\nhall\Documents\Systems\CS-Directory\venv\lib\site-packages\crispy_forms\templates\bootstrap4\layout\row.html first seen with mtime 1651675336.4260035
File C:\Users\nhall\Documents\Systems\CS-Directory\venv\lib\site-packages\crispy_forms\templates\bootstrap4\layout\tab-link.html first seen with mtime 1651675336.4260035
File C:\Users\nhall\Documents\Systems\CS-Directory\venv\lib\site-packages\crispy_forms\templates\bootstrap4\layout\tab.html first seen with mtime 1651675336.4270034
File C:\Users\nhall\Documents\Systems\CS-Directory\venv\lib\site-packages\crispy_forms\templates\bootstrap4\layout\uneditable_input.html first seen with mtime 1651675336.4280052
File C:\Users\nhall\Documents\Systems\CS-Directory\venv\lib\site-packages\crispy_forms\templates\uni_form\betterform.html first seen with mtime 1651675336.4290051
File C:\Users\nhall\Documents\Systems\CS-Directory\venv\lib\site-packages\crispy_forms\templates\uni_form\display_form.html first seen with mtime 1651675336.4290051
File C:\Users\nhall\Documents\Systems\CS-Directory\venv\lib\site-packages\crispy_forms\templates\uni_form\errors.html first seen with mtime 1651675336.4300046
File C:\Users\nhall\Documents\Systems\CS-Directory\venv\lib\site-packages\crispy_forms\templates\uni_form\errors_formset.html first seen with mtime 1651675336.4310043
File C:\Users\nhall\Documents\Systems\CS-Directory\venv\lib\site-packages\crispy_forms\templates\uni_form\field.html first seen with mtime 1651675336.4320042
File C:\Users\nhall\Documents\Systems\CS-Directory\venv\lib\site-packages\crispy_forms\templates\uni_form\field.strict.html first seen with mtime 1651675336.4330044
File C:\Users\nhall\Documents\Systems\CS-Directory\venv\lib\site-packages\crispy_forms\templates\uni_form\layout first seen with mtime 1651675336.4400058
File C:\Users\nhall\Documents\Systems\CS-Directory\venv\lib\site-packages\crispy_forms\templates\uni_form\multifield.html first seen with mtime 1651675336.4330044
File C:\Users\nhall\Documents\Systems\CS-Directory\venv\lib\site-packages\crispy_forms\templates\uni_form\uni_form.html first seen with mtime 1651675336.4340048
File C:\Users\nhall\Documents\Systems\CS-Directory\venv\lib\site-packages\crispy_forms\templates\uni_form\uni_formset.html first seen with mtime 1651675336.4350054
File C:\Users\nhall\Documents\Systems\CS-Directory\venv\lib\site-packages\crispy_forms\templates\uni_form\whole_uni_form.html first seen with mtime 1651675336.4350054
File C:\Users\nhall\Documents\Systems\CS-Directory\venv\lib\site-packages\crispy_forms\templates\uni_form\whole_uni_formset.html first seen with mtime 1651675336.4360044
File C:\Users\nhall\Documents\Systems\CS-Directory\venv\lib\site-packages\crispy_forms\templates\uni_form\layout\baseinput.html first seen with mtime 1651675336.4370053
File C:\Users\nhall\Documents\Systems\CS-Directory\venv\lib\site-packages\crispy_forms\templates\uni_form\layout\buttonholder.html first seen with mtime 1651675336.4370053
File C:\Users\nhall\Documents\Systems\CS-Directory\venv\lib\site-packages\crispy_forms\templates\uni_form\layout\column.html first seen with mtime 1651675336.4380057
File C:\Users\nhall\Documents\Systems\CS-Directory\venv\lib\site-packages\crispy_forms\templates\uni_form\layout\div.html first seen with mtime 1651675336.4380057
File C:\Users\nhall\Documents\Systems\CS-Directory\venv\lib\site-packages\crispy_forms\templates\uni_form\layout\fieldset.html first seen with mtime 1651675336.4390059
File C:\Users\nhall\Documents\Systems\CS-Directory\venv\lib\site-packages\crispy_forms\templates\uni_form\layout\multifield.html first seen with mtime 1651675336.4390059
File C:\Users\nhall\Documents\Systems\CS-Directory\venv\lib\site-packages\crispy_forms\templates\uni_form\layout\row.html first seen with mtime 1651675336.4400058
File C:\Users\nhall\Documents\Systems\CS-Directory\FacultyDisplay\templates\base.html first seen with mtime 1651772185.515619
File C:\Users\nhall\Documents\Systems\CS-Directory\FacultyDisplay\templates\registration first seen with mtime 1651768104.4902775
File C:\Users\nhall\Documents\Systems\CS-Directory\FacultyDisplay\templates\registration\login.html first seen with mtime 1652195591.3003414
File C:\Users\nhall\Documents\Systems\CS-Directory\FacultyDisplay\wsgi.py first seen with mtime 1649963422.840701
File C:\Users\nhall\Documents\Systems\CS-Directory\venv\Lib\site-packages\django\contrib\auth\migrations\0003_alter_user_email_max_length.py first seen with mtime 1651675280.5389924
File C:\Users\nhall\Documents\Systems\CS-Directory\venv\Lib\site-packages\django\middleware\common.py first seen with mtime 1651675282.1563153
File C:\Users\nhall\Documents\Systems\CS-Directory\venv\Lib\site-packages\django\contrib\sessions\migrations\0001_initial.py first seen with mtime 1651675281.7362218
File C:\Users\nhall\Documents\Systems\CS-Directory\FacultyDisplay\middleware.py first seen with mtime 1652195687.7034678
File C:\Users\nhall\Documents\Systems\CS-Directory\venv\Lib\site-packages\django\contrib\sessions\backends\base.py first seen with mtime 1651675281.5771856
File C:\Users\nhall\Documents\Systems\CS-Directory\venv\Lib\site-packages\django\contrib\admin\migrations\0003_logentry_add_action_flag_choices.py first seen with mtime 1651675280.0688856
File C:\Users\nhall\Documents\Systems\CS-Directory\venv\Lib\site-packages\django\contrib\contenttypes\migrations\__init__.py first seen with mtime 1651675280.7100296
File C:\Users\nhall\Documents\Systems\CS-Directory\venv\Lib\site-packages\django\contrib\auth\migrations\0012_alter_user_first_name_max_length.py first seen with mtime 1651675280.5449924
File C:\Users\nhall\Documents\Systems\CS-Directory\venv\Lib\site-packages\django\contrib\sessions\backends\__init__.py first seen with mtime 1651675281.576186
File C:\Users\nhall\Documents\Systems\CS-Directory\venv\Lib\site-packages\django\middleware\security.py first seen with mtime 1651675282.1603177
File C:\Users\nhall\Documents\Systems\CS-Directory\venv\Lib\site-packages\django\contrib\auth\migrations\__init__.py first seen with mtime 1651675280.5449924
File C:\Users\nhall\Documents\Systems\CS-Directory\venv\Lib\site-packages\django\contrib\auth\migrations\0005_alter_user_last_login_null.py first seen with mtime 1651675280.5399916
File C:\Users\nhall\Documents\Systems\CS-Directory\venv\Lib\site-packages\django\contrib\auth\migrations\0002_alter_permission_name_max_length.py first seen with mtime 1651675280.5379922
File C:\Users\nhall\Documents\Systems\CS-Directory\venv\Lib\site-packages\django\contrib\messages\middleware.py first seen with mtime 1651675281.2631574
File C:\Users\nhall\Documents\Systems\CS-Directory\display\migrations\0002_facultymodel_customimg_alter_facultymodel_pic.py first seen with mtime 1650383894.1950767
File C:\Users\nhall\Documents\Systems\CS-Directory\venv\Lib\site-packages\django\db\migrations\executor.py first seen with mtime 1651675282.0402894
File C:\Users\nhall\Documents\Systems\CS-Directory\venv\Lib\site-packages\django\contrib\sessions\exceptions.py first seen with mtime 1651675281.5741847
File C:\Users\nhall\Documents\Systems\CS-Directory\display\migrations\0004_rename_research_facultymodel_researchtypes.py first seen with mtime 1650396783.266951
File C:\Users\nhall\Documents\Systems\CS-Directory\venv\Lib\site-packages\django\contrib\admin\migrations\0001_initial.py first seen with mtime 1651675280.066886
File C:\Users\nhall\Documents\Systems\CS-Directory\venv\Lib\site-packages\django\contrib\contenttypes\migrations\0001_initial.py first seen with mtime 1651675280.70903
File C:\Users\nhall\Documents\Systems\CS-Directory\venv\Lib\site-packages\django\middleware\clickjacking.py first seen with mtime 1651675282.1563153
File C:\Users\nhall\Documents\Systems\CS-Directory\venv\Lib\site-packages\django\contrib\admin\migrations\__init__.py first seen with mtime 1651675280.0688856
File C:\Users\nhall\Documents\Systems\CS-Directory\venv\Lib\site-packages\django\contrib\auth\migrations\0001_initial.py first seen with mtime 1651675280.5379922
File C:\Users\nhall\Documents\Systems\CS-Directory\display\migrations\0003_facultymodel_address.py first seen with mtime 1650392748.2795813
File C:\Users\nhall\Documents\Systems\CS-Directory\venv\Lib\site-packages\django\contrib\auth\migrations\0010_alter_group_name_max_length.py first seen with mtime 1651675280.5429926
File C:\Users\nhall\AppData\Local\Programs\Python\Python310\Lib\stringprep.py first seen with mtime 1648092104.0
File C:\Users\nhall\Documents\Systems\CS-Directory\venv\Lib\site-packages\django\core\cache\backends\locmem.py first seen with mtime 1651675281.936265
File C:\Users\nhall\Documents\Systems\CS-Directory\venv\Lib\site-packages\django\contrib\auth\migrations\0011_update_proxy_permissions.py first seen with mtime 1651675280.5439928
File C:\Users\nhall\Documents\Systems\CS-Directory\venv\Lib\site-packages\django\db\migrations\recorder.py first seen with mtime 1651675282.04429
File C:\Users\nhall\Documents\Systems\CS-Directory\venv\Lib\site-packages\django\contrib\auth\migrations\0006_require_contenttypes_0002.py first seen with mtime 1651675280.540992
File C:\Users\nhall\Documents\Systems\CS-Directory\venv\Lib\site-packages\django\contrib\auth\migrations\0008_alter_user_username_max_length.py first seen with mtime 1651675280.5419922
File C:\Users\nhall\Documents\Systems\CS-Directory\display\migrations\__init__.py first seen with mtime 1649963422.8667047
File C:\Users\nhall\Documents\Systems\CS-Directory\venv\Lib\site-packages\django\contrib\auth\migrations\0009_alter_user_last_name_max_length.py first seen with mtime 1651675280.5429926
File C:\Users\nhall\Documents\Systems\CS-Directory\venv\Lib\site-packages\django\db\migrations\graph.py first seen with mtime 1651675282.0402894
File C:\Users\nhall\Documents\Systems\CS-Directory\venv\Lib\site-packages\django\contrib\contenttypes\migrations\0002_remove_content_type_name.py first seen with mtime 1651675280.70903
File C:\Users\nhall\AppData\Local\Programs\Python\Python310\Lib\encodings\idna.py first seen with mtime 1648092104.0
File C:\Users\nhall\Documents\Systems\CS-Directory\venv\Lib\site-packages\django\contrib\auth\middleware.py first seen with mtime 1651675280.3699534
File C:\Users\nhall\Documents\Systems\CS-Directory\venv\Lib\site-packages\django\contrib\sessions\migrations\__init__.py first seen with mtime 1651675281.737222
File C:\Users\nhall\Documents\Systems\CS-Directory\venv\Lib\site-packages\django\contrib\sessions\middleware.py first seen with mtime 1651675281.5741847
File C:\Users\nhall\Documents\Systems\CS-Directory\venv\Lib\site-packages\django\contrib\sessions\backends\db.py first seen with mtime 1651675281.5791857
File C:\Users\nhall\Documents\Systems\CS-Directory\venv\Lib\site-packages\django\contrib\auth\backends.py first seen with mtime 1651675280.3649533
File C:\Users\nhall\Documents\Systems\CS-Directory\venv\Lib\site-packages\PIL\_imaging.cp310-win_amd64.pyd first seen with mtime 1651675335.5586615
File C:\Users\nhall\Documents\Systems\CS-Directory\venv\Lib\site-packages\django\db\models\sql\compiler.py first seen with mtime 1651675282.078298
File C:\Users\nhall\Documents\Systems\CS-Directory\venv\Lib\site-packages\django\contrib\admin\migrations\0002_logentry_remove_auto_add.py first seen with mtime 1651675280.0678854
File C:\Users\nhall\Documents\Systems\CS-Directory\venv\Lib\site-packages\django\views\csrf.py first seen with mtime 1651675282.2281842
File C:\Users\nhall\Documents\Systems\CS-Directory\venv\Lib\site-packages\django\db\migrations\loader.py first seen with mtime 1651675282.0412898
File C:\Users\nhall\Documents\Systems\CS-Directory\display\migrations\0001_initial.py first seen with mtime 1649963422.8667047
File C:\Users\nhall\Documents\Systems\CS-Directory\venv\Lib\site-packages\django\contrib\auth\migrations\0007_alter_validators_add_error_messages.py first seen with mtime 1651675280.5419922
File C:\Users\nhall\Documents\Systems\CS-Directory\venv\Lib\site-packages\django\contrib\auth\migrations\0004_alter_user_username_opts.py first seen with mtime 1651675280.5399916
(0.000) SELECT "display_facultymodel"."id", "display_facultymodel"."name", "display_facultymodel"."title", "display_facultymodel"."email", "display_facultymodel"."phone", "display_facultymodel"."pic", "display_facultymodel"."address", "display_facultymodel"."heading", "display_facultymodel"."website", "display_facultymodel"."bio", "display_facultymodel"."customIMG", "display_facultymodel"."edited" FROM "display_facultymodel"; args=(); alias=default
(0.000) SELECT "display_researchcategory"."id", "display_researchcategory"."title" FROM "display_researchcategory" INNER JOIN "display_facultymodel_researchTypes" ON ("display_researchcategory"."id" = "display_facultymodel_researchTypes"."researchcategory_id") WHERE "display_facultymodel_researchTypes"."facultymodel_id" = 1; args=(1,); alias=default
(0.000) SELECT "display_researchcategory"."id", "display_researchcategory"."title" FROM "display_researchcategory" INNER JOIN "display_facultymodel_researchTypes" ON ("display_researchcategory"."id" = "display_facultymodel_researchTypes"."researchcategory_id") WHERE "display_facultymodel_researchTypes"."facultymodel_id" = 2; args=(2,); alias=default
(0.000) SELECT "display_researchcategory"."id", "display_researchcategory"."title" FROM "display_researchcategory" INNER JOIN "display_facultymodel_researchTypes" ON ("display_researchcategory"."id" = "display_facultymodel_researchTypes"."researchcategory_id") WHERE "display_facultymodel_researchTypes"."facultymodel_id" = 3; args=(3,); alias=default
(0.000) SELECT "display_researchcategory"."id", "display_researchcategory"."title" FROM "display_researchcategory" INNER JOIN "display_facultymodel_researchTypes" ON ("display_researchcategory"."id" = "display_facultymodel_researchTypes"."researchcategory_id") WHERE "display_facultymodel_researchTypes"."facultymodel_id" = 4; args=(4,); alias=default
(0.000) SELECT "display_researchcategory"."id", "display_researchcategory"."title" FROM "display_researchcategory" INNER JOIN "display_facultymodel_researchTypes" ON ("display_researchcategory"."id" = "display_facultymodel_researchTypes"."researchcategory_id") WHERE "display_facultymodel_researchTypes"."facultymodel_id" = 5; args=(5,); alias=default
(0.000) SELECT "display_researchcategory"."id", "display_researchcategory"."title" FROM "display_researchcategory" INNER JOIN "display_facultymodel_researchTypes" ON ("display_researchcategory"."id" = "display_facultymodel_researchTypes"."researchcategory_id") WHERE "display_facultymodel_researchTypes"."facultymodel_id" = 6; args=(6,); alias=default
(0.000) SELECT "display_researchcategory"."id", "display_researchcategory"."title" FROM "display_researchcategory" INNER JOIN "display_facultymodel_researchTypes" ON ("display_researchcategory"."id" = "display_facultymodel_researchTypes"."researchcategory_id") WHERE "display_facultymodel_researchTypes"."facultymodel_id" = 7; args=(7,); alias=default
(0.000) SELECT "display_researchcategory"."id", "display_researchcategory"."title" FROM "display_researchcategory" INNER JOIN "display_facultymodel_researchTypes" ON ("display_researchcategory"."id" = "display_facultymodel_researchTypes"."researchcategory_id") WHERE "display_facultymodel_researchTypes"."facultymodel_id" = 8; args=(8,); alias=default
(0.000) SELECT "display_researchcategory"."id", "display_researchcategory"."title" FROM "display_researchcategory" INNER JOIN "display_facultymodel_researchTypes" ON ("display_researchcategory"."id" = "display_facultymodel_researchTypes"."researchcategory_id") WHERE "display_facultymodel_researchTypes"."facultymodel_id" = 9; args=(9,); alias=default
(0.000) SELECT "display_researchcategory"."id", "display_researchcategory"."title" FROM "display_researchcategory" INNER JOIN "display_facultymodel_researchTypes" ON ("display_researchcategory"."id" = "display_facultymodel_researchTypes"."researchcategory_id") WHERE "display_facultymodel_researchTypes"."facultymodel_id" = 10; args=(10,); alias=default
(0.000) SELECT "display_researchcategory"."id", "display_researchcategory"."title" FROM "display_researchcategory" INNER JOIN "display_facultymodel_researchTypes" ON ("display_researchcategory"."id" = "display_facultymodel_researchTypes"."researchcategory_id") WHERE "display_facultymodel_researchTypes"."facultymodel_id" = 11; args=(11,); alias=default
(0.000) SELECT "display_researchcategory"."id", "display_researchcategory"."title" FROM "display_researchcategory" INNER JOIN "display_facultymodel_researchTypes" ON ("display_researchcategory"."id" = "display_facultymodel_researchTypes"."researchcategory_id") WHERE "display_facultymodel_researchTypes"."facultymodel_id" = 12; args=(12,); alias=default
(0.000) SELECT "display_researchcategory"."id", "display_researchcategory"."title" FROM "display_researchcategory" INNER JOIN "display_facultymodel_researchTypes" ON ("display_researchcategory"."id" = "display_facultymodel_researchTypes"."researchcategory_id") WHERE "display_facultymodel_researchTypes"."facultymodel_id" = 13; args=(13,); alias=default
(0.000) SELECT "display_researchcategory"."id", "display_researchcategory"."title" FROM "display_researchcategory" INNER JOIN "display_facultymodel_researchTypes" ON ("display_researchcategory"."id" = "display_facultymodel_researchTypes"."researchcategory_id") WHERE "display_facultymodel_researchTypes"."facultymodel_id" = 14; args=(14,); alias=default
(0.000) SELECT "display_researchcategory"."id", "display_researchcategory"."title" FROM "display_researchcategory" INNER JOIN "display_facultymodel_researchTypes" ON ("display_researchcategory"."id" = "display_facultymodel_researchTypes"."researchcategory_id") WHERE "display_facultymodel_researchTypes"."facultymodel_id" = 15; args=(15,); alias=default
(0.000) SELECT "display_researchcategory"."id", "display_researchcategory"."title" FROM "display_researchcategory" INNER JOIN "display_facultymodel_researchTypes" ON ("display_researchcategory"."id" = "display_facultymodel_researchTypes"."researchcategory_id") WHERE "display_facultymodel_researchTypes"."facultymodel_id" = 16; args=(16,); alias=default
(0.000) SELECT "display_researchcategory"."id", "display_researchcategory"."title" FROM "display_researchcategory" INNER JOIN "display_facultymodel_researchTypes" ON ("display_researchcategory"."id" = "display_facultymodel_researchTypes"."researchcategory_id") WHERE "display_facultymodel_researchTypes"."facultymodel_id" = 17; args=(17,); alias=default
(0.000) SELECT "display_researchcategory"."id", "display_researchcategory"."title" FROM "display_researchcategory" INNER JOIN "display_facultymodel_researchTypes" ON ("display_researchcategory"."id" = "display_facultymodel_researchTypes"."researchcategory_id") WHERE "display_facultymodel_researchTypes"."facultymodel_id" = 18; args=(18,); alias=default
(0.000) SELECT "display_researchcategory"."id", "display_researchcategory"."title" FROM "display_researchcategory" INNER JOIN "display_facultymodel_researchTypes" ON ("display_researchcategory"."id" = "display_facultymodel_researchTypes"."researchcategory_id") WHERE "display_facultymodel_researchTypes"."facultymodel_id" = 19; args=(19,); alias=default
(0.000) SELECT "display_researchcategory"."id", "display_researchcategory"."title" FROM "display_researchcategory" INNER JOIN "display_facultymodel_researchTypes" ON ("display_researchcategory"."id" = "display_facultymodel_researchTypes"."researchcategory_id") WHERE "display_facultymodel_researchTypes"."facultymodel_id" = 20; args=(20,); alias=default
(0.000) SELECT "display_researchcategory"."id", "display_researchcategory"."title" FROM "display_researchcategory" INNER JOIN "display_facultymodel_researchTypes" ON ("display_researchcategory"."id" = "display_facultymodel_researchTypes"."researchcategory_id") WHERE "display_facultymodel_researchTypes"."facultymodel_id" = 21; args=(21,); alias=default
(0.000) SELECT "display_researchcategory"."id", "display_researchcategory"."title" FROM "display_researchcategory" INNER JOIN "display_facultymodel_researchTypes" ON ("display_researchcategory"."id" = "display_facultymodel_researchTypes"."researchcategory_id") WHERE "display_facultymodel_researchTypes"."facultymodel_id" = 22; args=(22,); alias=default
(0.000) SELECT "display_researchcategory"."id", "display_researchcategory"."title" FROM "display_researchcategory" INNER JOIN "display_facultymodel_researchTypes" ON ("display_researchcategory"."id" = "display_facultymodel_researchTypes"."researchcategory_id") WHERE "display_facultymodel_researchTypes"."facultymodel_id" = 23; args=(23,); alias=default
(0.000) SELECT "display_researchcategory"."id", "display_researchcategory"."title" FROM "display_researchcategory" INNER JOIN "display_facultymodel_researchTypes" ON ("display_researchcategory"."id" = "display_facultymodel_researchTypes"."researchcategory_id") WHERE "display_facultymodel_researchTypes"."facultymodel_id" = 24; args=(24,); alias=default
(0.000) SELECT "display_researchcategory"."id", "display_researchcategory"."title" FROM "display_researchcategory" INNER JOIN "display_facultymodel_researchTypes" ON ("display_researchcategory"."id" = "display_facultymodel_researchTypes"."researchcategory_id") WHERE "display_facultymodel_researchTypes"."facultymodel_id" = 25; args=(25,); alias=default
(0.000) SELECT "display_researchcategory"."id", "display_researchcategory"."title" FROM "display_researchcategory" INNER JOIN "display_facultymodel_researchTypes" ON ("display_researchcategory"."id" = "display_facultymodel_researchTypes"."researchcategory_id") WHERE "display_facultymodel_researchTypes"."facultymodel_id" = 26; args=(26,); alias=default
(0.000) SELECT "display_researchcategory"."id", "display_researchcategory"."title" FROM "display_researchcategory" INNER JOIN "display_facultymodel_researchTypes" ON ("display_researchcategory"."id" = "display_facultymodel_researchTypes"."researchcategory_id") WHERE "display_facultymodel_researchTypes"."facultymodel_id" = 27; args=(27,); alias=default
(0.000) SELECT "display_researchcategory"."id", "display_researchcategory"."title" FROM "display_researchcategory" INNER JOIN "display_facultymodel_researchTypes" ON ("display_researchcategory"."id" = "display_facultymodel_researchTypes"."researchcategory_id") WHERE "display_facultymodel_researchTypes"."facultymodel_id" = 28; args=(28,); alias=default
(0.000) SELECT "display_researchcategory"."id", "display_researchcategory"."title" FROM "display_researchcategory" INNER JOIN "display_facultymodel_researchTypes" ON ("display_researchcategory"."id" = "display_facultymodel_researchTypes"."researchcategory_id") WHERE "display_facultymodel_researchTypes"."facultymodel_id" = 29; args=(29,); alias=default
(0.000) SELECT "display_researchcategory"."id", "display_researchcategory"."title" FROM "display_researchcategory" INNER JOIN "display_facultymodel_researchTypes" ON ("display_researchcategory"."id" = "display_facultymodel_researchTypes"."researchcategory_id") WHERE "display_facultymodel_researchTypes"."facultymodel_id" = 30; args=(30,); alias=default
(0.000) SELECT "display_researchcategory"."id", "display_researchcategory"."title" FROM "display_researchcategory" INNER JOIN "display_facultymodel_researchTypes" ON ("display_researchcategory"."id" = "display_facultymodel_researchTypes"."researchcategory_id") WHERE "display_facultymodel_researchTypes"."facultymodel_id" = 31; args=(31,); alias=default
Exception while resolving variable 'fac' in template 'index.html'.
Traceback (most recent call last):
  File "C:\Users\nhall\Documents\Systems\CS-Directory\venv\lib\site-packages\django\template\base.py", line 875, in _resolve_lookup
    current = current[bit]
  File "C:\Users\nhall\Documents\Systems\CS-Directory\venv\lib\site-packages\django\template\context.py", line 83, in __getitem__
    raise KeyError(key)
KeyError: 'fac'

During handling of the above exception, another exception occurred:

Traceback (most recent call last):
  File "C:\Users\nhall\Documents\Systems\CS-Directory\venv\lib\site-packages\django\template\base.py", line 881, in _resolve_lookup
    if isinstance(current, BaseContext) and getattr(
AttributeError: type object 'RequestContext' has no attribute 'fac'

During handling of the above exception, another exception occurred:

Traceback (most recent call last):
  File "C:\Users\nhall\Documents\Systems\CS-Directory\venv\lib\site-packages\django\template\base.py", line 891, in _resolve_lookup
    current = current[int(bit)]
ValueError: invalid literal for int() with base 10: 'fac'

During handling of the above exception, another exception occurred:

Traceback (most recent call last):
  File "C:\Users\nhall\Documents\Systems\CS-Directory\venv\lib\site-packages\django\template\base.py", line 898, in _resolve_lookup
    raise VariableDoesNotExist(
django.template.base.VariableDoesNotExist: Failed lookup for key [fac] in [{'True': True, 'False': False, 'None': None}, {'csrf_token': <SimpleLazyObject: <function csrf.<locals>._get_val at 0x000001A51C651E10>>, 'request': <WSGIRequest: GET '/'>, 'user': <SimpleLazyObject: <function AuthenticationMiddleware.process_request.<locals>.<lambda> at 0x000001A51C87BF40>>, 'perms': PermWrapper(<SimpleLazyObject: <function AuthenticationMiddleware.process_request.<locals>.<lambda> at 0x000001A51C87BF40>>), 'messages': <FallbackStorage: request=<WSGIRequest: GET '/'>>, 'DEFAULT_MESSAGE_LEVELS': {'DEBUG': 10, 'INFO': 20, 'SUCCESS': 25, 'WARNING': 30, 'ERROR': 40}}, {}, {'faculty': <QuerySet [<FacultyModel: TestFac1>, <FacultyModel: Andrey Chernikov>, <FacultyModel: Dr. Ayman El Mesalami>, <FacultyModel: Rekha Gupta>, <FacultyModel: Yi He>, <FacultyModel: Soad Ibrahim>, <FacultyModel: Thomas Kennedy>, <FacultyModel: Lusi Li>, <FacultyModel: Ravi Mukkamala>, <FacultyModel: Prof. Stephan Olariu>, <FacultyModel: Gene Price>, <FacultyModel: Jiangwen Sun>, <FacultyModel: Cong Wang>, <FacultyModel: Hongyi Wu>, <FacultyModel: Susan Zehra>, <FacultyModel: Dr. Danella Zhao>, <FacultyModel: Nikos Chrisochoides>, <FacultyModel: Vikas Ganjigunte Ashok>, <FacultyModel: Shuai Hao>, <FacultyModel: Jing He>, '...(remaining elements truncated)...']>}, {'block': <Block Node: page_content. Contents: [<TextNode: '\n\n<section class="blog-li'>, <ForNode: for fac in faculty, tail_len: 23>, <TextNode: '\n        </div>\n    </div'>, <IncludeNode: template=<FilterExpression '"fac_modal.html"'>>, <TextNode: '\n'>]>}, {}]
(0.000) SELECT "django_session"."session_key", "django_session"."session_data", "django_session"."expire_date" FROM "django_session" WHERE ("django_session"."expire_date" > '2022-05-10 15:46:38.049310' AND "django_session"."session_key" = 'kxfzy9qnk4l985vzi0urk9fk2ws2z9fc') LIMIT 21; args=('2022-05-10 15:46:38.049310', 'kxfzy9qnk4l985vzi0urk9fk2ws2z9fc'); alias=default
(0.000) SELECT "auth_user"."id", "auth_user"."password", "auth_user"."last_login", "auth_user"."is_superuser", "auth_user"."username", "auth_user"."first_name", "auth_user"."last_name", "auth_user"."email", "auth_user"."is_staff", "auth_user"."is_active", "auth_user"."date_joined" FROM "auth_user" WHERE "auth_user"."id" = 1 LIMIT 21; args=(1,); alias=default
"GET / HTTP/1.1" 200 48421
File C:\Users\nhall\Documents\Systems\CS-Directory\venv\Lib\site-packages\django\contrib\messages\context_processors.py first seen with mtime 1651675281.262155
File C:\Users\nhall\Documents\Systems\CS-Directory\venv\Lib\site-packages\django\contrib\messages\storage\cookie.py first seen with mtime 1651675281.2661555
File C:\Users\nhall\Documents\Systems\CS-Directory\venv\Lib\site-packages\django\contrib\messages\storage\base.py first seen with mtime 1651675281.2651548
File C:\Users\nhall\Documents\Systems\CS-Directory\venv\Lib\site-packages\django\contrib\messages\storage\session.py first seen with mtime 1651675281.267156
File C:\Users\nhall\Documents\Systems\CS-Directory\venv\Lib\site-packages\django\contrib\messages\utils.py first seen with mtime 1651675281.2631574
File C:\Users\nhall\Documents\Systems\CS-Directory\venv\Lib\site-packages\django\contrib\sessions\serializers.py first seen with mtime 1651675281.576186
File C:\Users\nhall\Documents\Systems\CS-Directory\venv\Lib\site-packages\django\contrib\auth\context_processors.py first seen with mtime 1651675280.367953
File C:\Users\nhall\Documents\Systems\CS-Directory\venv\Lib\site-packages\django\contrib\messages\storage\fallback.py first seen with mtime 1651675281.267156
File C:\Users\nhall\Documents\Systems\CS-Directory\venv\Lib\site-packages\django\template\context_processors.py first seen with mtime 1651675282.163317
File C:\Users\nhall\Documents\Systems\CS-Directory\venv\Lib\site-packages\django\contrib\staticfiles\storage.py first seen with mtime 1651675281.9162621
(0.000) SELECT "django_session"."session_key", "django_session"."session_data", "django_session"."expire_date" FROM "django_session" WHERE ("django_session"."expire_date" > '2022-05-10 15:46:42.812824' AND "django_session"."session_key" = 'kxfzy9qnk4l985vzi0urk9fk2ws2z9fc') LIMIT 21; args=('2022-05-10 15:46:42.812824', 'kxfzy9qnk4l985vzi0urk9fk2ws2z9fc'); alias=default
(0.000) SELECT "auth_user"."id", "auth_user"."password", "auth_user"."last_login", "auth_user"."is_superuser", "auth_user"."username", "auth_user"."first_name", "auth_user"."last_name", "auth_user"."email", "auth_user"."is_staff", "auth_user"."is_active", "auth_user"."date_joined" FROM "auth_user" WHERE "auth_user"."id" = 1 LIMIT 21; args=(1,); alias=default
"GET /accounts/login/ HTTP/1.1" 200 2782
File C:\Users\nhall\Documents\Systems\CS-Directory\venv\Lib\site-packages\django\contrib\sites\requests.py first seen with mtime 1651675281.7472239
(0.000) SELECT "auth_user"."id", "auth_user"."password", "auth_user"."last_login", "auth_user"."is_superuser", "auth_user"."username", "auth_user"."first_name", "auth_user"."last_name", "auth_user"."email", "auth_user"."is_staff", "auth_user"."is_active", "auth_user"."date_joined" FROM "auth_user" WHERE "auth_user"."username" = 'systems' LIMIT 21; args=('systems',); alias=default
(0.000) SELECT "django_session"."session_key", "django_session"."session_data", "django_session"."expire_date" FROM "django_session" WHERE ("django_session"."expire_date" > '2022-05-10 15:46:44.688823' AND "django_session"."session_key" = 'kxfzy9qnk4l985vzi0urk9fk2ws2z9fc') LIMIT 21; args=('2022-05-10 15:46:44.688823', 'kxfzy9qnk4l985vzi0urk9fk2ws2z9fc'); alias=default
(0.000) UPDATE "auth_user" SET "last_login" = '2022-05-10 15:46:44.690824' WHERE "auth_user"."id" = 1; args=('2022-05-10 15:46:44.690824', 1); alias=default
(0.000) BEGIN; args=None; alias=default
(0.000) UPDATE "django_session" SET "session_data" = '.eJxVjDsOwjAQBe_iGlmO8ZeSnjNY610vDiBHipMKcXcSKQW0b2beWyRYl5rWXuY0kriIQZx-twz4LG0H9IB2nyRObZnHLHdFHrTL20TldT3cv4MKvW51QTKFc0RE7R0py3qIFoqx6IyLnjkGyEzeBz6HzSYN2mXC6JVSnMXnCxqFOTo:1noS4S:yvyUJRdFKcNE2NFVnyIARmvyQocxWUk6oDrEaETHe0k', "expire_date" = '2022-05-24 15:46:44.694819' WHERE "django_session"."session_key" = 'kxfzy9qnk4l985vzi0urk9fk2ws2z9fc'; args=('.eJxVjDsOwjAQBe_iGlmO8ZeSnjNY610vDiBHipMKcXcSKQW0b2beWyRYl5rWXuY0kriIQZx-twz4LG0H9IB2nyRObZnHLHdFHrTL20TldT3cv4MKvW51QTKFc0RE7R0py3qIFoqx6IyLnjkGyEzeBz6HzSYN2mXC6JVSnMXnCxqFOTo:1noS4S:yvyUJRdFKcNE2NFVnyIARmvyQocxWUk6oDrEaETHe0k', '2022-05-24 15:46:44.694819', 'kxfzy9qnk4l985vzi0urk9fk2ws2z9fc'); alias=default
"POST /accounts/login/ HTTP/1.1" 302 0
(0.000) SELECT "display_facultymodel"."id", "display_facultymodel"."name", "display_facultymodel"."title", "display_facultymodel"."email", "display_facultymodel"."phone", "display_facultymodel"."pic", "display_facultymodel"."address", "display_facultymodel"."heading", "display_facultymodel"."website", "display_facultymodel"."bio", "display_facultymodel"."customIMG", "display_facultymodel"."edited" FROM "display_facultymodel"; args=(); alias=default
(0.000) SELECT "display_researchcategory"."id", "display_researchcategory"."title" FROM "display_researchcategory" INNER JOIN "display_facultymodel_researchTypes" ON ("display_researchcategory"."id" = "display_facultymodel_researchTypes"."researchcategory_id") WHERE "display_facultymodel_researchTypes"."facultymodel_id" = 1; args=(1,); alias=default
(0.000) SELECT "display_researchcategory"."id", "display_researchcategory"."title" FROM "display_researchcategory" INNER JOIN "display_facultymodel_researchTypes" ON ("display_researchcategory"."id" = "display_facultymodel_researchTypes"."researchcategory_id") WHERE "display_facultymodel_researchTypes"."facultymodel_id" = 2; args=(2,); alias=default
(0.000) SELECT "display_researchcategory"."id", "display_researchcategory"."title" FROM "display_researchcategory" INNER JOIN "display_facultymodel_researchTypes" ON ("display_researchcategory"."id" = "display_facultymodel_researchTypes"."researchcategory_id") WHERE "display_facultymodel_researchTypes"."facultymodel_id" = 3; args=(3,); alias=default
(0.000) SELECT "display_researchcategory"."id", "display_researchcategory"."title" FROM "display_researchcategory" INNER JOIN "display_facultymodel_researchTypes" ON ("display_researchcategory"."id" = "display_facultymodel_researchTypes"."researchcategory_id") WHERE "display_facultymodel_researchTypes"."facultymodel_id" = 4; args=(4,); alias=default
(0.000) SELECT "display_researchcategory"."id", "display_researchcategory"."title" FROM "display_researchcategory" INNER JOIN "display_facultymodel_researchTypes" ON ("display_researchcategory"."id" = "display_facultymodel_researchTypes"."researchcategory_id") WHERE "display_facultymodel_researchTypes"."facultymodel_id" = 5; args=(5,); alias=default
(0.000) SELECT "display_researchcategory"."id", "display_researchcategory"."title" FROM "display_researchcategory" INNER JOIN "display_facultymodel_researchTypes" ON ("display_researchcategory"."id" = "display_facultymodel_researchTypes"."researchcategory_id") WHERE "display_facultymodel_researchTypes"."facultymodel_id" = 6; args=(6,); alias=default
(0.000) SELECT "display_researchcategory"."id", "display_researchcategory"."title" FROM "display_researchcategory" INNER JOIN "display_facultymodel_researchTypes" ON ("display_researchcategory"."id" = "display_facultymodel_researchTypes"."researchcategory_id") WHERE "display_facultymodel_researchTypes"."facultymodel_id" = 7; args=(7,); alias=default
(0.000) SELECT "display_researchcategory"."id", "display_researchcategory"."title" FROM "display_researchcategory" INNER JOIN "display_facultymodel_researchTypes" ON ("display_researchcategory"."id" = "display_facultymodel_researchTypes"."researchcategory_id") WHERE "display_facultymodel_researchTypes"."facultymodel_id" = 8; args=(8,); alias=default
(0.000) SELECT "display_researchcategory"."id", "display_researchcategory"."title" FROM "display_researchcategory" INNER JOIN "display_facultymodel_researchTypes" ON ("display_researchcategory"."id" = "display_facultymodel_researchTypes"."researchcategory_id") WHERE "display_facultymodel_researchTypes"."facultymodel_id" = 9; args=(9,); alias=default
(0.000) SELECT "display_researchcategory"."id", "display_researchcategory"."title" FROM "display_researchcategory" INNER JOIN "display_facultymodel_researchTypes" ON ("display_researchcategory"."id" = "display_facultymodel_researchTypes"."researchcategory_id") WHERE "display_facultymodel_researchTypes"."facultymodel_id" = 10; args=(10,); alias=default
(0.000) SELECT "display_researchcategory"."id", "display_researchcategory"."title" FROM "display_researchcategory" INNER JOIN "display_facultymodel_researchTypes" ON ("display_researchcategory"."id" = "display_facultymodel_researchTypes"."researchcategory_id") WHERE "display_facultymodel_researchTypes"."facultymodel_id" = 11; args=(11,); alias=default
(0.000) SELECT "display_researchcategory"."id", "display_researchcategory"."title" FROM "display_researchcategory" INNER JOIN "display_facultymodel_researchTypes" ON ("display_researchcategory"."id" = "display_facultymodel_researchTypes"."researchcategory_id") WHERE "display_facultymodel_researchTypes"."facultymodel_id" = 12; args=(12,); alias=default
(0.000) SELECT "display_researchcategory"."id", "display_researchcategory"."title" FROM "display_researchcategory" INNER JOIN "display_facultymodel_researchTypes" ON ("display_researchcategory"."id" = "display_facultymodel_researchTypes"."researchcategory_id") WHERE "display_facultymodel_researchTypes"."facultymodel_id" = 13; args=(13,); alias=default
(0.000) SELECT "display_researchcategory"."id", "display_researchcategory"."title" FROM "display_researchcategory" INNER JOIN "display_facultymodel_researchTypes" ON ("display_researchcategory"."id" = "display_facultymodel_researchTypes"."researchcategory_id") WHERE "display_facultymodel_researchTypes"."facultymodel_id" = 14; args=(14,); alias=default
(0.000) SELECT "display_researchcategory"."id", "display_researchcategory"."title" FROM "display_researchcategory" INNER JOIN "display_facultymodel_researchTypes" ON ("display_researchcategory"."id" = "display_facultymodel_researchTypes"."researchcategory_id") WHERE "display_facultymodel_researchTypes"."facultymodel_id" = 15; args=(15,); alias=default
(0.000) SELECT "display_researchcategory"."id", "display_researchcategory"."title" FROM "display_researchcategory" INNER JOIN "display_facultymodel_researchTypes" ON ("display_researchcategory"."id" = "display_facultymodel_researchTypes"."researchcategory_id") WHERE "display_facultymodel_researchTypes"."facultymodel_id" = 16; args=(16,); alias=default
(0.000) SELECT "display_researchcategory"."id", "display_researchcategory"."title" FROM "display_researchcategory" INNER JOIN "display_facultymodel_researchTypes" ON ("display_researchcategory"."id" = "display_facultymodel_researchTypes"."researchcategory_id") WHERE "display_facultymodel_researchTypes"."facultymodel_id" = 17; args=(17,); alias=default
(0.000) SELECT "display_researchcategory"."id", "display_researchcategory"."title" FROM "display_researchcategory" INNER JOIN "display_facultymodel_researchTypes" ON ("display_researchcategory"."id" = "display_facultymodel_researchTypes"."researchcategory_id") WHERE "display_facultymodel_researchTypes"."facultymodel_id" = 18; args=(18,); alias=default
(0.000) SELECT "display_researchcategory"."id", "display_researchcategory"."title" FROM "display_researchcategory" INNER JOIN "display_facultymodel_researchTypes" ON ("display_researchcategory"."id" = "display_facultymodel_researchTypes"."researchcategory_id") WHERE "display_facultymodel_researchTypes"."facultymodel_id" = 19; args=(19,); alias=default
(0.000) SELECT "display_researchcategory"."id", "display_researchcategory"."title" FROM "display_researchcategory" INNER JOIN "display_facultymodel_researchTypes" ON ("display_researchcategory"."id" = "display_facultymodel_researchTypes"."researchcategory_id") WHERE "display_facultymodel_researchTypes"."facultymodel_id" = 20; args=(20,); alias=default
(0.016) SELECT "display_researchcategory"."id", "display_researchcategory"."title" FROM "display_researchcategory" INNER JOIN "display_facultymodel_researchTypes" ON ("display_researchcategory"."id" = "display_facultymodel_researchTypes"."researchcategory_id") WHERE "display_facultymodel_researchTypes"."facultymodel_id" = 21; args=(21,); alias=default
(0.000) SELECT "display_researchcategory"."id", "display_researchcategory"."title" FROM "display_researchcategory" INNER JOIN "display_facultymodel_researchTypes" ON ("display_researchcategory"."id" = "display_facultymodel_researchTypes"."researchcategory_id") WHERE "display_facultymodel_researchTypes"."facultymodel_id" = 22; args=(22,); alias=default
(0.000) SELECT "display_researchcategory"."id", "display_researchcategory"."title" FROM "display_researchcategory" INNER JOIN "display_facultymodel_researchTypes" ON ("display_researchcategory"."id" = "display_facultymodel_researchTypes"."researchcategory_id") WHERE "display_facultymodel_researchTypes"."facultymodel_id" = 23; args=(23,); alias=default
(0.000) SELECT "display_researchcategory"."id", "display_researchcategory"."title" FROM "display_researchcategory" INNER JOIN "display_facultymodel_researchTypes" ON ("display_researchcategory"."id" = "display_facultymodel_researchTypes"."researchcategory_id") WHERE "display_facultymodel_researchTypes"."facultymodel_id" = 24; args=(24,); alias=default
(0.000) SELECT "display_researchcategory"."id", "display_researchcategory"."title" FROM "display_researchcategory" INNER JOIN "display_facultymodel_researchTypes" ON ("display_researchcategory"."id" = "display_facultymodel_researchTypes"."researchcategory_id") WHERE "display_facultymodel_researchTypes"."facultymodel_id" = 25; args=(25,); alias=default
(0.000) SELECT "display_researchcategory"."id", "display_researchcategory"."title" FROM "display_researchcategory" INNER JOIN "display_facultymodel_researchTypes" ON ("display_researchcategory"."id" = "display_facultymodel_researchTypes"."researchcategory_id") WHERE "display_facultymodel_researchTypes"."facultymodel_id" = 26; args=(26,); alias=default
(0.000) SELECT "display_researchcategory"."id", "display_researchcategory"."title" FROM "display_researchcategory" INNER JOIN "display_facultymodel_researchTypes" ON ("display_researchcategory"."id" = "display_facultymodel_researchTypes"."researchcategory_id") WHERE "display_facultymodel_researchTypes"."facultymodel_id" = 27; args=(27,); alias=default
(0.000) SELECT "display_researchcategory"."id", "display_researchcategory"."title" FROM "display_researchcategory" INNER JOIN "display_facultymodel_researchTypes" ON ("display_researchcategory"."id" = "display_facultymodel_researchTypes"."researchcategory_id") WHERE "display_facultymodel_researchTypes"."facultymodel_id" = 28; args=(28,); alias=default
(0.000) SELECT "display_researchcategory"."id", "display_researchcategory"."title" FROM "display_researchcategory" INNER JOIN "display_facultymodel_researchTypes" ON ("display_researchcategory"."id" = "display_facultymodel_researchTypes"."researchcategory_id") WHERE "display_facultymodel_researchTypes"."facultymodel_id" = 29; args=(29,); alias=default
(0.000) SELECT "display_researchcategory"."id", "display_researchcategory"."title" FROM "display_researchcategory" INNER JOIN "display_facultymodel_researchTypes" ON ("display_researchcategory"."id" = "display_facultymodel_researchTypes"."researchcategory_id") WHERE "display_facultymodel_researchTypes"."facultymodel_id" = 30; args=(30,); alias=default
(0.000) SELECT "display_researchcategory"."id", "display_researchcategory"."title" FROM "display_researchcategory" INNER JOIN "display_facultymodel_researchTypes" ON ("display_researchcategory"."id" = "display_facultymodel_researchTypes"."researchcategory_id") WHERE "display_facultymodel_researchTypes"."facultymodel_id" = 31; args=(31,); alias=default
Exception while resolving variable 'fac' in template 'index.html'.
Traceback (most recent call last):
  File "C:\Users\nhall\Documents\Systems\CS-Directory\venv\lib\site-packages\django\template\base.py", line 875, in _resolve_lookup
    current = current[bit]
  File "C:\Users\nhall\Documents\Systems\CS-Directory\venv\lib\site-packages\django\template\context.py", line 83, in __getitem__
    raise KeyError(key)
KeyError: 'fac'

During handling of the above exception, another exception occurred:

Traceback (most recent call last):
  File "C:\Users\nhall\Documents\Systems\CS-Directory\venv\lib\site-packages\django\template\base.py", line 881, in _resolve_lookup
    if isinstance(current, BaseContext) and getattr(
AttributeError: type object 'RequestContext' has no attribute 'fac'

During handling of the above exception, another exception occurred:

Traceback (most recent call last):
  File "C:\Users\nhall\Documents\Systems\CS-Directory\venv\lib\site-packages\django\template\base.py", line 891, in _resolve_lookup
    current = current[int(bit)]
ValueError: invalid literal for int() with base 10: 'fac'

During handling of the above exception, another exception occurred:

Traceback (most recent call last):
  File "C:\Users\nhall\Documents\Systems\CS-Directory\venv\lib\site-packages\django\template\base.py", line 898, in _resolve_lookup
    raise VariableDoesNotExist(
django.template.base.VariableDoesNotExist: Failed lookup for key [fac] in [{'True': True, 'False': False, 'None': None}, {'csrf_token': <SimpleLazyObject: <function csrf.<locals>._get_val at 0x000001A51C9417E0>>, 'request': <WSGIRequest: GET '/'>, 'user': <SimpleLazyObject: <function AuthenticationMiddleware.process_request.<locals>.<lambda> at 0x000001A51BD5F910>>, 'perms': PermWrapper(<SimpleLazyObject: <function AuthenticationMiddleware.process_request.<locals>.<lambda> at 0x000001A51BD5F910>>), 'messages': <FallbackStorage: request=<WSGIRequest: GET '/'>>, 'DEFAULT_MESSAGE_LEVELS': {'DEBUG': 10, 'INFO': 20, 'SUCCESS': 25, 'WARNING': 30, 'ERROR': 40}}, {}, {'faculty': <QuerySet [<FacultyModel: TestFac1>, <FacultyModel: Andrey Chernikov>, <FacultyModel: Dr. Ayman El Mesalami>, <FacultyModel: Rekha Gupta>, <FacultyModel: Yi He>, <FacultyModel: Soad Ibrahim>, <FacultyModel: Thomas Kennedy>, <FacultyModel: Lusi Li>, <FacultyModel: Ravi Mukkamala>, <FacultyModel: Prof. Stephan Olariu>, <FacultyModel: Gene Price>, <FacultyModel: Jiangwen Sun>, <FacultyModel: Cong Wang>, <FacultyModel: Hongyi Wu>, <FacultyModel: Susan Zehra>, <FacultyModel: Dr. Danella Zhao>, <FacultyModel: Nikos Chrisochoides>, <FacultyModel: Vikas Ganjigunte Ashok>, <FacultyModel: Shuai Hao>, <FacultyModel: Jing He>, '...(remaining elements truncated)...']>}, {'block': <Block Node: page_content. Contents: [<TextNode: '\n\n<section class="blog-li'>, <ForNode: for fac in faculty, tail_len: 23>, <TextNode: '\n        </div>\n    </div'>, <IncludeNode: template=<FilterExpression '"fac_modal.html"'>>, <TextNode: '\n'>]>}, {}]
(0.000) SELECT "django_session"."session_key", "django_session"."session_data", "django_session"."expire_date" FROM "django_session" WHERE ("django_session"."expire_date" > '2022-05-10 15:46:44.735837' AND "django_session"."session_key" = 'kxfzy9qnk4l985vzi0urk9fk2ws2z9fc') LIMIT 21; args=('2022-05-10 15:46:44.735837', 'kxfzy9qnk4l985vzi0urk9fk2ws2z9fc'); alias=default
(0.000) SELECT "auth_user"."id", "auth_user"."password", "auth_user"."last_login", "auth_user"."is_superuser", "auth_user"."username", "auth_user"."first_name", "auth_user"."last_name", "auth_user"."email", "auth_user"."is_staff", "auth_user"."is_active", "auth_user"."date_joined" FROM "auth_user" WHERE "auth_user"."id" = 1 LIMIT 21; args=(1,); alias=default
"GET / HTTP/1.1" 200 48421
File C:\Users\nhall\Documents\Systems\CS-Directory\venv\Lib\site-packages\django_auth_ldap\backend.py first seen with mtime 1651680113.3572416
(0.000) SELECT "display_facultymodel"."id", "display_facultymodel"."name", "display_facultymodel"."title", "display_facultymodel"."email", "display_facultymodel"."phone", "display_facultymodel"."pic", "display_facultymodel"."address", "display_facultymodel"."heading", "display_facultymodel"."website", "display_facultymodel"."bio", "display_facultymodel"."customIMG", "display_facultymodel"."edited" FROM "display_facultymodel" WHERE "display_facultymodel"."id" = 2 LIMIT 21; args=(2,); alias=default
(0.000) SELECT "display_researchcategory"."id", "display_researchcategory"."title" FROM "display_researchcategory" INNER JOIN "display_facultymodel_researchTypes" ON ("display_researchcategory"."id" = "display_facultymodel_researchTypes"."researchcategory_id") WHERE "display_facultymodel_researchTypes"."facultymodel_id" = 2; args=(2,); alias=default
(0.000) SELECT "django_session"."session_key", "django_session"."session_data", "django_session"."expire_date" FROM "django_session" WHERE ("django_session"."expire_date" > '2022-05-10 15:46:48.362646' AND "django_session"."session_key" = 'kxfzy9qnk4l985vzi0urk9fk2ws2z9fc') LIMIT 21; args=('2022-05-10 15:46:48.362646', 'kxfzy9qnk4l985vzi0urk9fk2ws2z9fc'); alias=default
(0.000) SELECT "auth_user"."id", "auth_user"."password", "auth_user"."last_login", "auth_user"."is_superuser", "auth_user"."username", "auth_user"."first_name", "auth_user"."last_name", "auth_user"."email", "auth_user"."is_staff", "auth_user"."is_active", "auth_user"."date_joined" FROM "auth_user" WHERE "auth_user"."id" = 1 LIMIT 21; args=(1,); alias=default
"GET /faculty/2 HTTP/1.1" 200 718
(0.000) SELECT "display_facultymodel"."id", "display_facultymodel"."name", "display_facultymodel"."title", "display_facultymodel"."email", "display_facultymodel"."phone", "display_facultymodel"."pic", "display_facultymodel"."address", "display_facultymodel"."heading", "display_facultymodel"."website", "display_facultymodel"."bio", "display_facultymodel"."customIMG", "display_facultymodel"."edited" FROM "display_facultymodel" WHERE "display_facultymodel"."id" = 4 LIMIT 21; args=(4,); alias=default
(0.000) SELECT "display_researchcategory"."id", "display_researchcategory"."title" FROM "display_researchcategory" INNER JOIN "display_facultymodel_researchTypes" ON ("display_researchcategory"."id" = "display_facultymodel_researchTypes"."researchcategory_id") WHERE "display_facultymodel_researchTypes"."facultymodel_id" = 4; args=(4,); alias=default
(0.000) SELECT "django_session"."session_key", "django_session"."session_data", "django_session"."expire_date" FROM "django_session" WHERE ("django_session"."expire_date" > '2022-05-10 15:46:51.221581' AND "django_session"."session_key" = 'kxfzy9qnk4l985vzi0urk9fk2ws2z9fc') LIMIT 21; args=('2022-05-10 15:46:51.221581', 'kxfzy9qnk4l985vzi0urk9fk2ws2z9fc'); alias=default
(0.000) SELECT "auth_user"."id", "auth_user"."password", "auth_user"."last_login", "auth_user"."is_superuser", "auth_user"."username", "auth_user"."first_name", "auth_user"."last_name", "auth_user"."email", "auth_user"."is_staff", "auth_user"."is_active", "auth_user"."date_joined" FROM "auth_user" WHERE "auth_user"."id" = 1 LIMIT 21; args=(1,); alias=default
"GET /faculty/4 HTTP/1.1" 200 696
(0.000) SELECT "display_facultymodel"."id", "display_facultymodel"."name", "display_facultymodel"."title", "display_facultymodel"."email", "display_facultymodel"."phone", "display_facultymodel"."pic", "display_facultymodel"."address", "display_facultymodel"."heading", "display_facultymodel"."website", "display_facultymodel"."bio", "display_facultymodel"."customIMG", "display_facultymodel"."edited" FROM "display_facultymodel"; args=(); alias=default
(0.000) SELECT "display_researchcategory"."id", "display_researchcategory"."title" FROM "display_researchcategory" INNER JOIN "display_facultymodel_researchTypes" ON ("display_researchcategory"."id" = "display_facultymodel_researchTypes"."researchcategory_id") WHERE "display_facultymodel_researchTypes"."facultymodel_id" = 1; args=(1,); alias=default
(0.000) SELECT "display_researchcategory"."id", "display_researchcategory"."title" FROM "display_researchcategory" INNER JOIN "display_facultymodel_researchTypes" ON ("display_researchcategory"."id" = "display_facultymodel_researchTypes"."researchcategory_id") WHERE "display_facultymodel_researchTypes"."facultymodel_id" = 2; args=(2,); alias=default
(0.000) SELECT "display_researchcategory"."id", "display_researchcategory"."title" FROM "display_researchcategory" INNER JOIN "display_facultymodel_researchTypes" ON ("display_researchcategory"."id" = "display_facultymodel_researchTypes"."researchcategory_id") WHERE "display_facultymodel_researchTypes"."facultymodel_id" = 3; args=(3,); alias=default
(0.000) SELECT "display_researchcategory"."id", "display_researchcategory"."title" FROM "display_researchcategory" INNER JOIN "display_facultymodel_researchTypes" ON ("display_researchcategory"."id" = "display_facultymodel_researchTypes"."researchcategory_id") WHERE "display_facultymodel_researchTypes"."facultymodel_id" = 4; args=(4,); alias=default
(0.000) SELECT "display_researchcategory"."id", "display_researchcategory"."title" FROM "display_researchcategory" INNER JOIN "display_facultymodel_researchTypes" ON ("display_researchcategory"."id" = "display_facultymodel_researchTypes"."researchcategory_id") WHERE "display_facultymodel_researchTypes"."facultymodel_id" = 5; args=(5,); alias=default
(0.000) SELECT "display_researchcategory"."id", "display_researchcategory"."title" FROM "display_researchcategory" INNER JOIN "display_facultymodel_researchTypes" ON ("display_researchcategory"."id" = "display_facultymodel_researchTypes"."researchcategory_id") WHERE "display_facultymodel_researchTypes"."facultymodel_id" = 6; args=(6,); alias=default
(0.000) SELECT "display_researchcategory"."id", "display_researchcategory"."title" FROM "display_researchcategory" INNER JOIN "display_facultymodel_researchTypes" ON ("display_researchcategory"."id" = "display_facultymodel_researchTypes"."researchcategory_id") WHERE "display_facultymodel_researchTypes"."facultymodel_id" = 7; args=(7,); alias=default
(0.000) SELECT "display_researchcategory"."id", "display_researchcategory"."title" FROM "display_researchcategory" INNER JOIN "display_facultymodel_researchTypes" ON ("display_researchcategory"."id" = "display_facultymodel_researchTypes"."researchcategory_id") WHERE "display_facultymodel_researchTypes"."facultymodel_id" = 8; args=(8,); alias=default
(0.000) SELECT "display_researchcategory"."id", "display_researchcategory"."title" FROM "display_researchcategory" INNER JOIN "display_facultymodel_researchTypes" ON ("display_researchcategory"."id" = "display_facultymodel_researchTypes"."researchcategory_id") WHERE "display_facultymodel_researchTypes"."facultymodel_id" = 9; args=(9,); alias=default
(0.000) SELECT "display_researchcategory"."id", "display_researchcategory"."title" FROM "display_researchcategory" INNER JOIN "display_facultymodel_researchTypes" ON ("display_researchcategory"."id" = "display_facultymodel_researchTypes"."researchcategory_id") WHERE "display_facultymodel_researchTypes"."facultymodel_id" = 10; args=(10,); alias=default
(0.000) SELECT "display_researchcategory"."id", "display_researchcategory"."title" FROM "display_researchcategory" INNER JOIN "display_facultymodel_researchTypes" ON ("display_researchcategory"."id" = "display_facultymodel_researchTypes"."researchcategory_id") WHERE "display_facultymodel_researchTypes"."facultymodel_id" = 11; args=(11,); alias=default
(0.000) SELECT "display_researchcategory"."id", "display_researchcategory"."title" FROM "display_researchcategory" INNER JOIN "display_facultymodel_researchTypes" ON ("display_researchcategory"."id" = "display_facultymodel_researchTypes"."researchcategory_id") WHERE "display_facultymodel_researchTypes"."facultymodel_id" = 12; args=(12,); alias=default
(0.000) SELECT "display_researchcategory"."id", "display_researchcategory"."title" FROM "display_researchcategory" INNER JOIN "display_facultymodel_researchTypes" ON ("display_researchcategory"."id" = "display_facultymodel_researchTypes"."researchcategory_id") WHERE "display_facultymodel_researchTypes"."facultymodel_id" = 13; args=(13,); alias=default
(0.000) SELECT "display_researchcategory"."id", "display_researchcategory"."title" FROM "display_researchcategory" INNER JOIN "display_facultymodel_researchTypes" ON ("display_researchcategory"."id" = "display_facultymodel_researchTypes"."researchcategory_id") WHERE "display_facultymodel_researchTypes"."facultymodel_id" = 14; args=(14,); alias=default
(0.000) SELECT "display_researchcategory"."id", "display_researchcategory"."title" FROM "display_researchcategory" INNER JOIN "display_facultymodel_researchTypes" ON ("display_researchcategory"."id" = "display_facultymodel_researchTypes"."researchcategory_id") WHERE "display_facultymodel_researchTypes"."facultymodel_id" = 15; args=(15,); alias=default
(0.000) SELECT "display_researchcategory"."id", "display_researchcategory"."title" FROM "display_researchcategory" INNER JOIN "display_facultymodel_researchTypes" ON ("display_researchcategory"."id" = "display_facultymodel_researchTypes"."researchcategory_id") WHERE "display_facultymodel_researchTypes"."facultymodel_id" = 16; args=(16,); alias=default
(0.000) SELECT "display_researchcategory"."id", "display_researchcategory"."title" FROM "display_researchcategory" INNER JOIN "display_facultymodel_researchTypes" ON ("display_researchcategory"."id" = "display_facultymodel_researchTypes"."researchcategory_id") WHERE "display_facultymodel_researchTypes"."facultymodel_id" = 17; args=(17,); alias=default
(0.000) SELECT "display_researchcategory"."id", "display_researchcategory"."title" FROM "display_researchcategory" INNER JOIN "display_facultymodel_researchTypes" ON ("display_researchcategory"."id" = "display_facultymodel_researchTypes"."researchcategory_id") WHERE "display_facultymodel_researchTypes"."facultymodel_id" = 18; args=(18,); alias=default
(0.000) SELECT "display_researchcategory"."id", "display_researchcategory"."title" FROM "display_researchcategory" INNER JOIN "display_facultymodel_researchTypes" ON ("display_researchcategory"."id" = "display_facultymodel_researchTypes"."researchcategory_id") WHERE "display_facultymodel_researchTypes"."facultymodel_id" = 19; args=(19,); alias=default
(0.000) SELECT "display_researchcategory"."id", "display_researchcategory"."title" FROM "display_researchcategory" INNER JOIN "display_facultymodel_researchTypes" ON ("display_researchcategory"."id" = "display_facultymodel_researchTypes"."researchcategory_id") WHERE "display_facultymodel_researchTypes"."facultymodel_id" = 20; args=(20,); alias=default
(0.000) SELECT "display_researchcategory"."id", "display_researchcategory"."title" FROM "display_researchcategory" INNER JOIN "display_facultymodel_researchTypes" ON ("display_researchcategory"."id" = "display_facultymodel_researchTypes"."researchcategory_id") WHERE "display_facultymodel_researchTypes"."facultymodel_id" = 21; args=(21,); alias=default
(0.000) SELECT "display_researchcategory"."id", "display_researchcategory"."title" FROM "display_researchcategory" INNER JOIN "display_facultymodel_researchTypes" ON ("display_researchcategory"."id" = "display_facultymodel_researchTypes"."researchcategory_id") WHERE "display_facultymodel_researchTypes"."facultymodel_id" = 22; args=(22,); alias=default
(0.000) SELECT "display_researchcategory"."id", "display_researchcategory"."title" FROM "display_researchcategory" INNER JOIN "display_facultymodel_researchTypes" ON ("display_researchcategory"."id" = "display_facultymodel_researchTypes"."researchcategory_id") WHERE "display_facultymodel_researchTypes"."facultymodel_id" = 23; args=(23,); alias=default
(0.000) SELECT "display_researchcategory"."id", "display_researchcategory"."title" FROM "display_researchcategory" INNER JOIN "display_facultymodel_researchTypes" ON ("display_researchcategory"."id" = "display_facultymodel_researchTypes"."researchcategory_id") WHERE "display_facultymodel_researchTypes"."facultymodel_id" = 24; args=(24,); alias=default
(0.000) SELECT "display_researchcategory"."id", "display_researchcategory"."title" FROM "display_researchcategory" INNER JOIN "display_facultymodel_researchTypes" ON ("display_researchcategory"."id" = "display_facultymodel_researchTypes"."researchcategory_id") WHERE "display_facultymodel_researchTypes"."facultymodel_id" = 25; args=(25,); alias=default
(0.000) SELECT "display_researchcategory"."id", "display_researchcategory"."title" FROM "display_researchcategory" INNER JOIN "display_facultymodel_researchTypes" ON ("display_researchcategory"."id" = "display_facultymodel_researchTypes"."researchcategory_id") WHERE "display_facultymodel_researchTypes"."facultymodel_id" = 26; args=(26,); alias=default
(0.000) SELECT "display_researchcategory"."id", "display_researchcategory"."title" FROM "display_researchcategory" INNER JOIN "display_facultymodel_researchTypes" ON ("display_researchcategory"."id" = "display_facultymodel_researchTypes"."researchcategory_id") WHERE "display_facultymodel_researchTypes"."facultymodel_id" = 27; args=(27,); alias=default
(0.000) SELECT "display_researchcategory"."id", "display_researchcategory"."title" FROM "display_researchcategory" INNER JOIN "display_facultymodel_researchTypes" ON ("display_researchcategory"."id" = "display_facultymodel_researchTypes"."researchcategory_id") WHERE "display_facultymodel_researchTypes"."facultymodel_id" = 28; args=(28,); alias=default
(0.000) SELECT "display_researchcategory"."id", "display_researchcategory"."title" FROM "display_researchcategory" INNER JOIN "display_facultymodel_researchTypes" ON ("display_researchcategory"."id" = "display_facultymodel_researchTypes"."researchcategory_id") WHERE "display_facultymodel_researchTypes"."facultymodel_id" = 29; args=(29,); alias=default
(0.000) SELECT "display_researchcategory"."id", "display_researchcategory"."title" FROM "display_researchcategory" INNER JOIN "display_facultymodel_researchTypes" ON ("display_researchcategory"."id" = "display_facultymodel_researchTypes"."researchcategory_id") WHERE "display_facultymodel_researchTypes"."facultymodel_id" = 30; args=(30,); alias=default
(0.000) SELECT "display_researchcategory"."id", "display_researchcategory"."title" FROM "display_researchcategory" INNER JOIN "display_facultymodel_researchTypes" ON ("display_researchcategory"."id" = "display_facultymodel_researchTypes"."researchcategory_id") WHERE "display_facultymodel_researchTypes"."facultymodel_id" = 31; args=(31,); alias=default
Exception while resolving variable 'fac' in template 'index.html'.
Traceback (most recent call last):
  File "C:\Users\nhall\Documents\Systems\CS-Directory\venv\lib\site-packages\django\template\base.py", line 875, in _resolve_lookup
    current = current[bit]
  File "C:\Users\nhall\Documents\Systems\CS-Directory\venv\lib\site-packages\django\template\context.py", line 83, in __getitem__
    raise KeyError(key)
KeyError: 'fac'

During handling of the above exception, another exception occurred:

Traceback (most recent call last):
  File "C:\Users\nhall\Documents\Systems\CS-Directory\venv\lib\site-packages\django\template\base.py", line 881, in _resolve_lookup
    if isinstance(current, BaseContext) and getattr(
AttributeError: type object 'RequestContext' has no attribute 'fac'

During handling of the above exception, another exception occurred:

Traceback (most recent call last):
  File "C:\Users\nhall\Documents\Systems\CS-Directory\venv\lib\site-packages\django\template\base.py", line 891, in _resolve_lookup
    current = current[int(bit)]
ValueError: invalid literal for int() with base 10: 'fac'

During handling of the above exception, another exception occurred:

Traceback (most recent call last):
  File "C:\Users\nhall\Documents\Systems\CS-Directory\venv\lib\site-packages\django\template\base.py", line 898, in _resolve_lookup
    raise VariableDoesNotExist(
django.template.base.VariableDoesNotExist: Failed lookup for key [fac] in [{'True': True, 'False': False, 'None': None}, {'csrf_token': <SimpleLazyObject: <function csrf.<locals>._get_val at 0x000001A51C7CF640>>, 'request': <WSGIRequest: GET '/'>, 'user': <SimpleLazyObject: <function AuthenticationMiddleware.process_request.<locals>.<lambda> at 0x000001A51C7CE950>>, 'perms': PermWrapper(<SimpleLazyObject: <function AuthenticationMiddleware.process_request.<locals>.<lambda> at 0x000001A51C7CE950>>), 'messages': <FallbackStorage: request=<WSGIRequest: GET '/'>>, 'DEFAULT_MESSAGE_LEVELS': {'DEBUG': 10, 'INFO': 20, 'SUCCESS': 25, 'WARNING': 30, 'ERROR': 40}}, {}, {'faculty': <QuerySet [<FacultyModel: TestFac1>, <FacultyModel: Andrey Chernikov>, <FacultyModel: Dr. Ayman El Mesalami>, <FacultyModel: Rekha Gupta>, <FacultyModel: Yi He>, <FacultyModel: Soad Ibrahim>, <FacultyModel: Thomas Kennedy>, <FacultyModel: Lusi Li>, <FacultyModel: Ravi Mukkamala>, <FacultyModel: Prof. Stephan Olariu>, <FacultyModel: Gene Price>, <FacultyModel: Jiangwen Sun>, <FacultyModel: Cong Wang>, <FacultyModel: Hongyi Wu>, <FacultyModel: Susan Zehra>, <FacultyModel: Dr. Danella Zhao>, <FacultyModel: Nikos Chrisochoides>, <FacultyModel: Vikas Ganjigunte Ashok>, <FacultyModel: Shuai Hao>, <FacultyModel: Jing He>, '...(remaining elements truncated)...']>}, {'block': <Block Node: page_content. Contents: [<TextNode: '\n\n<section class="blog-li'>, <ForNode: for fac in faculty, tail_len: 23>, <TextNode: '\n        </div>\n    </div'>, <IncludeNode: template=<FilterExpression '"fac_modal.html"'>>, <TextNode: '\n'>]>}, {}]
(0.000) SELECT "django_session"."session_key", "django_session"."session_data", "django_session"."expire_date" FROM "django_session" WHERE ("django_session"."expire_date" > '2022-05-10 15:46:54.872713' AND "django_session"."session_key" = 'kxfzy9qnk4l985vzi0urk9fk2ws2z9fc') LIMIT 21; args=('2022-05-10 15:46:54.872713', 'kxfzy9qnk4l985vzi0urk9fk2ws2z9fc'); alias=default
(0.000) SELECT "auth_user"."id", "auth_user"."password", "auth_user"."last_login", "auth_user"."is_superuser", "auth_user"."username", "auth_user"."first_name", "auth_user"."last_name", "auth_user"."email", "auth_user"."is_staff", "auth_user"."is_active", "auth_user"."date_joined" FROM "auth_user" WHERE "auth_user"."id" = 1 LIMIT 21; args=(1,); alias=default
"GET / HTTP/1.1" 200 48421
(0.000) SELECT "django_session"."session_key", "django_session"."session_data", "django_session"."expire_date" FROM "django_session" WHERE ("django_session"."expire_date" > '2022-05-10 15:47:47.840003' AND "django_session"."session_key" = 'kxfzy9qnk4l985vzi0urk9fk2ws2z9fc') LIMIT 21; args=('2022-05-10 15:47:47.840003', 'kxfzy9qnk4l985vzi0urk9fk2ws2z9fc'); alias=default
(0.000) SELECT "auth_user"."id", "auth_user"."password", "auth_user"."last_login", "auth_user"."is_superuser", "auth_user"."username", "auth_user"."first_name", "auth_user"."last_name", "auth_user"."email", "auth_user"."is_staff", "auth_user"."is_active", "auth_user"."date_joined" FROM "auth_user" WHERE "auth_user"."id" = 1 LIMIT 21; args=(1,); alias=default
"GET /accounts/login/ HTTP/1.1" 200 2782
(0.000) SELECT "auth_user"."id", "auth_user"."password", "auth_user"."last_login", "auth_user"."is_superuser", "auth_user"."username", "auth_user"."first_name", "auth_user"."last_name", "auth_user"."email", "auth_user"."is_staff", "auth_user"."is_active", "auth_user"."date_joined" FROM "auth_user" WHERE "auth_user"."username" = 'nallen' LIMIT 21; args=('nallen',); alias=default
(0.000) SELECT "django_session"."session_key", "django_session"."session_data", "django_session"."expire_date" FROM "django_session" WHERE ("django_session"."expire_date" > '2022-05-10 15:48:01.848851' AND "django_session"."session_key" = 'kxfzy9qnk4l985vzi0urk9fk2ws2z9fc') LIMIT 21; args=('2022-05-10 15:48:01.848851', 'kxfzy9qnk4l985vzi0urk9fk2ws2z9fc'); alias=default
(0.000) SELECT "auth_user"."id", "auth_user"."password", "auth_user"."last_login", "auth_user"."is_superuser", "auth_user"."username", "auth_user"."first_name", "auth_user"."last_name", "auth_user"."email", "auth_user"."is_staff", "auth_user"."is_active", "auth_user"."date_joined" FROM "auth_user" WHERE "auth_user"."id" = 1 LIMIT 21; args=(1,); alias=default
"POST /accounts/login/ HTTP/1.1" 200 2851
(0.000) SELECT "auth_user"."id", "auth_user"."password", "auth_user"."last_login", "auth_user"."is_superuser", "auth_user"."username", "auth_user"."first_name", "auth_user"."last_name", "auth_user"."email", "auth_user"."is_staff", "auth_user"."is_active", "auth_user"."date_joined" FROM "auth_user" WHERE "auth_user"."username" = 'systems' LIMIT 21; args=('systems',); alias=default
(0.000) SELECT "django_session"."session_key", "django_session"."session_data", "django_session"."expire_date" FROM "django_session" WHERE ("django_session"."expire_date" > '2022-05-10 15:50:23.132605' AND "django_session"."session_key" = 'kxfzy9qnk4l985vzi0urk9fk2ws2z9fc') LIMIT 21; args=('2022-05-10 15:50:23.132605', 'kxfzy9qnk4l985vzi0urk9fk2ws2z9fc'); alias=default
(0.000) UPDATE "auth_user" SET "last_login" = '2022-05-10 15:50:23.133612' WHERE "auth_user"."id" = 1; args=('2022-05-10 15:50:23.133612', 1); alias=default
(0.000) BEGIN; args=None; alias=default
(0.000) UPDATE "django_session" SET "session_data" = '.eJxVjDsOwjAQBe_iGlmO8ZeSnjNY610vDiBHipMKcXcSKQW0b2beWyRYl5rWXuY0kriIQZx-twz4LG0H9IB2nyRObZnHLHdFHrTL20TldT3cv4MKvW51QTKFc0RE7R0py3qIFoqx6IyLnjkGyEzeBz6HzSYN2mXC6JVSnMXnCxqFOTo:1noS7z:oFUUl6efYPg6CheJT3B5ErrM6nCmeYsw5Xs6KZFSSBU', "expire_date" = '2022-05-24 15:50:23.137603' WHERE "django_session"."session_key" = 'kxfzy9qnk4l985vzi0urk9fk2ws2z9fc'; args=('.eJxVjDsOwjAQBe_iGlmO8ZeSnjNY610vDiBHipMKcXcSKQW0b2beWyRYl5rWXuY0kriIQZx-twz4LG0H9IB2nyRObZnHLHdFHrTL20TldT3cv4MKvW51QTKFc0RE7R0py3qIFoqx6IyLnjkGyEzeBz6HzSYN2mXC6JVSnMXnCxqFOTo:1noS7z:oFUUl6efYPg6CheJT3B5ErrM6nCmeYsw5Xs6KZFSSBU', '2022-05-24 15:50:23.137603', 'kxfzy9qnk4l985vzi0urk9fk2ws2z9fc'); alias=default
"POST /accounts/login/ HTTP/1.1" 302 0
(0.000) SELECT "display_facultymodel"."id", "display_facultymodel"."name", "display_facultymodel"."title", "display_facultymodel"."email", "display_facultymodel"."phone", "display_facultymodel"."pic", "display_facultymodel"."address", "display_facultymodel"."heading", "display_facultymodel"."website", "display_facultymodel"."bio", "display_facultymodel"."customIMG", "display_facultymodel"."edited" FROM "display_facultymodel"; args=(); alias=default
(0.000) SELECT "display_researchcategory"."id", "display_researchcategory"."title" FROM "display_researchcategory" INNER JOIN "display_facultymodel_researchTypes" ON ("display_researchcategory"."id" = "display_facultymodel_researchTypes"."researchcategory_id") WHERE "display_facultymodel_researchTypes"."facultymodel_id" = 1; args=(1,); alias=default
(0.000) SELECT "display_researchcategory"."id", "display_researchcategory"."title" FROM "display_researchcategory" INNER JOIN "display_facultymodel_researchTypes" ON ("display_researchcategory"."id" = "display_facultymodel_researchTypes"."researchcategory_id") WHERE "display_facultymodel_researchTypes"."facultymodel_id" = 2; args=(2,); alias=default
(0.000) SELECT "display_researchcategory"."id", "display_researchcategory"."title" FROM "display_researchcategory" INNER JOIN "display_facultymodel_researchTypes" ON ("display_researchcategory"."id" = "display_facultymodel_researchTypes"."researchcategory_id") WHERE "display_facultymodel_researchTypes"."facultymodel_id" = 3; args=(3,); alias=default
(0.000) SELECT "display_researchcategory"."id", "display_researchcategory"."title" FROM "display_researchcategory" INNER JOIN "display_facultymodel_researchTypes" ON ("display_researchcategory"."id" = "display_facultymodel_researchTypes"."researchcategory_id") WHERE "display_facultymodel_researchTypes"."facultymodel_id" = 4; args=(4,); alias=default
(0.000) SELECT "display_researchcategory"."id", "display_researchcategory"."title" FROM "display_researchcategory" INNER JOIN "display_facultymodel_researchTypes" ON ("display_researchcategory"."id" = "display_facultymodel_researchTypes"."researchcategory_id") WHERE "display_facultymodel_researchTypes"."facultymodel_id" = 5; args=(5,); alias=default
(0.000) SELECT "display_researchcategory"."id", "display_researchcategory"."title" FROM "display_researchcategory" INNER JOIN "display_facultymodel_researchTypes" ON ("display_researchcategory"."id" = "display_facultymodel_researchTypes"."researchcategory_id") WHERE "display_facultymodel_researchTypes"."facultymodel_id" = 6; args=(6,); alias=default
(0.000) SELECT "display_researchcategory"."id", "display_researchcategory"."title" FROM "display_researchcategory" INNER JOIN "display_facultymodel_researchTypes" ON ("display_researchcategory"."id" = "display_facultymodel_researchTypes"."researchcategory_id") WHERE "display_facultymodel_researchTypes"."facultymodel_id" = 7; args=(7,); alias=default
(0.000) SELECT "display_researchcategory"."id", "display_researchcategory"."title" FROM "display_researchcategory" INNER JOIN "display_facultymodel_researchTypes" ON ("display_researchcategory"."id" = "display_facultymodel_researchTypes"."researchcategory_id") WHERE "display_facultymodel_researchTypes"."facultymodel_id" = 8; args=(8,); alias=default
(0.000) SELECT "display_researchcategory"."id", "display_researchcategory"."title" FROM "display_researchcategory" INNER JOIN "display_facultymodel_researchTypes" ON ("display_researchcategory"."id" = "display_facultymodel_researchTypes"."researchcategory_id") WHERE "display_facultymodel_researchTypes"."facultymodel_id" = 9; args=(9,); alias=default
(0.000) SELECT "display_researchcategory"."id", "display_researchcategory"."title" FROM "display_researchcategory" INNER JOIN "display_facultymodel_researchTypes" ON ("display_researchcategory"."id" = "display_facultymodel_researchTypes"."researchcategory_id") WHERE "display_facultymodel_researchTypes"."facultymodel_id" = 10; args=(10,); alias=default
(0.000) SELECT "display_researchcategory"."id", "display_researchcategory"."title" FROM "display_researchcategory" INNER JOIN "display_facultymodel_researchTypes" ON ("display_researchcategory"."id" = "display_facultymodel_researchTypes"."researchcategory_id") WHERE "display_facultymodel_researchTypes"."facultymodel_id" = 11; args=(11,); alias=default
(0.000) SELECT "display_researchcategory"."id", "display_researchcategory"."title" FROM "display_researchcategory" INNER JOIN "display_facultymodel_researchTypes" ON ("display_researchcategory"."id" = "display_facultymodel_researchTypes"."researchcategory_id") WHERE "display_facultymodel_researchTypes"."facultymodel_id" = 12; args=(12,); alias=default
(0.000) SELECT "display_researchcategory"."id", "display_researchcategory"."title" FROM "display_researchcategory" INNER JOIN "display_facultymodel_researchTypes" ON ("display_researchcategory"."id" = "display_facultymodel_researchTypes"."researchcategory_id") WHERE "display_facultymodel_researchTypes"."facultymodel_id" = 13; args=(13,); alias=default
(0.000) SELECT "display_researchcategory"."id", "display_researchcategory"."title" FROM "display_researchcategory" INNER JOIN "display_facultymodel_researchTypes" ON ("display_researchcategory"."id" = "display_facultymodel_researchTypes"."researchcategory_id") WHERE "display_facultymodel_researchTypes"."facultymodel_id" = 14; args=(14,); alias=default
(0.000) SELECT "display_researchcategory"."id", "display_researchcategory"."title" FROM "display_researchcategory" INNER JOIN "display_facultymodel_researchTypes" ON ("display_researchcategory"."id" = "display_facultymodel_researchTypes"."researchcategory_id") WHERE "display_facultymodel_researchTypes"."facultymodel_id" = 15; args=(15,); alias=default
(0.000) SELECT "display_researchcategory"."id", "display_researchcategory"."title" FROM "display_researchcategory" INNER JOIN "display_facultymodel_researchTypes" ON ("display_researchcategory"."id" = "display_facultymodel_researchTypes"."researchcategory_id") WHERE "display_facultymodel_researchTypes"."facultymodel_id" = 16; args=(16,); alias=default
(0.000) SELECT "display_researchcategory"."id", "display_researchcategory"."title" FROM "display_researchcategory" INNER JOIN "display_facultymodel_researchTypes" ON ("display_researchcategory"."id" = "display_facultymodel_researchTypes"."researchcategory_id") WHERE "display_facultymodel_researchTypes"."facultymodel_id" = 17; args=(17,); alias=default
(0.000) SELECT "display_researchcategory"."id", "display_researchcategory"."title" FROM "display_researchcategory" INNER JOIN "display_facultymodel_researchTypes" ON ("display_researchcategory"."id" = "display_facultymodel_researchTypes"."researchcategory_id") WHERE "display_facultymodel_researchTypes"."facultymodel_id" = 18; args=(18,); alias=default
(0.000) SELECT "display_researchcategory"."id", "display_researchcategory"."title" FROM "display_researchcategory" INNER JOIN "display_facultymodel_researchTypes" ON ("display_researchcategory"."id" = "display_facultymodel_researchTypes"."researchcategory_id") WHERE "display_facultymodel_researchTypes"."facultymodel_id" = 19; args=(19,); alias=default
(0.000) SELECT "display_researchcategory"."id", "display_researchcategory"."title" FROM "display_researchcategory" INNER JOIN "display_facultymodel_researchTypes" ON ("display_researchcategory"."id" = "display_facultymodel_researchTypes"."researchcategory_id") WHERE "display_facultymodel_researchTypes"."facultymodel_id" = 20; args=(20,); alias=default
(0.000) SELECT "display_researchcategory"."id", "display_researchcategory"."title" FROM "display_researchcategory" INNER JOIN "display_facultymodel_researchTypes" ON ("display_researchcategory"."id" = "display_facultymodel_researchTypes"."researchcategory_id") WHERE "display_facultymodel_researchTypes"."facultymodel_id" = 21; args=(21,); alias=default
(0.000) SELECT "display_researchcategory"."id", "display_researchcategory"."title" FROM "display_researchcategory" INNER JOIN "display_facultymodel_researchTypes" ON ("display_researchcategory"."id" = "display_facultymodel_researchTypes"."researchcategory_id") WHERE "display_facultymodel_researchTypes"."facultymodel_id" = 22; args=(22,); alias=default
(0.000) SELECT "display_researchcategory"."id", "display_researchcategory"."title" FROM "display_researchcategory" INNER JOIN "display_facultymodel_researchTypes" ON ("display_researchcategory"."id" = "display_facultymodel_researchTypes"."researchcategory_id") WHERE "display_facultymodel_researchTypes"."facultymodel_id" = 23; args=(23,); alias=default
(0.000) SELECT "display_researchcategory"."id", "display_researchcategory"."title" FROM "display_researchcategory" INNER JOIN "display_facultymodel_researchTypes" ON ("display_researchcategory"."id" = "display_facultymodel_researchTypes"."researchcategory_id") WHERE "display_facultymodel_researchTypes"."facultymodel_id" = 24; args=(24,); alias=default
(0.000) SELECT "display_researchcategory"."id", "display_researchcategory"."title" FROM "display_researchcategory" INNER JOIN "display_facultymodel_researchTypes" ON ("display_researchcategory"."id" = "display_facultymodel_researchTypes"."researchcategory_id") WHERE "display_facultymodel_researchTypes"."facultymodel_id" = 25; args=(25,); alias=default
(0.000) SELECT "display_researchcategory"."id", "display_researchcategory"."title" FROM "display_researchcategory" INNER JOIN "display_facultymodel_researchTypes" ON ("display_researchcategory"."id" = "display_facultymodel_researchTypes"."researchcategory_id") WHERE "display_facultymodel_researchTypes"."facultymodel_id" = 26; args=(26,); alias=default
(0.000) SELECT "display_researchcategory"."id", "display_researchcategory"."title" FROM "display_researchcategory" INNER JOIN "display_facultymodel_researchTypes" ON ("display_researchcategory"."id" = "display_facultymodel_researchTypes"."researchcategory_id") WHERE "display_facultymodel_researchTypes"."facultymodel_id" = 27; args=(27,); alias=default
(0.000) SELECT "display_researchcategory"."id", "display_researchcategory"."title" FROM "display_researchcategory" INNER JOIN "display_facultymodel_researchTypes" ON ("display_researchcategory"."id" = "display_facultymodel_researchTypes"."researchcategory_id") WHERE "display_facultymodel_researchTypes"."facultymodel_id" = 28; args=(28,); alias=default
(0.000) SELECT "display_researchcategory"."id", "display_researchcategory"."title" FROM "display_researchcategory" INNER JOIN "display_facultymodel_researchTypes" ON ("display_researchcategory"."id" = "display_facultymodel_researchTypes"."researchcategory_id") WHERE "display_facultymodel_researchTypes"."facultymodel_id" = 29; args=(29,); alias=default
(0.000) SELECT "display_researchcategory"."id", "display_researchcategory"."title" FROM "display_researchcategory" INNER JOIN "display_facultymodel_researchTypes" ON ("display_researchcategory"."id" = "display_facultymodel_researchTypes"."researchcategory_id") WHERE "display_facultymodel_researchTypes"."facultymodel_id" = 30; args=(30,); alias=default
(0.000) SELECT "display_researchcategory"."id", "display_researchcategory"."title" FROM "display_researchcategory" INNER JOIN "display_facultymodel_researchTypes" ON ("display_researchcategory"."id" = "display_facultymodel_researchTypes"."researchcategory_id") WHERE "display_facultymodel_researchTypes"."facultymodel_id" = 31; args=(31,); alias=default
Exception while resolving variable 'fac' in template 'index.html'.
Traceback (most recent call last):
  File "C:\Users\nhall\Documents\Systems\CS-Directory\venv\lib\site-packages\django\template\base.py", line 875, in _resolve_lookup
    current = current[bit]
  File "C:\Users\nhall\Documents\Systems\CS-Directory\venv\lib\site-packages\django\template\context.py", line 83, in __getitem__
    raise KeyError(key)
KeyError: 'fac'

During handling of the above exception, another exception occurred:

Traceback (most recent call last):
  File "C:\Users\nhall\Documents\Systems\CS-Directory\venv\lib\site-packages\django\template\base.py", line 881, in _resolve_lookup
    if isinstance(current, BaseContext) and getattr(
AttributeError: type object 'RequestContext' has no attribute 'fac'

During handling of the above exception, another exception occurred:

Traceback (most recent call last):
  File "C:\Users\nhall\Documents\Systems\CS-Directory\venv\lib\site-packages\django\template\base.py", line 891, in _resolve_lookup
    current = current[int(bit)]
ValueError: invalid literal for int() with base 10: 'fac'

During handling of the above exception, another exception occurred:

Traceback (most recent call last):
  File "C:\Users\nhall\Documents\Systems\CS-Directory\venv\lib\site-packages\django\template\base.py", line 898, in _resolve_lookup
    raise VariableDoesNotExist(
django.template.base.VariableDoesNotExist: Failed lookup for key [fac] in [{'True': True, 'False': False, 'None': None}, {'csrf_token': <SimpleLazyObject: <function csrf.<locals>._get_val at 0x000001A51C7CE170>>, 'request': <WSGIRequest: GET '/'>, 'user': <SimpleLazyObject: <function AuthenticationMiddleware.process_request.<locals>.<lambda> at 0x000001A51C983F40>>, 'perms': PermWrapper(<SimpleLazyObject: <function AuthenticationMiddleware.process_request.<locals>.<lambda> at 0x000001A51C983F40>>), 'messages': <FallbackStorage: request=<WSGIRequest: GET '/'>>, 'DEFAULT_MESSAGE_LEVELS': {'DEBUG': 10, 'INFO': 20, 'SUCCESS': 25, 'WARNING': 30, 'ERROR': 40}}, {}, {'faculty': <QuerySet [<FacultyModel: TestFac1>, <FacultyModel: Andrey Chernikov>, <FacultyModel: Dr. Ayman El Mesalami>, <FacultyModel: Rekha Gupta>, <FacultyModel: Yi He>, <FacultyModel: Soad Ibrahim>, <FacultyModel: Thomas Kennedy>, <FacultyModel: Lusi Li>, <FacultyModel: Ravi Mukkamala>, <FacultyModel: Prof. Stephan Olariu>, <FacultyModel: Gene Price>, <FacultyModel: Jiangwen Sun>, <FacultyModel: Cong Wang>, <FacultyModel: Hongyi Wu>, <FacultyModel: Susan Zehra>, <FacultyModel: Dr. Danella Zhao>, <FacultyModel: Nikos Chrisochoides>, <FacultyModel: Vikas Ganjigunte Ashok>, <FacultyModel: Shuai Hao>, <FacultyModel: Jing He>, '...(remaining elements truncated)...']>}, {'block': <Block Node: page_content. Contents: [<TextNode: '\n\n<section class="blog-li'>, <ForNode: for fac in faculty, tail_len: 23>, <TextNode: '\n        </div>\n    </div'>, <IncludeNode: template=<FilterExpression '"fac_modal.html"'>>, <TextNode: '\n'>]>}, {}]
(0.000) SELECT "django_session"."session_key", "django_session"."session_data", "django_session"."expire_date" FROM "django_session" WHERE ("django_session"."expire_date" > '2022-05-10 15:50:23.183615' AND "django_session"."session_key" = 'kxfzy9qnk4l985vzi0urk9fk2ws2z9fc') LIMIT 21; args=('2022-05-10 15:50:23.183615', 'kxfzy9qnk4l985vzi0urk9fk2ws2z9fc'); alias=default
(0.000) SELECT "auth_user"."id", "auth_user"."password", "auth_user"."last_login", "auth_user"."is_superuser", "auth_user"."username", "auth_user"."first_name", "auth_user"."last_name", "auth_user"."email", "auth_user"."is_staff", "auth_user"."is_active", "auth_user"."date_joined" FROM "auth_user" WHERE "auth_user"."id" = 1 LIMIT 21; args=(1,); alias=default
"GET / HTTP/1.1" 200 48421
File C:\Users\nhall\Documents\Systems\CS-Directory\FacultyDisplay\settings.py previous mtime: 1652197550.1502247, current mtime: 1652198865.986669
C:\Users\nhall\Documents\Systems\CS-Directory\FacultyDisplay\settings.py notified as changed. Signal results: [(<function template_changed at 0x000001A51B38DBD0>, None), (<function translation_file_changed at 0x000001A51BB50550>, None)].
C:\Users\nhall\Documents\Systems\CS-Directory\FacultyDisplay\settings.py changed, reloading.
